Compilation failed:
    source file: '/Users/BrightLand/Envy/_opencv/cmake/checks/cpu_popcnt.cpp'
    check option: ''
===== BUILD LOG =====
Change Dir: /Users/BrightLand/Envy/OpenCV/CMakeFiles/CMakeTmp

Run Build Command(s):/usr/bin/xcodebuild -project CMAKE_TRY_COMPILE.xcodeproj build -target cmTC_9d06a -parallelizeTargets -configuration Release -hideShellScriptEnvironment && Command line invocation:
    /Applications/Xcode.app/Contents/Developer/usr/bin/xcodebuild -project CMAKE_TRY_COMPILE.xcodeproj build -target cmTC_9d06a -parallelizeTargets -configuration Release -hideShellScriptEnvironment

User defaults from command line:
    HideShellScriptEnvironment = YES
    IDEPackageSupportUseBuiltinSCM = YES

note: Using new build system
note: Planning
Analyze workspace

Create build description
Build description signature: 24836d7f7ce3fc271c02758c54b02d60
Build description path: /Users/BrightLand/Envy/OpenCV/CMakeFiles/CMakeTmp/build/XCBuildData/24836d7f7ce3fc271c02758c54b02d60-desc.xcbuild

note: Build preparation complete
note: Building targets in dependency order
CreateBuildDirectory /Users/BrightLand/Envy/OpenCV/CMakeFiles/CMakeTmp
    cd /Users/BrightLand/Envy/OpenCV/CMakeFiles/CMakeTmp/CMAKE_TRY_COMPILE.xcodeproj
    builtin-create-build-directory /Users/BrightLand/Envy/OpenCV/CMakeFiles/CMakeTmp

CreateBuildDirectory /Users/BrightLand/Envy/OpenCV/CMakeFiles/CMakeTmp/Release
    cd /Users/BrightLand/Envy/OpenCV/CMakeFiles/CMakeTmp/CMAKE_TRY_COMPILE.xcodeproj
    builtin-create-build-directory /Users/BrightLand/Envy/OpenCV/CMakeFiles/CMakeTmp/Release

WriteAuxiliaryFile /Users/BrightLand/Envy/OpenCV/CMakeFiles/CMakeTmp/CMAKE_TRY_COMPILE.build/Release/cmTC_9d06a.build/Objects-normal/x86_64/cmTC_9d06a.LinkFileList (in target 'cmTC_9d06a' from project 'CMAKE_TRY_COMPILE')
    cd /Users/BrightLand/Envy/OpenCV/CMakeFiles/CMakeTmp
    write-file /Users/BrightLand/Envy/OpenCV/CMakeFiles/CMakeTmp/CMAKE_TRY_COMPILE.build/Release/cmTC_9d06a.build/Objects-normal/x86_64/cmTC_9d06a.LinkFileList

CompileC /Users/BrightLand/Envy/OpenCV/CMakeFiles/CMakeTmp/CMAKE_TRY_COMPILE.build/Release/cmTC_9d06a.build/Objects-normal/x86_64/cpu_popcnt.o /Users/BrightLand/Envy/_opencv/cmake/checks/cpu_popcnt.cpp normal x86_64 c++ com.apple.compilers.llvm.clang.1_0.compiler (in target 'cmTC_9d06a' from project 'CMAKE_TRY_COMPILE')
    cd /Users/BrightLand/Envy/OpenCV/CMakeFiles/CMakeTmp
    /Applications/Xcode.app/Contents/Developer/Toolchains/XcodeDefault.xctoolchain/usr/bin/clang -x c++ -target x86_64-apple-macos12.1 -fmessage-length\=0 -fdiagnostics-show-note-include-stack -fmacro-backtrace-limit\=0 -Wno-trigraphs -fpascal-strings -O3 -Wno-missing-field-initializers -Wno-missing-prototypes -Wno-return-type -Wno-non-virtual-dtor -Wno-overloaded-virtual -Wno-exit-time-destructors -Wno-missing-braces -Wparentheses -Wswitch -Wno-unused-function -Wno-unused-label -Wno-unused-parameter -Wno-unused-variable -Wunused-value -Wno-empty-body -Wno-uninitialized -Wno-unknown-pragmas -Wno-shadow -Wno-four-char-constants -Wno-conversion -Wno-constant-conversion -Wno-int-conversion -Wno-bool-conversion -Wno-enum-conversion -Wno-float-conversion -Wno-non-literal-null-conversion -Wno-objc-literal-conversion -Wno-shorten-64-to-32 -Wno-newline-eof -Wno-c++11-extensions -DCMAKE_INTDIR\=\"Release\" -isysroot /Applications/Xcode.app/Contents/Developer/Platforms/MacOSX.platform/Developer/SDKs/MacOSX12.1.sdk -fasm-blocks -fstrict-aliasing -Wdeprecated-declarations -Winvalid-offsetof -Wno-sign-conversion -Wno-infinite-recursion -Wno-move -Wno-comma -Wno-block-capture-autoreleasing -Wno-strict-prototypes -Wno-range-loop-analysis -Wno-semicolon-before-method-body -I/Users/BrightLand/Envy/OpenCV/CMakeFiles/CMakeTmp/Release/include -I/Users/BrightLand/Envy/OpenCV/CMakeFiles/CMakeTmp/CMAKE_TRY_COMPILE.build/Release/cmTC_9d06a.build/DerivedSources-normal/x86_64 -I/Users/BrightLand/Envy/OpenCV/CMakeFiles/CMakeTmp/CMAKE_TRY_COMPILE.build/Release/cmTC_9d06a.build/DerivedSources/x86_64 -I/Users/BrightLand/Envy/OpenCV/CMakeFiles/CMakeTmp/CMAKE_TRY_COMPILE.build/Release/cmTC_9d06a.build/DerivedSources -F/Users/BrightLand/Envy/OpenCV/CMakeFiles/CMakeTmp/Release -DNDEBUG -fPIE -std\=c++11 -MMD -MT dependencies -MF /Users/BrightLand/Envy/OpenCV/CMakeFiles/CMakeTmp/CMAKE_TRY_COMPILE.build/Release/cmTC_9d06a.build/Objects-normal/x86_64/cpu_popcnt.d --serialize-diagnostics /Users/BrightLand/Envy/OpenCV/CMakeFiles/CMakeTmp/CMAKE_TRY_COMPILE.build/Release/cmTC_9d06a.build/Objects-normal/x86_64/cpu_popcnt.dia -c /Users/BrightLand/Envy/_opencv/cmake/checks/cpu_popcnt.cpp -o /Users/BrightLand/Envy/OpenCV/CMakeFiles/CMakeTmp/CMAKE_TRY_COMPILE.build/Release/cmTC_9d06a.build/Objects-normal/x86_64/cpu_popcnt.o
/Users/BrightLand/Envy/_opencv/cmake/checks/cpu_popcnt.cpp:14:4: error: "__POPCNT__ is not defined by compiler"
#  error "__POPCNT__ is not defined by compiler"
   ^
/Users/BrightLand/Envy/_opencv/cmake/checks/cpu_popcnt.cpp:22:13: error: use of undeclared identifier 'CV_POPCNT_U32'
    int j = CV_POPCNT_U32(1);
            ^
2 errors generated.

** BUILD FAILED **


The following build commands failed:
	CompileC /Users/BrightLand/Envy/OpenCV/CMakeFiles/CMakeTmp/CMAKE_TRY_COMPILE.build/Release/cmTC_9d06a.build/Objects-normal/x86_64/cpu_popcnt.o /Users/BrightLand/Envy/_opencv/cmake/checks/cpu_popcnt.cpp normal x86_64 c++ com.apple.compilers.llvm.clang.1_0.compiler (in target 'cmTC_9d06a' from project 'CMAKE_TRY_COMPILE')
(1 failure)


===== END =====

Compilation failed:
    source file: '/Users/BrightLand/Envy/_opencv/cmake/checks/cpu_sse42.cpp'
    check option: ''
===== BUILD LOG =====
Change Dir: /Users/BrightLand/Envy/OpenCV/CMakeFiles/CMakeTmp

Run Build Command(s):/usr/bin/xcodebuild -project CMAKE_TRY_COMPILE.xcodeproj build -target cmTC_14ae4 -parallelizeTargets -configuration Release -hideShellScriptEnvironment && Command line invocation:
    /Applications/Xcode.app/Contents/Developer/usr/bin/xcodebuild -project CMAKE_TRY_COMPILE.xcodeproj build -target cmTC_14ae4 -parallelizeTargets -configuration Release -hideShellScriptEnvironment

User defaults from command line:
    HideShellScriptEnvironment = YES
    IDEPackageSupportUseBuiltinSCM = YES

note: Using new build system
note: Planning
Analyze workspace

Create build description
Build description signature: 827a669e12e7288eb4e3d85d117e22bf
Build description path: /Users/BrightLand/Envy/OpenCV/CMakeFiles/CMakeTmp/build/XCBuildData/827a669e12e7288eb4e3d85d117e22bf-desc.xcbuild

note: Build preparation complete
note: Building targets in dependency order
CreateBuildDirectory /Users/BrightLand/Envy/OpenCV/CMakeFiles/CMakeTmp
    cd /Users/BrightLand/Envy/OpenCV/CMakeFiles/CMakeTmp/CMAKE_TRY_COMPILE.xcodeproj
    builtin-create-build-directory /Users/BrightLand/Envy/OpenCV/CMakeFiles/CMakeTmp

CreateBuildDirectory /Users/BrightLand/Envy/OpenCV/CMakeFiles/CMakeTmp/Release
    cd /Users/BrightLand/Envy/OpenCV/CMakeFiles/CMakeTmp/CMAKE_TRY_COMPILE.xcodeproj
    builtin-create-build-directory /Users/BrightLand/Envy/OpenCV/CMakeFiles/CMakeTmp/Release

CompileC /Users/BrightLand/Envy/OpenCV/CMakeFiles/CMakeTmp/CMAKE_TRY_COMPILE.build/Release/cmTC_14ae4.build/Objects-normal/x86_64/cpu_sse42.o /Users/BrightLand/Envy/_opencv/cmake/checks/cpu_sse42.cpp normal x86_64 c++ com.apple.compilers.llvm.clang.1_0.compiler (in target 'cmTC_14ae4' from project 'CMAKE_TRY_COMPILE')
    cd /Users/BrightLand/Envy/OpenCV/CMakeFiles/CMakeTmp
    /Applications/Xcode.app/Contents/Developer/Toolchains/XcodeDefault.xctoolchain/usr/bin/clang -x c++ -target x86_64-apple-macos12.1 -fmessage-length\=0 -fdiagnostics-show-note-include-stack -fmacro-backtrace-limit\=0 -Wno-trigraphs -fpascal-strings -O3 -Wno-missing-field-initializers -Wno-missing-prototypes -Wno-return-type -Wno-non-virtual-dtor -Wno-overloaded-virtual -Wno-exit-time-destructors -Wno-missing-braces -Wparentheses -Wswitch -Wno-unused-function -Wno-unused-label -Wno-unused-parameter -Wno-unused-variable -Wunused-value -Wno-empty-body -Wno-uninitialized -Wno-unknown-pragmas -Wno-shadow -Wno-four-char-constants -Wno-conversion -Wno-constant-conversion -Wno-int-conversion -Wno-bool-conversion -Wno-enum-conversion -Wno-float-conversion -Wno-non-literal-null-conversion -Wno-objc-literal-conversion -Wno-shorten-64-to-32 -Wno-newline-eof -Wno-c++11-extensions -DCMAKE_INTDIR\=\"Release\" -isysroot /Applications/Xcode.app/Contents/Developer/Platforms/MacOSX.platform/Developer/SDKs/MacOSX12.1.sdk -fasm-blocks -fstrict-aliasing -Wdeprecated-declarations -Winvalid-offsetof -Wno-sign-conversion -Wno-infinite-recursion -Wno-move -Wno-comma -Wno-block-capture-autoreleasing -Wno-strict-prototypes -Wno-range-loop-analysis -Wno-semicolon-before-method-body -I/Users/BrightLand/Envy/OpenCV/CMakeFiles/CMakeTmp/Release/include -I/Users/BrightLand/Envy/OpenCV/CMakeFiles/CMakeTmp/CMAKE_TRY_COMPILE.build/Release/cmTC_14ae4.build/DerivedSources-normal/x86_64 -I/Users/BrightLand/Envy/OpenCV/CMakeFiles/CMakeTmp/CMAKE_TRY_COMPILE.build/Release/cmTC_14ae4.build/DerivedSources/x86_64 -I/Users/BrightLand/Envy/OpenCV/CMakeFiles/CMakeTmp/CMAKE_TRY_COMPILE.build/Release/cmTC_14ae4.build/DerivedSources -F/Users/BrightLand/Envy/OpenCV/CMakeFiles/CMakeTmp/Release -DNDEBUG -fPIE -std\=c++11 -MMD -MT dependencies -MF /Users/BrightLand/Envy/OpenCV/CMakeFiles/CMakeTmp/CMAKE_TRY_COMPILE.build/Release/cmTC_14ae4.build/Objects-normal/x86_64/cpu_sse42.d --serialize-diagnostics /Users/BrightLand/Envy/OpenCV/CMakeFiles/CMakeTmp/CMAKE_TRY_COMPILE.build/Release/cmTC_14ae4.build/Objects-normal/x86_64/cpu_sse42.dia -c /Users/BrightLand/Envy/_opencv/cmake/checks/cpu_sse42.cpp -o /Users/BrightLand/Envy/OpenCV/CMakeFiles/CMakeTmp/CMAKE_TRY_COMPILE.build/Release/cmTC_14ae4.build/Objects-normal/x86_64/cpu_sse42.o
/Users/BrightLand/Envy/_opencv/cmake/checks/cpu_sse42.cpp:5:24: error: always_inline function '_mm_crc32_u8' requires target feature 'sse4.2', but would be inlined into function 'main' that is compiled without support for 'sse4.2'
    unsigned int res = _mm_crc32_u8(1, 2);
                       ^
1 error generated.

WriteAuxiliaryFile /Users/BrightLand/Envy/OpenCV/CMakeFiles/CMakeTmp/CMAKE_TRY_COMPILE.build/Release/cmTC_14ae4.build/Objects-normal/x86_64/cmTC_14ae4.LinkFileList (in target 'cmTC_14ae4' from project 'CMAKE_TRY_COMPILE')
    cd /Users/BrightLand/Envy/OpenCV/CMakeFiles/CMakeTmp
    write-file /Users/BrightLand/Envy/OpenCV/CMakeFiles/CMakeTmp/CMAKE_TRY_COMPILE.build/Release/cmTC_14ae4.build/Objects-normal/x86_64/cmTC_14ae4.LinkFileList

** BUILD FAILED **


The following build commands failed:
	CompileC /Users/BrightLand/Envy/OpenCV/CMakeFiles/CMakeTmp/CMAKE_TRY_COMPILE.build/Release/cmTC_14ae4.build/Objects-normal/x86_64/cpu_sse42.o /Users/BrightLand/Envy/_opencv/cmake/checks/cpu_sse42.cpp normal x86_64 c++ com.apple.compilers.llvm.clang.1_0.compiler (in target 'cmTC_14ae4' from project 'CMAKE_TRY_COMPILE')
(1 failure)


===== END =====

Compilation failed:
    source file: '/Users/BrightLand/Envy/_opencv/cmake/checks/cpu_fp16.cpp'
    check option: ''
===== BUILD LOG =====
Change Dir: /Users/BrightLand/Envy/OpenCV/CMakeFiles/CMakeTmp

Run Build Command(s):/usr/bin/xcodebuild -project CMAKE_TRY_COMPILE.xcodeproj build -target cmTC_c97e7 -parallelizeTargets -configuration Release -hideShellScriptEnvironment && Command line invocation:
    /Applications/Xcode.app/Contents/Developer/usr/bin/xcodebuild -project CMAKE_TRY_COMPILE.xcodeproj build -target cmTC_c97e7 -parallelizeTargets -configuration Release -hideShellScriptEnvironment

User defaults from command line:
    HideShellScriptEnvironment = YES
    IDEPackageSupportUseBuiltinSCM = YES

note: Using new build system
note: Planning
Analyze workspace

Create build description
Build description signature: 9e68dbad891252ff33c7946e3c481a73
Build description path: /Users/BrightLand/Envy/OpenCV/CMakeFiles/CMakeTmp/build/XCBuildData/9e68dbad891252ff33c7946e3c481a73-desc.xcbuild

note: Build preparation complete
note: Building targets in dependency order
CreateBuildDirectory /Users/BrightLand/Envy/OpenCV/CMakeFiles/CMakeTmp
    cd /Users/BrightLand/Envy/OpenCV/CMakeFiles/CMakeTmp/CMAKE_TRY_COMPILE.xcodeproj
    builtin-create-build-directory /Users/BrightLand/Envy/OpenCV/CMakeFiles/CMakeTmp

CreateBuildDirectory /Users/BrightLand/Envy/OpenCV/CMakeFiles/CMakeTmp/Release
    cd /Users/BrightLand/Envy/OpenCV/CMakeFiles/CMakeTmp/CMAKE_TRY_COMPILE.xcodeproj
    builtin-create-build-directory /Users/BrightLand/Envy/OpenCV/CMakeFiles/CMakeTmp/Release

WriteAuxiliaryFile /Users/BrightLand/Envy/OpenCV/CMakeFiles/CMakeTmp/CMAKE_TRY_COMPILE.build/Release/cmTC_c97e7.build/Objects-normal/x86_64/cmTC_c97e7.LinkFileList (in target 'cmTC_c97e7' from project 'CMAKE_TRY_COMPILE')
    cd /Users/BrightLand/Envy/OpenCV/CMakeFiles/CMakeTmp
    write-file /Users/BrightLand/Envy/OpenCV/CMakeFiles/CMakeTmp/CMAKE_TRY_COMPILE.build/Release/cmTC_c97e7.build/Objects-normal/x86_64/cmTC_c97e7.LinkFileList

CompileC /Users/BrightLand/Envy/OpenCV/CMakeFiles/CMakeTmp/CMAKE_TRY_COMPILE.build/Release/cmTC_c97e7.build/Objects-normal/x86_64/cpu_fp16.o /Users/BrightLand/Envy/_opencv/cmake/checks/cpu_fp16.cpp normal x86_64 c++ com.apple.compilers.llvm.clang.1_0.compiler (in target 'cmTC_c97e7' from project 'CMAKE_TRY_COMPILE')
    cd /Users/BrightLand/Envy/OpenCV/CMakeFiles/CMakeTmp
    /Applications/Xcode.app/Contents/Developer/Toolchains/XcodeDefault.xctoolchain/usr/bin/clang -x c++ -target x86_64-apple-macos12.1 -fmessage-length\=0 -fdiagnostics-show-note-include-stack -fmacro-backtrace-limit\=0 -Wno-trigraphs -fpascal-strings -O3 -Wno-missing-field-initializers -Wno-missing-prototypes -Wno-return-type -Wno-non-virtual-dtor -Wno-overloaded-virtual -Wno-exit-time-destructors -Wno-missing-braces -Wparentheses -Wswitch -Wno-unused-function -Wno-unused-label -Wno-unused-parameter -Wno-unused-variable -Wunused-value -Wno-empty-body -Wno-uninitialized -Wno-unknown-pragmas -Wno-shadow -Wno-four-char-constants -Wno-conversion -Wno-constant-conversion -Wno-int-conversion -Wno-bool-conversion -Wno-enum-conversion -Wno-float-conversion -Wno-non-literal-null-conversion -Wno-objc-literal-conversion -Wno-shorten-64-to-32 -Wno-newline-eof -Wno-c++11-extensions -DCMAKE_INTDIR\=\"Release\" -isysroot /Applications/Xcode.app/Contents/Developer/Platforms/MacOSX.platform/Developer/SDKs/MacOSX12.1.sdk -fasm-blocks -fstrict-aliasing -Wdeprecated-declarations -Winvalid-offsetof -Wno-sign-conversion -Wno-infinite-recursion -Wno-move -Wno-comma -Wno-block-capture-autoreleasing -Wno-strict-prototypes -Wno-range-loop-analysis -Wno-semicolon-before-method-body -I/Users/BrightLand/Envy/OpenCV/CMakeFiles/CMakeTmp/Release/include -I/Users/BrightLand/Envy/OpenCV/CMakeFiles/CMakeTmp/CMAKE_TRY_COMPILE.build/Release/cmTC_c97e7.build/DerivedSources-normal/x86_64 -I/Users/BrightLand/Envy/OpenCV/CMakeFiles/CMakeTmp/CMAKE_TRY_COMPILE.build/Release/cmTC_c97e7.build/DerivedSources/x86_64 -I/Users/BrightLand/Envy/OpenCV/CMakeFiles/CMakeTmp/CMAKE_TRY_COMPILE.build/Release/cmTC_c97e7.build/DerivedSources -F/Users/BrightLand/Envy/OpenCV/CMakeFiles/CMakeTmp/Release -DNDEBUG -fPIE -std\=c++11 -MMD -MT dependencies -MF /Users/BrightLand/Envy/OpenCV/CMakeFiles/CMakeTmp/CMAKE_TRY_COMPILE.build/Release/cmTC_c97e7.build/Objects-normal/x86_64/cpu_fp16.d --serialize-diagnostics /Users/BrightLand/Envy/OpenCV/CMakeFiles/CMakeTmp/CMAKE_TRY_COMPILE.build/Release/cmTC_c97e7.build/Objects-normal/x86_64/cpu_fp16.dia -c /Users/BrightLand/Envy/_opencv/cmake/checks/cpu_fp16.cpp -o /Users/BrightLand/Envy/OpenCV/CMakeFiles/CMakeTmp/CMAKE_TRY_COMPILE.build/Release/cmTC_c97e7.build/Objects-normal/x86_64/cpu_fp16.o
/Users/BrightLand/Envy/_opencv/cmake/checks/cpu_fp16.cpp:26:2: error: "FP16 is not supported"
#error "FP16 is not supported"
 ^
/Users/BrightLand/Envy/_opencv/cmake/checks/cpu_fp16.cpp:31:18: error: use of undeclared identifier 'test'
  printf("%d\n", test());
                 ^
2 errors generated.

** BUILD FAILED **


The following build commands failed:
	CompileC /Users/BrightLand/Envy/OpenCV/CMakeFiles/CMakeTmp/CMAKE_TRY_COMPILE.build/Release/cmTC_c97e7.build/Objects-normal/x86_64/cpu_fp16.o /Users/BrightLand/Envy/_opencv/cmake/checks/cpu_fp16.cpp normal x86_64 c++ com.apple.compilers.llvm.clang.1_0.compiler (in target 'cmTC_c97e7' from project 'CMAKE_TRY_COMPILE')
(1 failure)


===== END =====

Compilation failed:
    source file: '/Users/BrightLand/Envy/_opencv/cmake/checks/cpu_avx.cpp'
    check option: ''
===== BUILD LOG =====
Change Dir: /Users/BrightLand/Envy/OpenCV/CMakeFiles/CMakeTmp

Run Build Command(s):/usr/bin/xcodebuild -project CMAKE_TRY_COMPILE.xcodeproj build -target cmTC_99347 -parallelizeTargets -configuration Release -hideShellScriptEnvironment && Command line invocation:
    /Applications/Xcode.app/Contents/Developer/usr/bin/xcodebuild -project CMAKE_TRY_COMPILE.xcodeproj build -target cmTC_99347 -parallelizeTargets -configuration Release -hideShellScriptEnvironment

User defaults from command line:
    HideShellScriptEnvironment = YES
    IDEPackageSupportUseBuiltinSCM = YES

note: Using new build system
note: Planning
Analyze workspace

Create build description
Build description signature: 80a14e4ff3c0be27656ace1108c6284e
Build description path: /Users/BrightLand/Envy/OpenCV/CMakeFiles/CMakeTmp/build/XCBuildData/80a14e4ff3c0be27656ace1108c6284e-desc.xcbuild

note: Build preparation complete
note: Building targets in dependency order
CreateBuildDirectory /Users/BrightLand/Envy/OpenCV/CMakeFiles/CMakeTmp
    cd /Users/BrightLand/Envy/OpenCV/CMakeFiles/CMakeTmp/CMAKE_TRY_COMPILE.xcodeproj
    builtin-create-build-directory /Users/BrightLand/Envy/OpenCV/CMakeFiles/CMakeTmp

CreateBuildDirectory /Users/BrightLand/Envy/OpenCV/CMakeFiles/CMakeTmp/Release
    cd /Users/BrightLand/Envy/OpenCV/CMakeFiles/CMakeTmp/CMAKE_TRY_COMPILE.xcodeproj
    builtin-create-build-directory /Users/BrightLand/Envy/OpenCV/CMakeFiles/CMakeTmp/Release

CompileC /Users/BrightLand/Envy/OpenCV/CMakeFiles/CMakeTmp/CMAKE_TRY_COMPILE.build/Release/cmTC_99347.build/Objects-normal/x86_64/cpu_avx.o /Users/BrightLand/Envy/_opencv/cmake/checks/cpu_avx.cpp normal x86_64 c++ com.apple.compilers.llvm.clang.1_0.compiler (in target 'cmTC_99347' from project 'CMAKE_TRY_COMPILE')
    cd /Users/BrightLand/Envy/OpenCV/CMakeFiles/CMakeTmp
    /Applications/Xcode.app/Contents/Developer/Toolchains/XcodeDefault.xctoolchain/usr/bin/clang -x c++ -target x86_64-apple-macos12.1 -fmessage-length\=0 -fdiagnostics-show-note-include-stack -fmacro-backtrace-limit\=0 -Wno-trigraphs -fpascal-strings -O3 -Wno-missing-field-initializers -Wno-missing-prototypes -Wno-return-type -Wno-non-virtual-dtor -Wno-overloaded-virtual -Wno-exit-time-destructors -Wno-missing-braces -Wparentheses -Wswitch -Wno-unused-function -Wno-unused-label -Wno-unused-parameter -Wno-unused-variable -Wunused-value -Wno-empty-body -Wno-uninitialized -Wno-unknown-pragmas -Wno-shadow -Wno-four-char-constants -Wno-conversion -Wno-constant-conversion -Wno-int-conversion -Wno-bool-conversion -Wno-enum-conversion -Wno-float-conversion -Wno-non-literal-null-conversion -Wno-objc-literal-conversion -Wno-shorten-64-to-32 -Wno-newline-eof -Wno-c++11-extensions -DCMAKE_INTDIR\=\"Release\" -isysroot /Applications/Xcode.app/Contents/Developer/Platforms/MacOSX.platform/Developer/SDKs/MacOSX12.1.sdk -fasm-blocks -fstrict-aliasing -Wdeprecated-declarations -Winvalid-offsetof -Wno-sign-conversion -Wno-infinite-recursion -Wno-move -Wno-comma -Wno-block-capture-autoreleasing -Wno-strict-prototypes -Wno-range-loop-analysis -Wno-semicolon-before-method-body -I/Users/BrightLand/Envy/OpenCV/CMakeFiles/CMakeTmp/Release/include -I/Users/BrightLand/Envy/OpenCV/CMakeFiles/CMakeTmp/CMAKE_TRY_COMPILE.build/Release/cmTC_99347.build/DerivedSources-normal/x86_64 -I/Users/BrightLand/Envy/OpenCV/CMakeFiles/CMakeTmp/CMAKE_TRY_COMPILE.build/Release/cmTC_99347.build/DerivedSources/x86_64 -I/Users/BrightLand/Envy/OpenCV/CMakeFiles/CMakeTmp/CMAKE_TRY_COMPILE.build/Release/cmTC_99347.build/DerivedSources -F/Users/BrightLand/Envy/OpenCV/CMakeFiles/CMakeTmp/Release -DNDEBUG -fPIE -std\=c++11 -MMD -MT dependencies -MF /Users/BrightLand/Envy/OpenCV/CMakeFiles/CMakeTmp/CMAKE_TRY_COMPILE.build/Release/cmTC_99347.build/Objects-normal/x86_64/cpu_avx.d --serialize-diagnostics /Users/BrightLand/Envy/OpenCV/CMakeFiles/CMakeTmp/CMAKE_TRY_COMPILE.build/Release/cmTC_99347.build/Objects-normal/x86_64/cpu_avx.dia -c /Users/BrightLand/Envy/_opencv/cmake/checks/cpu_avx.cpp -o /Users/BrightLand/Envy/OpenCV/CMakeFiles/CMakeTmp/CMAKE_TRY_COMPILE.build/Release/cmTC_99347.build/Objects-normal/x86_64/cpu_avx.o
/Users/BrightLand/Envy/_opencv/cmake/checks/cpu_avx.cpp:2:2: error: "__AVX__ define is missing"
#error "__AVX__ define is missing"
 ^
1 error generated.

WriteAuxiliaryFile /Users/BrightLand/Envy/OpenCV/CMakeFiles/CMakeTmp/CMAKE_TRY_COMPILE.build/Release/cmTC_99347.build/Objects-normal/x86_64/cmTC_99347.LinkFileList (in target 'cmTC_99347' from project 'CMAKE_TRY_COMPILE')
    cd /Users/BrightLand/Envy/OpenCV/CMakeFiles/CMakeTmp
    write-file /Users/BrightLand/Envy/OpenCV/CMakeFiles/CMakeTmp/CMAKE_TRY_COMPILE.build/Release/cmTC_99347.build/Objects-normal/x86_64/cmTC_99347.LinkFileList

** BUILD FAILED **


The following build commands failed:
	CompileC /Users/BrightLand/Envy/OpenCV/CMakeFiles/CMakeTmp/CMAKE_TRY_COMPILE.build/Release/cmTC_99347.build/Objects-normal/x86_64/cpu_avx.o /Users/BrightLand/Envy/_opencv/cmake/checks/cpu_avx.cpp normal x86_64 c++ com.apple.compilers.llvm.clang.1_0.compiler (in target 'cmTC_99347' from project 'CMAKE_TRY_COMPILE')
(1 failure)


===== END =====

Compilation failed:
    source file: '/Users/BrightLand/Envy/_opencv/cmake/checks/cpu_avx2.cpp'
    check option: ''
===== BUILD LOG =====
Change Dir: /Users/BrightLand/Envy/OpenCV/CMakeFiles/CMakeTmp

Run Build Command(s):/usr/bin/xcodebuild -project CMAKE_TRY_COMPILE.xcodeproj build -target cmTC_c6469 -parallelizeTargets -configuration Release -hideShellScriptEnvironment && Command line invocation:
    /Applications/Xcode.app/Contents/Developer/usr/bin/xcodebuild -project CMAKE_TRY_COMPILE.xcodeproj build -target cmTC_c6469 -parallelizeTargets -configuration Release -hideShellScriptEnvironment

User defaults from command line:
    HideShellScriptEnvironment = YES
    IDEPackageSupportUseBuiltinSCM = YES

note: Using new build system
note: Planning
Analyze workspace

Create build description
Build description signature: fa6461a1603d70e8bcc62ba53503303b
Build description path: /Users/BrightLand/Envy/OpenCV/CMakeFiles/CMakeTmp/build/XCBuildData/fa6461a1603d70e8bcc62ba53503303b-desc.xcbuild

note: Build preparation complete
note: Building targets in dependency order
CreateBuildDirectory /Users/BrightLand/Envy/OpenCV/CMakeFiles/CMakeTmp
    cd /Users/BrightLand/Envy/OpenCV/CMakeFiles/CMakeTmp/CMAKE_TRY_COMPILE.xcodeproj
    builtin-create-build-directory /Users/BrightLand/Envy/OpenCV/CMakeFiles/CMakeTmp

CreateBuildDirectory /Users/BrightLand/Envy/OpenCV/CMakeFiles/CMakeTmp/Release
    cd /Users/BrightLand/Envy/OpenCV/CMakeFiles/CMakeTmp/CMAKE_TRY_COMPILE.xcodeproj
    builtin-create-build-directory /Users/BrightLand/Envy/OpenCV/CMakeFiles/CMakeTmp/Release

CompileC /Users/BrightLand/Envy/OpenCV/CMakeFiles/CMakeTmp/CMAKE_TRY_COMPILE.build/Release/cmTC_c6469.build/Objects-normal/x86_64/cpu_avx2.o /Users/BrightLand/Envy/_opencv/cmake/checks/cpu_avx2.cpp normal x86_64 c++ com.apple.compilers.llvm.clang.1_0.compiler (in target 'cmTC_c6469' from project 'CMAKE_TRY_COMPILE')
    cd /Users/BrightLand/Envy/OpenCV/CMakeFiles/CMakeTmp
    /Applications/Xcode.app/Contents/Developer/Toolchains/XcodeDefault.xctoolchain/usr/bin/clang -x c++ -target x86_64-apple-macos12.1 -fmessage-length\=0 -fdiagnostics-show-note-include-stack -fmacro-backtrace-limit\=0 -Wno-trigraphs -fpascal-strings -O3 -Wno-missing-field-initializers -Wno-missing-prototypes -Wno-return-type -Wno-non-virtual-dtor -Wno-overloaded-virtual -Wno-exit-time-destructors -Wno-missing-braces -Wparentheses -Wswitch -Wno-unused-function -Wno-unused-label -Wno-unused-parameter -Wno-unused-variable -Wunused-value -Wno-empty-body -Wno-uninitialized -Wno-unknown-pragmas -Wno-shadow -Wno-four-char-constants -Wno-conversion -Wno-constant-conversion -Wno-int-conversion -Wno-bool-conversion -Wno-enum-conversion -Wno-float-conversion -Wno-non-literal-null-conversion -Wno-objc-literal-conversion -Wno-shorten-64-to-32 -Wno-newline-eof -Wno-c++11-extensions -DCMAKE_INTDIR\=\"Release\" -isysroot /Applications/Xcode.app/Contents/Developer/Platforms/MacOSX.platform/Developer/SDKs/MacOSX12.1.sdk -fasm-blocks -fstrict-aliasing -Wdeprecated-declarations -Winvalid-offsetof -Wno-sign-conversion -Wno-infinite-recursion -Wno-move -Wno-comma -Wno-block-capture-autoreleasing -Wno-strict-prototypes -Wno-range-loop-analysis -Wno-semicolon-before-method-body -I/Users/BrightLand/Envy/OpenCV/CMakeFiles/CMakeTmp/Release/include -I/Users/BrightLand/Envy/OpenCV/CMakeFiles/CMakeTmp/CMAKE_TRY_COMPILE.build/Release/cmTC_c6469.build/DerivedSources-normal/x86_64 -I/Users/BrightLand/Envy/OpenCV/CMakeFiles/CMakeTmp/CMAKE_TRY_COMPILE.build/Release/cmTC_c6469.build/DerivedSources/x86_64 -I/Users/BrightLand/Envy/OpenCV/CMakeFiles/CMakeTmp/CMAKE_TRY_COMPILE.build/Release/cmTC_c6469.build/DerivedSources -F/Users/BrightLand/Envy/OpenCV/CMakeFiles/CMakeTmp/Release -DNDEBUG -fPIE -std\=c++11 -MMD -MT dependencies -MF /Users/BrightLand/Envy/OpenCV/CMakeFiles/CMakeTmp/CMAKE_TRY_COMPILE.build/Release/cmTC_c6469.build/Objects-normal/x86_64/cpu_avx2.d --serialize-diagnostics /Users/BrightLand/Envy/OpenCV/CMakeFiles/CMakeTmp/CMAKE_TRY_COMPILE.build/Release/cmTC_c6469.build/Objects-normal/x86_64/cpu_avx2.dia -c /Users/BrightLand/Envy/_opencv/cmake/checks/cpu_avx2.cpp -o /Users/BrightLand/Envy/OpenCV/CMakeFiles/CMakeTmp/CMAKE_TRY_COMPILE.build/Release/cmTC_c6469.build/Objects-normal/x86_64/cpu_avx2.o
/Users/BrightLand/Envy/_opencv/cmake/checks/cpu_avx2.cpp:2:2: error: "__AVX2__ define is missing"
#error "__AVX2__ define is missing"
 ^
1 error generated.

WriteAuxiliaryFile /Users/BrightLand/Envy/OpenCV/CMakeFiles/CMakeTmp/CMAKE_TRY_COMPILE.build/Release/cmTC_c6469.build/Objects-normal/x86_64/cmTC_c6469.LinkFileList (in target 'cmTC_c6469' from project 'CMAKE_TRY_COMPILE')
    cd /Users/BrightLand/Envy/OpenCV/CMakeFiles/CMakeTmp
    write-file /Users/BrightLand/Envy/OpenCV/CMakeFiles/CMakeTmp/CMAKE_TRY_COMPILE.build/Release/cmTC_c6469.build/Objects-normal/x86_64/cmTC_c6469.LinkFileList

** BUILD FAILED **


The following build commands failed:
	CompileC /Users/BrightLand/Envy/OpenCV/CMakeFiles/CMakeTmp/CMAKE_TRY_COMPILE.build/Release/cmTC_c6469.build/Objects-normal/x86_64/cpu_avx2.o /Users/BrightLand/Envy/_opencv/cmake/checks/cpu_avx2.cpp normal x86_64 c++ com.apple.compilers.llvm.clang.1_0.compiler (in target 'cmTC_c6469' from project 'CMAKE_TRY_COMPILE')
(1 failure)


===== END =====

Compilation failed:
    source file: '/Users/BrightLand/Envy/_opencv/cmake/checks/cpu_avx512.cpp'
    check option: ''
===== BUILD LOG =====
Change Dir: /Users/BrightLand/Envy/OpenCV/CMakeFiles/CMakeTmp

Run Build Command(s):/usr/bin/xcodebuild -project CMAKE_TRY_COMPILE.xcodeproj build -target cmTC_d88a4 -parallelizeTargets -configuration Release -hideShellScriptEnvironment && Command line invocation:
    /Applications/Xcode.app/Contents/Developer/usr/bin/xcodebuild -project CMAKE_TRY_COMPILE.xcodeproj build -target cmTC_d88a4 -parallelizeTargets -configuration Release -hideShellScriptEnvironment

User defaults from command line:
    HideShellScriptEnvironment = YES
    IDEPackageSupportUseBuiltinSCM = YES

note: Using new build system
note: Planning
Analyze workspace

Create build description
Build description signature: 67a84e23b1f32702ad62d90ed27a8cb8
Build description path: /Users/BrightLand/Envy/OpenCV/CMakeFiles/CMakeTmp/build/XCBuildData/67a84e23b1f32702ad62d90ed27a8cb8-desc.xcbuild

note: Build preparation complete
note: Building targets in dependency order
CreateBuildDirectory /Users/BrightLand/Envy/OpenCV/CMakeFiles/CMakeTmp
    cd /Users/BrightLand/Envy/OpenCV/CMakeFiles/CMakeTmp/CMAKE_TRY_COMPILE.xcodeproj
    builtin-create-build-directory /Users/BrightLand/Envy/OpenCV/CMakeFiles/CMakeTmp

CreateBuildDirectory /Users/BrightLand/Envy/OpenCV/CMakeFiles/CMakeTmp/Release
    cd /Users/BrightLand/Envy/OpenCV/CMakeFiles/CMakeTmp/CMAKE_TRY_COMPILE.xcodeproj
    builtin-create-build-directory /Users/BrightLand/Envy/OpenCV/CMakeFiles/CMakeTmp/Release

CompileC /Users/BrightLand/Envy/OpenCV/CMakeFiles/CMakeTmp/CMAKE_TRY_COMPILE.build/Release/cmTC_d88a4.build/Objects-normal/x86_64/cpu_avx512.o /Users/BrightLand/Envy/_opencv/cmake/checks/cpu_avx512.cpp normal x86_64 c++ com.apple.compilers.llvm.clang.1_0.compiler (in target 'cmTC_d88a4' from project 'CMAKE_TRY_COMPILE')
    cd /Users/BrightLand/Envy/OpenCV/CMakeFiles/CMakeTmp
    /Applications/Xcode.app/Contents/Developer/Toolchains/XcodeDefault.xctoolchain/usr/bin/clang -x c++ -target x86_64-apple-macos12.1 -fmessage-length\=0 -fdiagnostics-show-note-include-stack -fmacro-backtrace-limit\=0 -Wno-trigraphs -fpascal-strings -O3 -Wno-missing-field-initializers -Wno-missing-prototypes -Wno-return-type -Wno-non-virtual-dtor -Wno-overloaded-virtual -Wno-exit-time-destructors -Wno-missing-braces -Wparentheses -Wswitch -Wno-unused-function -Wno-unused-label -Wno-unused-parameter -Wno-unused-variable -Wunused-value -Wno-empty-body -Wno-uninitialized -Wno-unknown-pragmas -Wno-shadow -Wno-four-char-constants -Wno-conversion -Wno-constant-conversion -Wno-int-conversion -Wno-bool-conversion -Wno-enum-conversion -Wno-float-conversion -Wno-non-literal-null-conversion -Wno-objc-literal-conversion -Wno-shorten-64-to-32 -Wno-newline-eof -Wno-c++11-extensions -DCMAKE_INTDIR\=\"Release\" -isysroot /Applications/Xcode.app/Contents/Developer/Platforms/MacOSX.platform/Developer/SDKs/MacOSX12.1.sdk -fasm-blocks -fstrict-aliasing -Wdeprecated-declarations -Winvalid-offsetof -Wno-sign-conversion -Wno-infinite-recursion -Wno-move -Wno-comma -Wno-block-capture-autoreleasing -Wno-strict-prototypes -Wno-range-loop-analysis -Wno-semicolon-before-method-body -I/Users/BrightLand/Envy/OpenCV/CMakeFiles/CMakeTmp/Release/include -I/Users/BrightLand/Envy/OpenCV/CMakeFiles/CMakeTmp/CMAKE_TRY_COMPILE.build/Release/cmTC_d88a4.build/DerivedSources-normal/x86_64 -I/Users/BrightLand/Envy/OpenCV/CMakeFiles/CMakeTmp/CMAKE_TRY_COMPILE.build/Release/cmTC_d88a4.build/DerivedSources/x86_64 -I/Users/BrightLand/Envy/OpenCV/CMakeFiles/CMakeTmp/CMAKE_TRY_COMPILE.build/Release/cmTC_d88a4.build/DerivedSources -F/Users/BrightLand/Envy/OpenCV/CMakeFiles/CMakeTmp/Release -DNDEBUG -fPIE -std\=c++11 -MMD -MT dependencies -MF /Users/BrightLand/Envy/OpenCV/CMakeFiles/CMakeTmp/CMAKE_TRY_COMPILE.build/Release/cmTC_d88a4.build/Objects-normal/x86_64/cpu_avx512.d --serialize-diagnostics /Users/BrightLand/Envy/OpenCV/CMakeFiles/CMakeTmp/CMAKE_TRY_COMPILE.build/Release/cmTC_d88a4.build/Objects-normal/x86_64/cpu_avx512.dia -c /Users/BrightLand/Envy/_opencv/cmake/checks/cpu_avx512.cpp -o /Users/BrightLand/Envy/OpenCV/CMakeFiles/CMakeTmp/CMAKE_TRY_COMPILE.build/Release/cmTC_d88a4.build/Objects-normal/x86_64/cpu_avx512.o
/Users/BrightLand/Envy/_opencv/cmake/checks/cpu_avx512.cpp:11:2: error: "AVX512 is not supported"
#error "AVX512 is not supported"
 ^
1 error generated.

WriteAuxiliaryFile /Users/BrightLand/Envy/OpenCV/CMakeFiles/CMakeTmp/CMAKE_TRY_COMPILE.build/Release/cmTC_d88a4.build/Objects-normal/x86_64/cmTC_d88a4.LinkFileList (in target 'cmTC_d88a4' from project 'CMAKE_TRY_COMPILE')
    cd /Users/BrightLand/Envy/OpenCV/CMakeFiles/CMakeTmp
    write-file /Users/BrightLand/Envy/OpenCV/CMakeFiles/CMakeTmp/CMAKE_TRY_COMPILE.build/Release/cmTC_d88a4.build/Objects-normal/x86_64/cmTC_d88a4.LinkFileList

** BUILD FAILED **


The following build commands failed:
	CompileC /Users/BrightLand/Envy/OpenCV/CMakeFiles/CMakeTmp/CMAKE_TRY_COMPILE.build/Release/cmTC_d88a4.build/Objects-normal/x86_64/cpu_avx512.o /Users/BrightLand/Envy/_opencv/cmake/checks/cpu_avx512.cpp normal x86_64 c++ com.apple.compilers.llvm.clang.1_0.compiler (in target 'cmTC_d88a4' from project 'CMAKE_TRY_COMPILE')
(1 failure)


===== END =====

Compilation failed:
    source file: '/Users/BrightLand/Envy/_opencv/cmake/checks/cpu_avx512common.cpp'
    check option: ''
===== BUILD LOG =====
Change Dir: /Users/BrightLand/Envy/OpenCV/CMakeFiles/CMakeTmp

Run Build Command(s):/usr/bin/xcodebuild -project CMAKE_TRY_COMPILE.xcodeproj build -target cmTC_4d04c -parallelizeTargets -configuration Release -hideShellScriptEnvironment && Command line invocation:
    /Applications/Xcode.app/Contents/Developer/usr/bin/xcodebuild -project CMAKE_TRY_COMPILE.xcodeproj build -target cmTC_4d04c -parallelizeTargets -configuration Release -hideShellScriptEnvironment

User defaults from command line:
    HideShellScriptEnvironment = YES
    IDEPackageSupportUseBuiltinSCM = YES

note: Using new build system
note: Planning
Analyze workspace

Create build description
Build description signature: 7b920554088de51d0df5c60846b36f87
Build description path: /Users/BrightLand/Envy/OpenCV/CMakeFiles/CMakeTmp/build/XCBuildData/7b920554088de51d0df5c60846b36f87-desc.xcbuild

note: Build preparation complete
note: Building targets in dependency order
CreateBuildDirectory /Users/BrightLand/Envy/OpenCV/CMakeFiles/CMakeTmp
    cd /Users/BrightLand/Envy/OpenCV/CMakeFiles/CMakeTmp/CMAKE_TRY_COMPILE.xcodeproj
    builtin-create-build-directory /Users/BrightLand/Envy/OpenCV/CMakeFiles/CMakeTmp

CreateBuildDirectory /Users/BrightLand/Envy/OpenCV/CMakeFiles/CMakeTmp/Release
    cd /Users/BrightLand/Envy/OpenCV/CMakeFiles/CMakeTmp/CMAKE_TRY_COMPILE.xcodeproj
    builtin-create-build-directory /Users/BrightLand/Envy/OpenCV/CMakeFiles/CMakeTmp/Release

WriteAuxiliaryFile /Users/BrightLand/Envy/OpenCV/CMakeFiles/CMakeTmp/CMAKE_TRY_COMPILE.build/Release/cmTC_4d04c.build/Objects-normal/x86_64/cmTC_4d04c.LinkFileList (in target 'cmTC_4d04c' from project 'CMAKE_TRY_COMPILE')
    cd /Users/BrightLand/Envy/OpenCV/CMakeFiles/CMakeTmp
    write-file /Users/BrightLand/Envy/OpenCV/CMakeFiles/CMakeTmp/CMAKE_TRY_COMPILE.build/Release/cmTC_4d04c.build/Objects-normal/x86_64/cmTC_4d04c.LinkFileList

CompileC /Users/BrightLand/Envy/OpenCV/CMakeFiles/CMakeTmp/CMAKE_TRY_COMPILE.build/Release/cmTC_4d04c.build/Objects-normal/x86_64/cpu_avx512common.o /Users/BrightLand/Envy/_opencv/cmake/checks/cpu_avx512common.cpp normal x86_64 c++ com.apple.compilers.llvm.clang.1_0.compiler (in target 'cmTC_4d04c' from project 'CMAKE_TRY_COMPILE')
    cd /Users/BrightLand/Envy/OpenCV/CMakeFiles/CMakeTmp
    /Applications/Xcode.app/Contents/Developer/Toolchains/XcodeDefault.xctoolchain/usr/bin/clang -x c++ -target x86_64-apple-macos12.1 -fmessage-length\=0 -fdiagnostics-show-note-include-stack -fmacro-backtrace-limit\=0 -Wno-trigraphs -fpascal-strings -O3 -Wno-missing-field-initializers -Wno-missing-prototypes -Wno-return-type -Wno-non-virtual-dtor -Wno-overloaded-virtual -Wno-exit-time-destructors -Wno-missing-braces -Wparentheses -Wswitch -Wno-unused-function -Wno-unused-label -Wno-unused-parameter -Wno-unused-variable -Wunused-value -Wno-empty-body -Wno-uninitialized -Wno-unknown-pragmas -Wno-shadow -Wno-four-char-constants -Wno-conversion -Wno-constant-conversion -Wno-int-conversion -Wno-bool-conversion -Wno-enum-conversion -Wno-float-conversion -Wno-non-literal-null-conversion -Wno-objc-literal-conversion -Wno-shorten-64-to-32 -Wno-newline-eof -Wno-c++11-extensions -DCMAKE_INTDIR\=\"Release\" -isysroot /Applications/Xcode.app/Contents/Developer/Platforms/MacOSX.platform/Developer/SDKs/MacOSX12.1.sdk -fasm-blocks -fstrict-aliasing -Wdeprecated-declarations -Winvalid-offsetof -Wno-sign-conversion -Wno-infinite-recursion -Wno-move -Wno-comma -Wno-block-capture-autoreleasing -Wno-strict-prototypes -Wno-range-loop-analysis -Wno-semicolon-before-method-body -I/Users/BrightLand/Envy/OpenCV/CMakeFiles/CMakeTmp/Release/include -I/Users/BrightLand/Envy/OpenCV/CMakeFiles/CMakeTmp/CMAKE_TRY_COMPILE.build/Release/cmTC_4d04c.build/DerivedSources-normal/x86_64 -I/Users/BrightLand/Envy/OpenCV/CMakeFiles/CMakeTmp/CMAKE_TRY_COMPILE.build/Release/cmTC_4d04c.build/DerivedSources/x86_64 -I/Users/BrightLand/Envy/OpenCV/CMakeFiles/CMakeTmp/CMAKE_TRY_COMPILE.build/Release/cmTC_4d04c.build/DerivedSources -F/Users/BrightLand/Envy/OpenCV/CMakeFiles/CMakeTmp/Release -DNDEBUG -fPIE -std\=c++11 -MMD -MT dependencies -MF /Users/BrightLand/Envy/OpenCV/CMakeFiles/CMakeTmp/CMAKE_TRY_COMPILE.build/Release/cmTC_4d04c.build/Objects-normal/x86_64/cpu_avx512common.d --serialize-diagnostics /Users/BrightLand/Envy/OpenCV/CMakeFiles/CMakeTmp/CMAKE_TRY_COMPILE.build/Release/cmTC_4d04c.build/Objects-normal/x86_64/cpu_avx512common.dia -c /Users/BrightLand/Envy/_opencv/cmake/checks/cpu_avx512common.cpp -o /Users/BrightLand/Envy/OpenCV/CMakeFiles/CMakeTmp/CMAKE_TRY_COMPILE.build/Release/cmTC_4d04c.build/Objects-normal/x86_64/cpu_avx512common.o
/Users/BrightLand/Envy/_opencv/cmake/checks/cpu_avx512common.cpp:12:2: error: "AVX512-COMMON is not supported"
#error "AVX512-COMMON is not supported"
 ^
1 error generated.

** BUILD FAILED **


The following build commands failed:
	CompileC /Users/BrightLand/Envy/OpenCV/CMakeFiles/CMakeTmp/CMAKE_TRY_COMPILE.build/Release/cmTC_4d04c.build/Objects-normal/x86_64/cpu_avx512common.o /Users/BrightLand/Envy/_opencv/cmake/checks/cpu_avx512common.cpp normal x86_64 c++ com.apple.compilers.llvm.clang.1_0.compiler (in target 'cmTC_4d04c' from project 'CMAKE_TRY_COMPILE')
(1 failure)


===== END =====

Compilation failed:
    source file: '/Users/BrightLand/Envy/_opencv/cmake/checks/cpu_avx512knl.cpp'
    check option: ''
===== BUILD LOG =====
Change Dir: /Users/BrightLand/Envy/OpenCV/CMakeFiles/CMakeTmp

Run Build Command(s):/usr/bin/xcodebuild -project CMAKE_TRY_COMPILE.xcodeproj build -target cmTC_d93e9 -parallelizeTargets -configuration Release -hideShellScriptEnvironment && Command line invocation:
    /Applications/Xcode.app/Contents/Developer/usr/bin/xcodebuild -project CMAKE_TRY_COMPILE.xcodeproj build -target cmTC_d93e9 -parallelizeTargets -configuration Release -hideShellScriptEnvironment

User defaults from command line:
    HideShellScriptEnvironment = YES
    IDEPackageSupportUseBuiltinSCM = YES

note: Using new build system
note: Planning
Analyze workspace

Create build description
Build description signature: b2b7d946a2aebbdf5bdaa389697f3023
Build description path: /Users/BrightLand/Envy/OpenCV/CMakeFiles/CMakeTmp/build/XCBuildData/b2b7d946a2aebbdf5bdaa389697f3023-desc.xcbuild

note: Build preparation complete
note: Building targets in dependency order
CreateBuildDirectory /Users/BrightLand/Envy/OpenCV/CMakeFiles/CMakeTmp
    cd /Users/BrightLand/Envy/OpenCV/CMakeFiles/CMakeTmp/CMAKE_TRY_COMPILE.xcodeproj
    builtin-create-build-directory /Users/BrightLand/Envy/OpenCV/CMakeFiles/CMakeTmp

CreateBuildDirectory /Users/BrightLand/Envy/OpenCV/CMakeFiles/CMakeTmp/Release
    cd /Users/BrightLand/Envy/OpenCV/CMakeFiles/CMakeTmp/CMAKE_TRY_COMPILE.xcodeproj
    builtin-create-build-directory /Users/BrightLand/Envy/OpenCV/CMakeFiles/CMakeTmp/Release

CompileC /Users/BrightLand/Envy/OpenCV/CMakeFiles/CMakeTmp/CMAKE_TRY_COMPILE.build/Release/cmTC_d93e9.build/Objects-normal/x86_64/cpu_avx512knl.o /Users/BrightLand/Envy/_opencv/cmake/checks/cpu_avx512knl.cpp normal x86_64 c++ com.apple.compilers.llvm.clang.1_0.compiler (in target 'cmTC_d93e9' from project 'CMAKE_TRY_COMPILE')
    cd /Users/BrightLand/Envy/OpenCV/CMakeFiles/CMakeTmp
    /Applications/Xcode.app/Contents/Developer/Toolchains/XcodeDefault.xctoolchain/usr/bin/clang -x c++ -target x86_64-apple-macos12.1 -fmessage-length\=0 -fdiagnostics-show-note-include-stack -fmacro-backtrace-limit\=0 -Wno-trigraphs -fpascal-strings -O3 -Wno-missing-field-initializers -Wno-missing-prototypes -Wno-return-type -Wno-non-virtual-dtor -Wno-overloaded-virtual -Wno-exit-time-destructors -Wno-missing-braces -Wparentheses -Wswitch -Wno-unused-function -Wno-unused-label -Wno-unused-parameter -Wno-unused-variable -Wunused-value -Wno-empty-body -Wno-uninitialized -Wno-unknown-pragmas -Wno-shadow -Wno-four-char-constants -Wno-conversion -Wno-constant-conversion -Wno-int-conversion -Wno-bool-conversion -Wno-enum-conversion -Wno-float-conversion -Wno-non-literal-null-conversion -Wno-objc-literal-conversion -Wno-shorten-64-to-32 -Wno-newline-eof -Wno-c++11-extensions -DCMAKE_INTDIR\=\"Release\" -isysroot /Applications/Xcode.app/Contents/Developer/Platforms/MacOSX.platform/Developer/SDKs/MacOSX12.1.sdk -fasm-blocks -fstrict-aliasing -Wdeprecated-declarations -Winvalid-offsetof -Wno-sign-conversion -Wno-infinite-recursion -Wno-move -Wno-comma -Wno-block-capture-autoreleasing -Wno-strict-prototypes -Wno-range-loop-analysis -Wno-semicolon-before-method-body -I/Users/BrightLand/Envy/OpenCV/CMakeFiles/CMakeTmp/Release/include -I/Users/BrightLand/Envy/OpenCV/CMakeFiles/CMakeTmp/CMAKE_TRY_COMPILE.build/Release/cmTC_d93e9.build/DerivedSources-normal/x86_64 -I/Users/BrightLand/Envy/OpenCV/CMakeFiles/CMakeTmp/CMAKE_TRY_COMPILE.build/Release/cmTC_d93e9.build/DerivedSources/x86_64 -I/Users/BrightLand/Envy/OpenCV/CMakeFiles/CMakeTmp/CMAKE_TRY_COMPILE.build/Release/cmTC_d93e9.build/DerivedSources -F/Users/BrightLand/Envy/OpenCV/CMakeFiles/CMakeTmp/Release -DNDEBUG -fPIE -std\=c++11 -MMD -MT dependencies -MF /Users/BrightLand/Envy/OpenCV/CMakeFiles/CMakeTmp/CMAKE_TRY_COMPILE.build/Release/cmTC_d93e9.build/Objects-normal/x86_64/cpu_avx512knl.d --serialize-diagnostics /Users/BrightLand/Envy/OpenCV/CMakeFiles/CMakeTmp/CMAKE_TRY_COMPILE.build/Release/cmTC_d93e9.build/Objects-normal/x86_64/cpu_avx512knl.dia -c /Users/BrightLand/Envy/_opencv/cmake/checks/cpu_avx512knl.cpp -o /Users/BrightLand/Envy/OpenCV/CMakeFiles/CMakeTmp/CMAKE_TRY_COMPILE.build/Release/cmTC_d93e9.build/Objects-normal/x86_64/cpu_avx512knl.o
/Users/BrightLand/Envy/_opencv/cmake/checks/cpu_avx512knl.cpp:14:2: error: "AVX512-KNL is not supported"
#error "AVX512-KNL is not supported"
 ^
1 error generated.

WriteAuxiliaryFile /Users/BrightLand/Envy/OpenCV/CMakeFiles/CMakeTmp/CMAKE_TRY_COMPILE.build/Release/cmTC_d93e9.build/Objects-normal/x86_64/cmTC_d93e9.LinkFileList (in target 'cmTC_d93e9' from project 'CMAKE_TRY_COMPILE')
    cd /Users/BrightLand/Envy/OpenCV/CMakeFiles/CMakeTmp
    write-file /Users/BrightLand/Envy/OpenCV/CMakeFiles/CMakeTmp/CMAKE_TRY_COMPILE.build/Release/cmTC_d93e9.build/Objects-normal/x86_64/cmTC_d93e9.LinkFileList

** BUILD FAILED **


The following build commands failed:
	CompileC /Users/BrightLand/Envy/OpenCV/CMakeFiles/CMakeTmp/CMAKE_TRY_COMPILE.build/Release/cmTC_d93e9.build/Objects-normal/x86_64/cpu_avx512knl.o /Users/BrightLand/Envy/_opencv/cmake/checks/cpu_avx512knl.cpp normal x86_64 c++ com.apple.compilers.llvm.clang.1_0.compiler (in target 'cmTC_d93e9' from project 'CMAKE_TRY_COMPILE')
(1 failure)


===== END =====

Compilation failed:
    source file: '/Users/BrightLand/Envy/_opencv/cmake/checks/cpu_avx512knm.cpp'
    check option: ''
===== BUILD LOG =====
Change Dir: /Users/BrightLand/Envy/OpenCV/CMakeFiles/CMakeTmp

Run Build Command(s):/usr/bin/xcodebuild -project CMAKE_TRY_COMPILE.xcodeproj build -target cmTC_e93cc -parallelizeTargets -configuration Release -hideShellScriptEnvironment && Command line invocation:
    /Applications/Xcode.app/Contents/Developer/usr/bin/xcodebuild -project CMAKE_TRY_COMPILE.xcodeproj build -target cmTC_e93cc -parallelizeTargets -configuration Release -hideShellScriptEnvironment

User defaults from command line:
    HideShellScriptEnvironment = YES
    IDEPackageSupportUseBuiltinSCM = YES

note: Using new build system
note: Planning
Analyze workspace

Create build description
Build description signature: 17564a64bb69fde79d4544a434ceee38
Build description path: /Users/BrightLand/Envy/OpenCV/CMakeFiles/CMakeTmp/build/XCBuildData/17564a64bb69fde79d4544a434ceee38-desc.xcbuild

note: Build preparation complete
note: Building targets in dependency order
CreateBuildDirectory /Users/BrightLand/Envy/OpenCV/CMakeFiles/CMakeTmp
    cd /Users/BrightLand/Envy/OpenCV/CMakeFiles/CMakeTmp/CMAKE_TRY_COMPILE.xcodeproj
    builtin-create-build-directory /Users/BrightLand/Envy/OpenCV/CMakeFiles/CMakeTmp

CreateBuildDirectory /Users/BrightLand/Envy/OpenCV/CMakeFiles/CMakeTmp/Release
    cd /Users/BrightLand/Envy/OpenCV/CMakeFiles/CMakeTmp/CMAKE_TRY_COMPILE.xcodeproj
    builtin-create-build-directory /Users/BrightLand/Envy/OpenCV/CMakeFiles/CMakeTmp/Release

CompileC /Users/BrightLand/Envy/OpenCV/CMakeFiles/CMakeTmp/CMAKE_TRY_COMPILE.build/Release/cmTC_e93cc.build/Objects-normal/x86_64/cpu_avx512knm.o /Users/BrightLand/Envy/_opencv/cmake/checks/cpu_avx512knm.cpp normal x86_64 c++ com.apple.compilers.llvm.clang.1_0.compiler (in target 'cmTC_e93cc' from project 'CMAKE_TRY_COMPILE')
    cd /Users/BrightLand/Envy/OpenCV/CMakeFiles/CMakeTmp
    /Applications/Xcode.app/Contents/Developer/Toolchains/XcodeDefault.xctoolchain/usr/bin/clang -x c++ -target x86_64-apple-macos12.1 -fmessage-length\=0 -fdiagnostics-show-note-include-stack -fmacro-backtrace-limit\=0 -Wno-trigraphs -fpascal-strings -O3 -Wno-missing-field-initializers -Wno-missing-prototypes -Wno-return-type -Wno-non-virtual-dtor -Wno-overloaded-virtual -Wno-exit-time-destructors -Wno-missing-braces -Wparentheses -Wswitch -Wno-unused-function -Wno-unused-label -Wno-unused-parameter -Wno-unused-variable -Wunused-value -Wno-empty-body -Wno-uninitialized -Wno-unknown-pragmas -Wno-shadow -Wno-four-char-constants -Wno-conversion -Wno-constant-conversion -Wno-int-conversion -Wno-bool-conversion -Wno-enum-conversion -Wno-float-conversion -Wno-non-literal-null-conversion -Wno-objc-literal-conversion -Wno-shorten-64-to-32 -Wno-newline-eof -Wno-c++11-extensions -DCMAKE_INTDIR\=\"Release\" -isysroot /Applications/Xcode.app/Contents/Developer/Platforms/MacOSX.platform/Developer/SDKs/MacOSX12.1.sdk -fasm-blocks -fstrict-aliasing -Wdeprecated-declarations -Winvalid-offsetof -Wno-sign-conversion -Wno-infinite-recursion -Wno-move -Wno-comma -Wno-block-capture-autoreleasing -Wno-strict-prototypes -Wno-range-loop-analysis -Wno-semicolon-before-method-body -I/Users/BrightLand/Envy/OpenCV/CMakeFiles/CMakeTmp/Release/include -I/Users/BrightLand/Envy/OpenCV/CMakeFiles/CMakeTmp/CMAKE_TRY_COMPILE.build/Release/cmTC_e93cc.build/DerivedSources-normal/x86_64 -I/Users/BrightLand/Envy/OpenCV/CMakeFiles/CMakeTmp/CMAKE_TRY_COMPILE.build/Release/cmTC_e93cc.build/DerivedSources/x86_64 -I/Users/BrightLand/Envy/OpenCV/CMakeFiles/CMakeTmp/CMAKE_TRY_COMPILE.build/Release/cmTC_e93cc.build/DerivedSources -F/Users/BrightLand/Envy/OpenCV/CMakeFiles/CMakeTmp/Release -DNDEBUG -fPIE -std\=c++11 -MMD -MT dependencies -MF /Users/BrightLand/Envy/OpenCV/CMakeFiles/CMakeTmp/CMAKE_TRY_COMPILE.build/Release/cmTC_e93cc.build/Objects-normal/x86_64/cpu_avx512knm.d --serialize-diagnostics /Users/BrightLand/Envy/OpenCV/CMakeFiles/CMakeTmp/CMAKE_TRY_COMPILE.build/Release/cmTC_e93cc.build/Objects-normal/x86_64/cpu_avx512knm.dia -c /Users/BrightLand/Envy/_opencv/cmake/checks/cpu_avx512knm.cpp -o /Users/BrightLand/Envy/OpenCV/CMakeFiles/CMakeTmp/CMAKE_TRY_COMPILE.build/Release/cmTC_e93cc.build/Objects-normal/x86_64/cpu_avx512knm.o
/Users/BrightLand/Envy/_opencv/cmake/checks/cpu_avx512knm.cpp:15:2: error: "AVX512-KNM is not supported"
#error "AVX512-KNM is not supported"
 ^
1 error generated.

WriteAuxiliaryFile /Users/BrightLand/Envy/OpenCV/CMakeFiles/CMakeTmp/CMAKE_TRY_COMPILE.build/Release/cmTC_e93cc.build/Objects-normal/x86_64/cmTC_e93cc.LinkFileList (in target 'cmTC_e93cc' from project 'CMAKE_TRY_COMPILE')
    cd /Users/BrightLand/Envy/OpenCV/CMakeFiles/CMakeTmp
    write-file /Users/BrightLand/Envy/OpenCV/CMakeFiles/CMakeTmp/CMAKE_TRY_COMPILE.build/Release/cmTC_e93cc.build/Objects-normal/x86_64/cmTC_e93cc.LinkFileList

** BUILD FAILED **


The following build commands failed:
	CompileC /Users/BrightLand/Envy/OpenCV/CMakeFiles/CMakeTmp/CMAKE_TRY_COMPILE.build/Release/cmTC_e93cc.build/Objects-normal/x86_64/cpu_avx512knm.o /Users/BrightLand/Envy/_opencv/cmake/checks/cpu_avx512knm.cpp normal x86_64 c++ com.apple.compilers.llvm.clang.1_0.compiler (in target 'cmTC_e93cc' from project 'CMAKE_TRY_COMPILE')
(1 failure)


===== END =====

Compilation failed:
    source file: '/Users/BrightLand/Envy/_opencv/cmake/checks/cpu_avx512knm.cpp'
    check option: ' -mavx512f -mavx512cd -mavx512er -mavx512pf -mavx5124fmaps -mavx5124vnniw -mavx512vpopcntdq'
===== BUILD LOG =====
Change Dir: /Users/BrightLand/Envy/OpenCV/CMakeFiles/CMakeTmp

Run Build Command(s):/usr/bin/xcodebuild -project CMAKE_TRY_COMPILE.xcodeproj build -target cmTC_1c0ab -parallelizeTargets -configuration Release -hideShellScriptEnvironment && Command line invocation:
    /Applications/Xcode.app/Contents/Developer/usr/bin/xcodebuild -project CMAKE_TRY_COMPILE.xcodeproj build -target cmTC_1c0ab -parallelizeTargets -configuration Release -hideShellScriptEnvironment

User defaults from command line:
    HideShellScriptEnvironment = YES
    IDEPackageSupportUseBuiltinSCM = YES

note: Using new build system
note: Planning
Analyze workspace

Create build description
Build description signature: 361dd084875dfd174bfe806759278847
Build description path: /Users/BrightLand/Envy/OpenCV/CMakeFiles/CMakeTmp/build/XCBuildData/361dd084875dfd174bfe806759278847-desc.xcbuild

note: Build preparation complete
note: Building targets in dependency order
CreateBuildDirectory /Users/BrightLand/Envy/OpenCV/CMakeFiles/CMakeTmp
    cd /Users/BrightLand/Envy/OpenCV/CMakeFiles/CMakeTmp/CMAKE_TRY_COMPILE.xcodeproj
    builtin-create-build-directory /Users/BrightLand/Envy/OpenCV/CMakeFiles/CMakeTmp

CreateBuildDirectory /Users/BrightLand/Envy/OpenCV/CMakeFiles/CMakeTmp/Release
    cd /Users/BrightLand/Envy/OpenCV/CMakeFiles/CMakeTmp/CMAKE_TRY_COMPILE.xcodeproj
    builtin-create-build-directory /Users/BrightLand/Envy/OpenCV/CMakeFiles/CMakeTmp/Release

WriteAuxiliaryFile /Users/BrightLand/Envy/OpenCV/CMakeFiles/CMakeTmp/CMAKE_TRY_COMPILE.build/Release/cmTC_1c0ab.build/Objects-normal/x86_64/cmTC_1c0ab.LinkFileList (in target 'cmTC_1c0ab' from project 'CMAKE_TRY_COMPILE')
    cd /Users/BrightLand/Envy/OpenCV/CMakeFiles/CMakeTmp
    write-file /Users/BrightLand/Envy/OpenCV/CMakeFiles/CMakeTmp/CMAKE_TRY_COMPILE.build/Release/cmTC_1c0ab.build/Objects-normal/x86_64/cmTC_1c0ab.LinkFileList

CompileC /Users/BrightLand/Envy/OpenCV/CMakeFiles/CMakeTmp/CMAKE_TRY_COMPILE.build/Release/cmTC_1c0ab.build/Objects-normal/x86_64/cpu_avx512knm.o /Users/BrightLand/Envy/_opencv/cmake/checks/cpu_avx512knm.cpp normal x86_64 c++ com.apple.compilers.llvm.clang.1_0.compiler (in target 'cmTC_1c0ab' from project 'CMAKE_TRY_COMPILE')
    cd /Users/BrightLand/Envy/OpenCV/CMakeFiles/CMakeTmp
    /Applications/Xcode.app/Contents/Developer/Toolchains/XcodeDefault.xctoolchain/usr/bin/clang -x c++ -target x86_64-apple-macos12.1 -fmessage-length\=0 -fdiagnostics-show-note-include-stack -fmacro-backtrace-limit\=0 -Wno-trigraphs -fpascal-strings -O3 -Wno-missing-field-initializers -Wno-missing-prototypes -Wno-return-type -Wno-non-virtual-dtor -Wno-overloaded-virtual -Wno-exit-time-destructors -Wno-missing-braces -Wparentheses -Wswitch -Wno-unused-function -Wno-unused-label -Wno-unused-parameter -Wno-unused-variable -Wunused-value -Wno-empty-body -Wno-uninitialized -Wno-unknown-pragmas -Wno-shadow -Wno-four-char-constants -Wno-conversion -Wno-constant-conversion -Wno-int-conversion -Wno-bool-conversion -Wno-enum-conversion -Wno-float-conversion -Wno-non-literal-null-conversion -Wno-objc-literal-conversion -Wno-shorten-64-to-32 -Wno-newline-eof -Wno-c++11-extensions -DCMAKE_INTDIR\=\"Release\" -isysroot /Applications/Xcode.app/Contents/Developer/Platforms/MacOSX.platform/Developer/SDKs/MacOSX12.1.sdk -fasm-blocks -fstrict-aliasing -Wdeprecated-declarations -Winvalid-offsetof -Wno-sign-conversion -Wno-infinite-recursion -Wno-move -Wno-comma -Wno-block-capture-autoreleasing -Wno-strict-prototypes -Wno-range-loop-analysis -Wno-semicolon-before-method-body -I/Users/BrightLand/Envy/OpenCV/CMakeFiles/CMakeTmp/Release/include -I/Users/BrightLand/Envy/OpenCV/CMakeFiles/CMakeTmp/CMAKE_TRY_COMPILE.build/Release/cmTC_1c0ab.build/DerivedSources-normal/x86_64 -I/Users/BrightLand/Envy/OpenCV/CMakeFiles/CMakeTmp/CMAKE_TRY_COMPILE.build/Release/cmTC_1c0ab.build/DerivedSources/x86_64 -I/Users/BrightLand/Envy/OpenCV/CMakeFiles/CMakeTmp/CMAKE_TRY_COMPILE.build/Release/cmTC_1c0ab.build/DerivedSources -F/Users/BrightLand/Envy/OpenCV/CMakeFiles/CMakeTmp/Release -DNDEBUG -fPIE -std\=c++11 -mavx512f -mavx512cd -mavx512er -mavx512pf -mavx5124fmaps -mavx5124vnniw -mavx512vpopcntdq -MMD -MT dependencies -MF /Users/BrightLand/Envy/OpenCV/CMakeFiles/CMakeTmp/CMAKE_TRY_COMPILE.build/Release/cmTC_1c0ab.build/Objects-normal/x86_64/cpu_avx512knm.d --serialize-diagnostics /Users/BrightLand/Envy/OpenCV/CMakeFiles/CMakeTmp/CMAKE_TRY_COMPILE.build/Release/cmTC_1c0ab.build/Objects-normal/x86_64/cpu_avx512knm.dia -c /Users/BrightLand/Envy/_opencv/cmake/checks/cpu_avx512knm.cpp -o /Users/BrightLand/Envy/OpenCV/CMakeFiles/CMakeTmp/CMAKE_TRY_COMPILE.build/Release/cmTC_1c0ab.build/Objects-normal/x86_64/cpu_avx512knm.o
clang: error: unknown argument: '-mavx5124fmaps'
clang: error: unknown argument: '-mavx5124vnniw'

** BUILD FAILED **


The following build commands failed:
	CompileC /Users/BrightLand/Envy/OpenCV/CMakeFiles/CMakeTmp/CMAKE_TRY_COMPILE.build/Release/cmTC_1c0ab.build/Objects-normal/x86_64/cpu_avx512knm.o /Users/BrightLand/Envy/_opencv/cmake/checks/cpu_avx512knm.cpp normal x86_64 c++ com.apple.compilers.llvm.clang.1_0.compiler (in target 'cmTC_1c0ab' from project 'CMAKE_TRY_COMPILE')
(1 failure)


===== END =====

Compilation failed:
    source file: '/Users/BrightLand/Envy/_opencv/cmake/checks/cpu_avx512skx.cpp'
    check option: ''
===== BUILD LOG =====
Change Dir: /Users/BrightLand/Envy/OpenCV/CMakeFiles/CMakeTmp

Run Build Command(s):/usr/bin/xcodebuild -project CMAKE_TRY_COMPILE.xcodeproj build -target cmTC_744cd -parallelizeTargets -configuration Release -hideShellScriptEnvironment && Command line invocation:
    /Applications/Xcode.app/Contents/Developer/usr/bin/xcodebuild -project CMAKE_TRY_COMPILE.xcodeproj build -target cmTC_744cd -parallelizeTargets -configuration Release -hideShellScriptEnvironment

User defaults from command line:
    HideShellScriptEnvironment = YES
    IDEPackageSupportUseBuiltinSCM = YES

note: Using new build system
note: Planning
Analyze workspace

Create build description
Build description signature: 408ce524e94394ad64d35e0bf186dfde
Build description path: /Users/BrightLand/Envy/OpenCV/CMakeFiles/CMakeTmp/build/XCBuildData/408ce524e94394ad64d35e0bf186dfde-desc.xcbuild

note: Build preparation complete
note: Building targets in dependency order
CreateBuildDirectory /Users/BrightLand/Envy/OpenCV/CMakeFiles/CMakeTmp
    cd /Users/BrightLand/Envy/OpenCV/CMakeFiles/CMakeTmp/CMAKE_TRY_COMPILE.xcodeproj
    builtin-create-build-directory /Users/BrightLand/Envy/OpenCV/CMakeFiles/CMakeTmp

CreateBuildDirectory /Users/BrightLand/Envy/OpenCV/CMakeFiles/CMakeTmp/Release
    cd /Users/BrightLand/Envy/OpenCV/CMakeFiles/CMakeTmp/CMAKE_TRY_COMPILE.xcodeproj
    builtin-create-build-directory /Users/BrightLand/Envy/OpenCV/CMakeFiles/CMakeTmp/Release

WriteAuxiliaryFile /Users/BrightLand/Envy/OpenCV/CMakeFiles/CMakeTmp/CMAKE_TRY_COMPILE.build/Release/cmTC_744cd.build/Objects-normal/x86_64/cmTC_744cd.LinkFileList (in target 'cmTC_744cd' from project 'CMAKE_TRY_COMPILE')
    cd /Users/BrightLand/Envy/OpenCV/CMakeFiles/CMakeTmp
    write-file /Users/BrightLand/Envy/OpenCV/CMakeFiles/CMakeTmp/CMAKE_TRY_COMPILE.build/Release/cmTC_744cd.build/Objects-normal/x86_64/cmTC_744cd.LinkFileList

CompileC /Users/BrightLand/Envy/OpenCV/CMakeFiles/CMakeTmp/CMAKE_TRY_COMPILE.build/Release/cmTC_744cd.build/Objects-normal/x86_64/cpu_avx512skx.o /Users/BrightLand/Envy/_opencv/cmake/checks/cpu_avx512skx.cpp normal x86_64 c++ com.apple.compilers.llvm.clang.1_0.compiler (in target 'cmTC_744cd' from project 'CMAKE_TRY_COMPILE')
    cd /Users/BrightLand/Envy/OpenCV/CMakeFiles/CMakeTmp
    /Applications/Xcode.app/Contents/Developer/Toolchains/XcodeDefault.xctoolchain/usr/bin/clang -x c++ -target x86_64-apple-macos12.1 -fmessage-length\=0 -fdiagnostics-show-note-include-stack -fmacro-backtrace-limit\=0 -Wno-trigraphs -fpascal-strings -O3 -Wno-missing-field-initializers -Wno-missing-prototypes -Wno-return-type -Wno-non-virtual-dtor -Wno-overloaded-virtual -Wno-exit-time-destructors -Wno-missing-braces -Wparentheses -Wswitch -Wno-unused-function -Wno-unused-label -Wno-unused-parameter -Wno-unused-variable -Wunused-value -Wno-empty-body -Wno-uninitialized -Wno-unknown-pragmas -Wno-shadow -Wno-four-char-constants -Wno-conversion -Wno-constant-conversion -Wno-int-conversion -Wno-bool-conversion -Wno-enum-conversion -Wno-float-conversion -Wno-non-literal-null-conversion -Wno-objc-literal-conversion -Wno-shorten-64-to-32 -Wno-newline-eof -Wno-c++11-extensions -DCMAKE_INTDIR\=\"Release\" -isysroot /Applications/Xcode.app/Contents/Developer/Platforms/MacOSX.platform/Developer/SDKs/MacOSX12.1.sdk -fasm-blocks -fstrict-aliasing -Wdeprecated-declarations -Winvalid-offsetof -Wno-sign-conversion -Wno-infinite-recursion -Wno-move -Wno-comma -Wno-block-capture-autoreleasing -Wno-strict-prototypes -Wno-range-loop-analysis -Wno-semicolon-before-method-body -I/Users/BrightLand/Envy/OpenCV/CMakeFiles/CMakeTmp/Release/include -I/Users/BrightLand/Envy/OpenCV/CMakeFiles/CMakeTmp/CMAKE_TRY_COMPILE.build/Release/cmTC_744cd.build/DerivedSources-normal/x86_64 -I/Users/BrightLand/Envy/OpenCV/CMakeFiles/CMakeTmp/CMAKE_TRY_COMPILE.build/Release/cmTC_744cd.build/DerivedSources/x86_64 -I/Users/BrightLand/Envy/OpenCV/CMakeFiles/CMakeTmp/CMAKE_TRY_COMPILE.build/Release/cmTC_744cd.build/DerivedSources -F/Users/BrightLand/Envy/OpenCV/CMakeFiles/CMakeTmp/Release -DNDEBUG -fPIE -std\=c++11 -MMD -MT dependencies -MF /Users/BrightLand/Envy/OpenCV/CMakeFiles/CMakeTmp/CMAKE_TRY_COMPILE.build/Release/cmTC_744cd.build/Objects-normal/x86_64/cpu_avx512skx.d --serialize-diagnostics /Users/BrightLand/Envy/OpenCV/CMakeFiles/CMakeTmp/CMAKE_TRY_COMPILE.build/Release/cmTC_744cd.build/Objects-normal/x86_64/cpu_avx512skx.dia -c /Users/BrightLand/Envy/_opencv/cmake/checks/cpu_avx512skx.cpp -o /Users/BrightLand/Envy/OpenCV/CMakeFiles/CMakeTmp/CMAKE_TRY_COMPILE.build/Release/cmTC_744cd.build/Objects-normal/x86_64/cpu_avx512skx.o
/Users/BrightLand/Envy/_opencv/cmake/checks/cpu_avx512skx.cpp:30:2: error: "AVX512-SKX is not supported"
#error "AVX512-SKX is not supported"
 ^
1 error generated.

** BUILD FAILED **


The following build commands failed:
	CompileC /Users/BrightLand/Envy/OpenCV/CMakeFiles/CMakeTmp/CMAKE_TRY_COMPILE.build/Release/cmTC_744cd.build/Objects-normal/x86_64/cpu_avx512skx.o /Users/BrightLand/Envy/_opencv/cmake/checks/cpu_avx512skx.cpp normal x86_64 c++ com.apple.compilers.llvm.clang.1_0.compiler (in target 'cmTC_744cd' from project 'CMAKE_TRY_COMPILE')
(1 failure)


===== END =====

Compilation failed:
    source file: '/Users/BrightLand/Envy/_opencv/cmake/checks/cpu_avx512cnl.cpp'
    check option: ''
===== BUILD LOG =====
Change Dir: /Users/BrightLand/Envy/OpenCV/CMakeFiles/CMakeTmp

Run Build Command(s):/usr/bin/xcodebuild -project CMAKE_TRY_COMPILE.xcodeproj build -target cmTC_064d6 -parallelizeTargets -configuration Release -hideShellScriptEnvironment && Command line invocation:
    /Applications/Xcode.app/Contents/Developer/usr/bin/xcodebuild -project CMAKE_TRY_COMPILE.xcodeproj build -target cmTC_064d6 -parallelizeTargets -configuration Release -hideShellScriptEnvironment

User defaults from command line:
    HideShellScriptEnvironment = YES
    IDEPackageSupportUseBuiltinSCM = YES

note: Using new build system
note: Planning
Analyze workspace

Create build description
Build description signature: a2b6327acb1f871e5298168f649bbf5e
Build description path: /Users/BrightLand/Envy/OpenCV/CMakeFiles/CMakeTmp/build/XCBuildData/a2b6327acb1f871e5298168f649bbf5e-desc.xcbuild

note: Build preparation complete
note: Building targets in dependency order
CreateBuildDirectory /Users/BrightLand/Envy/OpenCV/CMakeFiles/CMakeTmp
    cd /Users/BrightLand/Envy/OpenCV/CMakeFiles/CMakeTmp/CMAKE_TRY_COMPILE.xcodeproj
    builtin-create-build-directory /Users/BrightLand/Envy/OpenCV/CMakeFiles/CMakeTmp

CreateBuildDirectory /Users/BrightLand/Envy/OpenCV/CMakeFiles/CMakeTmp/Release
    cd /Users/BrightLand/Envy/OpenCV/CMakeFiles/CMakeTmp/CMAKE_TRY_COMPILE.xcodeproj
    builtin-create-build-directory /Users/BrightLand/Envy/OpenCV/CMakeFiles/CMakeTmp/Release

CompileC /Users/BrightLand/Envy/OpenCV/CMakeFiles/CMakeTmp/CMAKE_TRY_COMPILE.build/Release/cmTC_064d6.build/Objects-normal/x86_64/cpu_avx512cnl.o /Users/BrightLand/Envy/_opencv/cmake/checks/cpu_avx512cnl.cpp normal x86_64 c++ com.apple.compilers.llvm.clang.1_0.compiler (in target 'cmTC_064d6' from project 'CMAKE_TRY_COMPILE')
    cd /Users/BrightLand/Envy/OpenCV/CMakeFiles/CMakeTmp
    /Applications/Xcode.app/Contents/Developer/Toolchains/XcodeDefault.xctoolchain/usr/bin/clang -x c++ -target x86_64-apple-macos12.1 -fmessage-length\=0 -fdiagnostics-show-note-include-stack -fmacro-backtrace-limit\=0 -Wno-trigraphs -fpascal-strings -O3 -Wno-missing-field-initializers -Wno-missing-prototypes -Wno-return-type -Wno-non-virtual-dtor -Wno-overloaded-virtual -Wno-exit-time-destructors -Wno-missing-braces -Wparentheses -Wswitch -Wno-unused-function -Wno-unused-label -Wno-unused-parameter -Wno-unused-variable -Wunused-value -Wno-empty-body -Wno-uninitialized -Wno-unknown-pragmas -Wno-shadow -Wno-four-char-constants -Wno-conversion -Wno-constant-conversion -Wno-int-conversion -Wno-bool-conversion -Wno-enum-conversion -Wno-float-conversion -Wno-non-literal-null-conversion -Wno-objc-literal-conversion -Wno-shorten-64-to-32 -Wno-newline-eof -Wno-c++11-extensions -DCMAKE_INTDIR\=\"Release\" -isysroot /Applications/Xcode.app/Contents/Developer/Platforms/MacOSX.platform/Developer/SDKs/MacOSX12.1.sdk -fasm-blocks -fstrict-aliasing -Wdeprecated-declarations -Winvalid-offsetof -Wno-sign-conversion -Wno-infinite-recursion -Wno-move -Wno-comma -Wno-block-capture-autoreleasing -Wno-strict-prototypes -Wno-range-loop-analysis -Wno-semicolon-before-method-body -I/Users/BrightLand/Envy/OpenCV/CMakeFiles/CMakeTmp/Release/include -I/Users/BrightLand/Envy/OpenCV/CMakeFiles/CMakeTmp/CMAKE_TRY_COMPILE.build/Release/cmTC_064d6.build/DerivedSources-normal/x86_64 -I/Users/BrightLand/Envy/OpenCV/CMakeFiles/CMakeTmp/CMAKE_TRY_COMPILE.build/Release/cmTC_064d6.build/DerivedSources/x86_64 -I/Users/BrightLand/Envy/OpenCV/CMakeFiles/CMakeTmp/CMAKE_TRY_COMPILE.build/Release/cmTC_064d6.build/DerivedSources -F/Users/BrightLand/Envy/OpenCV/CMakeFiles/CMakeTmp/Release -DNDEBUG -fPIE -std\=c++11 -MMD -MT dependencies -MF /Users/BrightLand/Envy/OpenCV/CMakeFiles/CMakeTmp/CMAKE_TRY_COMPILE.build/Release/cmTC_064d6.build/Objects-normal/x86_64/cpu_avx512cnl.d --serialize-diagnostics /Users/BrightLand/Envy/OpenCV/CMakeFiles/CMakeTmp/CMAKE_TRY_COMPILE.build/Release/cmTC_064d6.build/Objects-normal/x86_64/cpu_avx512cnl.dia -c /Users/BrightLand/Envy/_opencv/cmake/checks/cpu_avx512cnl.cpp -o /Users/BrightLand/Envy/OpenCV/CMakeFiles/CMakeTmp/CMAKE_TRY_COMPILE.build/Release/cmTC_064d6.build/Objects-normal/x86_64/cpu_avx512cnl.o
/Users/BrightLand/Envy/_opencv/cmake/checks/cpu_avx512cnl.cpp:10:2: error: "AVX512-CNL is not supported"
#error "AVX512-CNL is not supported"
 ^
1 error generated.

WriteAuxiliaryFile /Users/BrightLand/Envy/OpenCV/CMakeFiles/CMakeTmp/CMAKE_TRY_COMPILE.build/Release/cmTC_064d6.build/Objects-normal/x86_64/cmTC_064d6.LinkFileList (in target 'cmTC_064d6' from project 'CMAKE_TRY_COMPILE')
    cd /Users/BrightLand/Envy/OpenCV/CMakeFiles/CMakeTmp
    write-file /Users/BrightLand/Envy/OpenCV/CMakeFiles/CMakeTmp/CMAKE_TRY_COMPILE.build/Release/cmTC_064d6.build/Objects-normal/x86_64/cmTC_064d6.LinkFileList

** BUILD FAILED **


The following build commands failed:
	CompileC /Users/BrightLand/Envy/OpenCV/CMakeFiles/CMakeTmp/CMAKE_TRY_COMPILE.build/Release/cmTC_064d6.build/Objects-normal/x86_64/cpu_avx512cnl.o /Users/BrightLand/Envy/_opencv/cmake/checks/cpu_avx512cnl.cpp normal x86_64 c++ com.apple.compilers.llvm.clang.1_0.compiler (in target 'cmTC_064d6' from project 'CMAKE_TRY_COMPILE')
(1 failure)


===== END =====

Compilation failed:
    source file: '/Users/BrightLand/Envy/_opencv/cmake/checks/cpu_avx512clx.cpp'
    check option: ''
===== BUILD LOG =====
Change Dir: /Users/BrightLand/Envy/OpenCV/CMakeFiles/CMakeTmp

Run Build Command(s):/usr/bin/xcodebuild -project CMAKE_TRY_COMPILE.xcodeproj build -target cmTC_31eb2 -parallelizeTargets -configuration Release -hideShellScriptEnvironment && Command line invocation:
    /Applications/Xcode.app/Contents/Developer/usr/bin/xcodebuild -project CMAKE_TRY_COMPILE.xcodeproj build -target cmTC_31eb2 -parallelizeTargets -configuration Release -hideShellScriptEnvironment

User defaults from command line:
    HideShellScriptEnvironment = YES
    IDEPackageSupportUseBuiltinSCM = YES

note: Using new build system
note: Planning
Analyze workspace

Create build description
Build description signature: e9d98654fb81e1bb6b12d034bc295de8
Build description path: /Users/BrightLand/Envy/OpenCV/CMakeFiles/CMakeTmp/build/XCBuildData/e9d98654fb81e1bb6b12d034bc295de8-desc.xcbuild

note: Build preparation complete
note: Building targets in dependency order
CreateBuildDirectory /Users/BrightLand/Envy/OpenCV/CMakeFiles/CMakeTmp
    cd /Users/BrightLand/Envy/OpenCV/CMakeFiles/CMakeTmp/CMAKE_TRY_COMPILE.xcodeproj
    builtin-create-build-directory /Users/BrightLand/Envy/OpenCV/CMakeFiles/CMakeTmp

CreateBuildDirectory /Users/BrightLand/Envy/OpenCV/CMakeFiles/CMakeTmp/Release
    cd /Users/BrightLand/Envy/OpenCV/CMakeFiles/CMakeTmp/CMAKE_TRY_COMPILE.xcodeproj
    builtin-create-build-directory /Users/BrightLand/Envy/OpenCV/CMakeFiles/CMakeTmp/Release

CompileC /Users/BrightLand/Envy/OpenCV/CMakeFiles/CMakeTmp/CMAKE_TRY_COMPILE.build/Release/cmTC_31eb2.build/Objects-normal/x86_64/cpu_avx512clx.o /Users/BrightLand/Envy/_opencv/cmake/checks/cpu_avx512clx.cpp normal x86_64 c++ com.apple.compilers.llvm.clang.1_0.compiler (in target 'cmTC_31eb2' from project 'CMAKE_TRY_COMPILE')
    cd /Users/BrightLand/Envy/OpenCV/CMakeFiles/CMakeTmp
    /Applications/Xcode.app/Contents/Developer/Toolchains/XcodeDefault.xctoolchain/usr/bin/clang -x c++ -target x86_64-apple-macos12.1 -fmessage-length\=0 -fdiagnostics-show-note-include-stack -fmacro-backtrace-limit\=0 -Wno-trigraphs -fpascal-strings -O3 -Wno-missing-field-initializers -Wno-missing-prototypes -Wno-return-type -Wno-non-virtual-dtor -Wno-overloaded-virtual -Wno-exit-time-destructors -Wno-missing-braces -Wparentheses -Wswitch -Wno-unused-function -Wno-unused-label -Wno-unused-parameter -Wno-unused-variable -Wunused-value -Wno-empty-body -Wno-uninitialized -Wno-unknown-pragmas -Wno-shadow -Wno-four-char-constants -Wno-conversion -Wno-constant-conversion -Wno-int-conversion -Wno-bool-conversion -Wno-enum-conversion -Wno-float-conversion -Wno-non-literal-null-conversion -Wno-objc-literal-conversion -Wno-shorten-64-to-32 -Wno-newline-eof -Wno-c++11-extensions -DCMAKE_INTDIR\=\"Release\" -isysroot /Applications/Xcode.app/Contents/Developer/Platforms/MacOSX.platform/Developer/SDKs/MacOSX12.1.sdk -fasm-blocks -fstrict-aliasing -Wdeprecated-declarations -Winvalid-offsetof -Wno-sign-conversion -Wno-infinite-recursion -Wno-move -Wno-comma -Wno-block-capture-autoreleasing -Wno-strict-prototypes -Wno-range-loop-analysis -Wno-semicolon-before-method-body -I/Users/BrightLand/Envy/OpenCV/CMakeFiles/CMakeTmp/Release/include -I/Users/BrightLand/Envy/OpenCV/CMakeFiles/CMakeTmp/CMAKE_TRY_COMPILE.build/Release/cmTC_31eb2.build/DerivedSources-normal/x86_64 -I/Users/BrightLand/Envy/OpenCV/CMakeFiles/CMakeTmp/CMAKE_TRY_COMPILE.build/Release/cmTC_31eb2.build/DerivedSources/x86_64 -I/Users/BrightLand/Envy/OpenCV/CMakeFiles/CMakeTmp/CMAKE_TRY_COMPILE.build/Release/cmTC_31eb2.build/DerivedSources -F/Users/BrightLand/Envy/OpenCV/CMakeFiles/CMakeTmp/Release -DNDEBUG -fPIE -std\=c++11 -MMD -MT dependencies -MF /Users/BrightLand/Envy/OpenCV/CMakeFiles/CMakeTmp/CMAKE_TRY_COMPILE.build/Release/cmTC_31eb2.build/Objects-normal/x86_64/cpu_avx512clx.d --serialize-diagnostics /Users/BrightLand/Envy/OpenCV/CMakeFiles/CMakeTmp/CMAKE_TRY_COMPILE.build/Release/cmTC_31eb2.build/Objects-normal/x86_64/cpu_avx512clx.dia -c /Users/BrightLand/Envy/_opencv/cmake/checks/cpu_avx512clx.cpp -o /Users/BrightLand/Envy/OpenCV/CMakeFiles/CMakeTmp/CMAKE_TRY_COMPILE.build/Release/cmTC_31eb2.build/Objects-normal/x86_64/cpu_avx512clx.o
/Users/BrightLand/Envy/_opencv/cmake/checks/cpu_avx512clx.cpp:9:2: error: "AVX512-CLX is not supported"
#error "AVX512-CLX is not supported"
 ^
1 error generated.

WriteAuxiliaryFile /Users/BrightLand/Envy/OpenCV/CMakeFiles/CMakeTmp/CMAKE_TRY_COMPILE.build/Release/cmTC_31eb2.build/Objects-normal/x86_64/cmTC_31eb2.LinkFileList (in target 'cmTC_31eb2' from project 'CMAKE_TRY_COMPILE')
    cd /Users/BrightLand/Envy/OpenCV/CMakeFiles/CMakeTmp
    write-file /Users/BrightLand/Envy/OpenCV/CMakeFiles/CMakeTmp/CMAKE_TRY_COMPILE.build/Release/cmTC_31eb2.build/Objects-normal/x86_64/cmTC_31eb2.LinkFileList

** BUILD FAILED **


The following build commands failed:
	CompileC /Users/BrightLand/Envy/OpenCV/CMakeFiles/CMakeTmp/CMAKE_TRY_COMPILE.build/Release/cmTC_31eb2.build/Objects-normal/x86_64/cpu_avx512clx.o /Users/BrightLand/Envy/_opencv/cmake/checks/cpu_avx512clx.cpp normal x86_64 c++ com.apple.compilers.llvm.clang.1_0.compiler (in target 'cmTC_31eb2' from project 'CMAKE_TRY_COMPILE')
(1 failure)


===== END =====

Compilation failed:
    source file: '/Users/BrightLand/Envy/_opencv/cmake/checks/cpu_avx512icl.cpp'
    check option: ''
===== BUILD LOG =====
Change Dir: /Users/BrightLand/Envy/OpenCV/CMakeFiles/CMakeTmp

Run Build Command(s):/usr/bin/xcodebuild -project CMAKE_TRY_COMPILE.xcodeproj build -target cmTC_5e832 -parallelizeTargets -configuration Release -hideShellScriptEnvironment && Command line invocation:
    /Applications/Xcode.app/Contents/Developer/usr/bin/xcodebuild -project CMAKE_TRY_COMPILE.xcodeproj build -target cmTC_5e832 -parallelizeTargets -configuration Release -hideShellScriptEnvironment

User defaults from command line:
    HideShellScriptEnvironment = YES
    IDEPackageSupportUseBuiltinSCM = YES

note: Using new build system
note: Planning
Analyze workspace

Create build description
Build description signature: b6357cde2dbd14dabde9ccf1b3710d9f
Build description path: /Users/BrightLand/Envy/OpenCV/CMakeFiles/CMakeTmp/build/XCBuildData/b6357cde2dbd14dabde9ccf1b3710d9f-desc.xcbuild

note: Build preparation complete
note: Building targets in dependency order
CreateBuildDirectory /Users/BrightLand/Envy/OpenCV/CMakeFiles/CMakeTmp
    cd /Users/BrightLand/Envy/OpenCV/CMakeFiles/CMakeTmp/CMAKE_TRY_COMPILE.xcodeproj
    builtin-create-build-directory /Users/BrightLand/Envy/OpenCV/CMakeFiles/CMakeTmp

CreateBuildDirectory /Users/BrightLand/Envy/OpenCV/CMakeFiles/CMakeTmp/Release
    cd /Users/BrightLand/Envy/OpenCV/CMakeFiles/CMakeTmp/CMAKE_TRY_COMPILE.xcodeproj
    builtin-create-build-directory /Users/BrightLand/Envy/OpenCV/CMakeFiles/CMakeTmp/Release

CompileC /Users/BrightLand/Envy/OpenCV/CMakeFiles/CMakeTmp/CMAKE_TRY_COMPILE.build/Release/cmTC_5e832.build/Objects-normal/x86_64/cpu_avx512icl.o /Users/BrightLand/Envy/_opencv/cmake/checks/cpu_avx512icl.cpp normal x86_64 c++ com.apple.compilers.llvm.clang.1_0.compiler (in target 'cmTC_5e832' from project 'CMAKE_TRY_COMPILE')
    cd /Users/BrightLand/Envy/OpenCV/CMakeFiles/CMakeTmp
    /Applications/Xcode.app/Contents/Developer/Toolchains/XcodeDefault.xctoolchain/usr/bin/clang -x c++ -target x86_64-apple-macos12.1 -fmessage-length\=0 -fdiagnostics-show-note-include-stack -fmacro-backtrace-limit\=0 -Wno-trigraphs -fpascal-strings -O3 -Wno-missing-field-initializers -Wno-missing-prototypes -Wno-return-type -Wno-non-virtual-dtor -Wno-overloaded-virtual -Wno-exit-time-destructors -Wno-missing-braces -Wparentheses -Wswitch -Wno-unused-function -Wno-unused-label -Wno-unused-parameter -Wno-unused-variable -Wunused-value -Wno-empty-body -Wno-uninitialized -Wno-unknown-pragmas -Wno-shadow -Wno-four-char-constants -Wno-conversion -Wno-constant-conversion -Wno-int-conversion -Wno-bool-conversion -Wno-enum-conversion -Wno-float-conversion -Wno-non-literal-null-conversion -Wno-objc-literal-conversion -Wno-shorten-64-to-32 -Wno-newline-eof -Wno-c++11-extensions -DCMAKE_INTDIR\=\"Release\" -isysroot /Applications/Xcode.app/Contents/Developer/Platforms/MacOSX.platform/Developer/SDKs/MacOSX12.1.sdk -fasm-blocks -fstrict-aliasing -Wdeprecated-declarations -Winvalid-offsetof -Wno-sign-conversion -Wno-infinite-recursion -Wno-move -Wno-comma -Wno-block-capture-autoreleasing -Wno-strict-prototypes -Wno-range-loop-analysis -Wno-semicolon-before-method-body -I/Users/BrightLand/Envy/OpenCV/CMakeFiles/CMakeTmp/Release/include -I/Users/BrightLand/Envy/OpenCV/CMakeFiles/CMakeTmp/CMAKE_TRY_COMPILE.build/Release/cmTC_5e832.build/DerivedSources-normal/x86_64 -I/Users/BrightLand/Envy/OpenCV/CMakeFiles/CMakeTmp/CMAKE_TRY_COMPILE.build/Release/cmTC_5e832.build/DerivedSources/x86_64 -I/Users/BrightLand/Envy/OpenCV/CMakeFiles/CMakeTmp/CMAKE_TRY_COMPILE.build/Release/cmTC_5e832.build/DerivedSources -F/Users/BrightLand/Envy/OpenCV/CMakeFiles/CMakeTmp/Release -DNDEBUG -fPIE -std\=c++11 -MMD -MT dependencies -MF /Users/BrightLand/Envy/OpenCV/CMakeFiles/CMakeTmp/CMAKE_TRY_COMPILE.build/Release/cmTC_5e832.build/Objects-normal/x86_64/cpu_avx512icl.d --serialize-diagnostics /Users/BrightLand/Envy/OpenCV/CMakeFiles/CMakeTmp/CMAKE_TRY_COMPILE.build/Release/cmTC_5e832.build/Objects-normal/x86_64/cpu_avx512icl.dia -c /Users/BrightLand/Envy/_opencv/cmake/checks/cpu_avx512icl.cpp -o /Users/BrightLand/Envy/OpenCV/CMakeFiles/CMakeTmp/CMAKE_TRY_COMPILE.build/Release/cmTC_5e832.build/Objects-normal/x86_64/cpu_avx512icl.o
/Users/BrightLand/Envy/_opencv/cmake/checks/cpu_avx512icl.cpp:12:2: error: "AVX512-ICL is not supported"
#error "AVX512-ICL is not supported"
 ^
1 error generated.

WriteAuxiliaryFile /Users/BrightLand/Envy/OpenCV/CMakeFiles/CMakeTmp/CMAKE_TRY_COMPILE.build/Release/cmTC_5e832.build/Objects-normal/x86_64/cmTC_5e832.LinkFileList (in target 'cmTC_5e832' from project 'CMAKE_TRY_COMPILE')
    cd /Users/BrightLand/Envy/OpenCV/CMakeFiles/CMakeTmp
    write-file /Users/BrightLand/Envy/OpenCV/CMakeFiles/CMakeTmp/CMAKE_TRY_COMPILE.build/Release/cmTC_5e832.build/Objects-normal/x86_64/cmTC_5e832.LinkFileList

** BUILD FAILED **


The following build commands failed:
	CompileC /Users/BrightLand/Envy/OpenCV/CMakeFiles/CMakeTmp/CMAKE_TRY_COMPILE.build/Release/cmTC_5e832.build/Objects-normal/x86_64/cpu_avx512icl.o /Users/BrightLand/Envy/_opencv/cmake/checks/cpu_avx512icl.cpp normal x86_64 c++ com.apple.compilers.llvm.clang.1_0.compiler (in target 'cmTC_5e832' from project 'CMAKE_TRY_COMPILE')
(1 failure)


===== END =====

Compilation failed:
    source file: '/Users/BrightLand/Envy/OpenCV/CMakeFiles/CMakeTmp/src.cxx'
    check option: ''
===== BUILD LOG =====
Change Dir: /Users/BrightLand/Envy/OpenCV/CMakeFiles/CMakeTmp

Run Build Command(s):/usr/bin/xcodebuild -project CMAKE_TRY_COMPILE.xcodeproj build -target cmTC_a5f88 -parallelizeTargets -configuration Release -hideShellScriptEnvironment && Command line invocation:
    /Applications/Xcode.app/Contents/Developer/usr/bin/xcodebuild -project CMAKE_TRY_COMPILE.xcodeproj build -target cmTC_a5f88 -parallelizeTargets -configuration Release -hideShellScriptEnvironment

User defaults from command line:
    HideShellScriptEnvironment = YES
    IDEPackageSupportUseBuiltinSCM = YES

note: Using new build system
note: Planning
Analyze workspace

Create build description
Build description signature: 9c44e534ded255bd02b0ecd1e4f29264
Build description path: /Users/BrightLand/Envy/OpenCV/CMakeFiles/CMakeTmp/build/XCBuildData/9c44e534ded255bd02b0ecd1e4f29264-desc.xcbuild

note: Build preparation complete
note: Building targets in dependency order
CreateBuildDirectory /Users/BrightLand/Envy/OpenCV/CMakeFiles/CMakeTmp
    cd /Users/BrightLand/Envy/OpenCV/CMakeFiles/CMakeTmp/CMAKE_TRY_COMPILE.xcodeproj
    builtin-create-build-directory /Users/BrightLand/Envy/OpenCV/CMakeFiles/CMakeTmp

CreateBuildDirectory /Users/BrightLand/Envy/OpenCV/CMakeFiles/CMakeTmp/Release
    cd /Users/BrightLand/Envy/OpenCV/CMakeFiles/CMakeTmp/CMAKE_TRY_COMPILE.xcodeproj
    builtin-create-build-directory /Users/BrightLand/Envy/OpenCV/CMakeFiles/CMakeTmp/Release

WriteAuxiliaryFile /Users/BrightLand/Envy/OpenCV/CMakeFiles/CMakeTmp/CMAKE_TRY_COMPILE.build/Release/cmTC_a5f88.build/Objects-normal/x86_64/cmTC_a5f88.LinkFileList (in target 'cmTC_a5f88' from project 'CMAKE_TRY_COMPILE')
    cd /Users/BrightLand/Envy/OpenCV/CMakeFiles/CMakeTmp
    write-file /Users/BrightLand/Envy/OpenCV/CMakeFiles/CMakeTmp/CMAKE_TRY_COMPILE.build/Release/cmTC_a5f88.build/Objects-normal/x86_64/cmTC_a5f88.LinkFileList

CompileC /Users/BrightLand/Envy/OpenCV/CMakeFiles/CMakeTmp/CMAKE_TRY_COMPILE.build/Release/cmTC_a5f88.build/Objects-normal/x86_64/src.o /Users/BrightLand/Envy/OpenCV/CMakeFiles/CMakeTmp/src.cxx normal x86_64 c++ com.apple.compilers.llvm.clang.1_0.compiler (in target 'cmTC_a5f88' from project 'CMAKE_TRY_COMPILE')
    cd /Users/BrightLand/Envy/OpenCV/CMakeFiles/CMakeTmp
    /Applications/Xcode.app/Contents/Developer/Toolchains/XcodeDefault.xctoolchain/usr/bin/clang -x c++ -target x86_64-apple-macos12.1 -fmessage-length\=0 -fdiagnostics-show-note-include-stack -fmacro-backtrace-limit\=0 -Wno-trigraphs -fpascal-strings -O3 -Wno-missing-field-initializers -Wno-missing-prototypes -Wno-return-type -Wno-non-virtual-dtor -Wno-overloaded-virtual -Wno-exit-time-destructors -Wno-missing-braces -Wparentheses -Wswitch -Wno-unused-function -Wno-unused-label -Wno-unused-parameter -Wno-unused-variable -Wunused-value -Wno-empty-body -Wno-uninitialized -Wno-unknown-pragmas -Wno-shadow -Wno-four-char-constants -Wno-conversion -Wno-constant-conversion -Wno-int-conversion -Wno-bool-conversion -Wno-enum-conversion -Wno-float-conversion -Wno-non-literal-null-conversion -Wno-objc-literal-conversion -Wno-shorten-64-to-32 -Wno-newline-eof -Wno-c++11-extensions -DCMAKE_INTDIR\=\"Release\" -isysroot /Applications/Xcode.app/Contents/Developer/Platforms/MacOSX.platform/Developer/SDKs/MacOSX12.1.sdk -fasm-blocks -fstrict-aliasing -Wdeprecated-declarations -Winvalid-offsetof -Wno-sign-conversion -Wno-infinite-recursion -Wno-move -Wno-comma -Wno-block-capture-autoreleasing -Wno-strict-prototypes -Wno-range-loop-analysis -Wno-semicolon-before-method-body -I/Users/BrightLand/Envy/OpenCV/CMakeFiles/CMakeTmp/Release/include -I/Users/BrightLand/Envy/OpenCV/CMakeFiles/CMakeTmp/CMAKE_TRY_COMPILE.build/Release/cmTC_a5f88.build/DerivedSources-normal/x86_64 -I/Users/BrightLand/Envy/OpenCV/CMakeFiles/CMakeTmp/CMAKE_TRY_COMPILE.build/Release/cmTC_a5f88.build/DerivedSources/x86_64 -I/Users/BrightLand/Envy/OpenCV/CMakeFiles/CMakeTmp/CMAKE_TRY_COMPILE.build/Release/cmTC_a5f88.build/DerivedSources -F/Users/BrightLand/Envy/OpenCV/CMakeFiles/CMakeTmp/Release -DNDEBUG -fPIE -std\=c++11 -MMD -MT dependencies -MF /Users/BrightLand/Envy/OpenCV/CMakeFiles/CMakeTmp/CMAKE_TRY_COMPILE.build/Release/cmTC_a5f88.build/Objects-normal/x86_64/src.d --serialize-diagnostics /Users/BrightLand/Envy/OpenCV/CMakeFiles/CMakeTmp/CMAKE_TRY_COMPILE.build/Release/cmTC_a5f88.build/Objects-normal/x86_64/src.dia -c /Users/BrightLand/Envy/OpenCV/CMakeFiles/CMakeTmp/src.cxx -o /Users/BrightLand/Envy/OpenCV/CMakeFiles/CMakeTmp/CMAKE_TRY_COMPILE.build/Release/cmTC_a5f88.build/Objects-normal/x86_64/src.o

Ld /Users/BrightLand/Envy/OpenCV/CMakeFiles/CMakeTmp/Release/cmTC_a5f88 normal (in target 'cmTC_a5f88' from project 'CMAKE_TRY_COMPILE')
    cd /Users/BrightLand/Envy/OpenCV/CMakeFiles/CMakeTmp
    /Applications/Xcode.app/Contents/Developer/Toolchains/XcodeDefault.xctoolchain/usr/bin/clang++ -target x86_64-apple-macos12.1 -isysroot /Applications/Xcode.app/Contents/Developer/Platforms/MacOSX.platform/Developer/SDKs/MacOSX12.1.sdk -L/Users/BrightLand/Envy/OpenCV/CMakeFiles/CMakeTmp/Release -F/Users/BrightLand/Envy/OpenCV/CMakeFiles/CMakeTmp/Release -filelist /Users/BrightLand/Envy/OpenCV/CMakeFiles/CMakeTmp/CMAKE_TRY_COMPILE.build/Release/cmTC_a5f88.build/Objects-normal/x86_64/cmTC_a5f88.LinkFileList -Wl,--as-needed -Wl,-search_paths_first -Wl,-headerpad_max_install_names -Xlinker -dependency_info -Xlinker /Users/BrightLand/Envy/OpenCV/CMakeFiles/CMakeTmp/CMAKE_TRY_COMPILE.build/Release/cmTC_a5f88.build/Objects-normal/x86_64/cmTC_a5f88_dependency_info.dat -o /Users/BrightLand/Envy/OpenCV/CMakeFiles/CMakeTmp/Release/cmTC_a5f88
ld: unknown option: --as-needed
clang: error: linker command failed with exit code 1 (use -v to see invocation)

** BUILD FAILED **


The following build commands failed:
	Ld /Users/BrightLand/Envy/OpenCV/CMakeFiles/CMakeTmp/Release/cmTC_a5f88 normal (in target 'cmTC_a5f88' from project 'CMAKE_TRY_COMPILE')
(1 failure)


===== END =====

Compilation failed:
    source file: '/Users/BrightLand/Envy/OpenCV/CMakeFiles/CMakeTmp/src.cxx'
    check option: ''
===== BUILD LOG =====
Change Dir: /Users/BrightLand/Envy/OpenCV/CMakeFiles/CMakeTmp

Run Build Command(s):/usr/bin/xcodebuild -project CMAKE_TRY_COMPILE.xcodeproj build -target cmTC_f3474 -parallelizeTargets -configuration Release -hideShellScriptEnvironment && Command line invocation:
    /Applications/Xcode.app/Contents/Developer/usr/bin/xcodebuild -project CMAKE_TRY_COMPILE.xcodeproj build -target cmTC_f3474 -parallelizeTargets -configuration Release -hideShellScriptEnvironment

User defaults from command line:
    HideShellScriptEnvironment = YES
    IDEPackageSupportUseBuiltinSCM = YES

note: Using new build system
note: Planning
Analyze workspace

Create build description
Build description signature: 458cc6184a3f45271e96c3a623931b98
Build description path: /Users/BrightLand/Envy/OpenCV/CMakeFiles/CMakeTmp/build/XCBuildData/458cc6184a3f45271e96c3a623931b98-desc.xcbuild

note: Build preparation complete
note: Building targets in dependency order
CreateBuildDirectory /Users/BrightLand/Envy/OpenCV/CMakeFiles/CMakeTmp
    cd /Users/BrightLand/Envy/OpenCV/CMakeFiles/CMakeTmp/CMAKE_TRY_COMPILE.xcodeproj
    builtin-create-build-directory /Users/BrightLand/Envy/OpenCV/CMakeFiles/CMakeTmp

CreateBuildDirectory /Users/BrightLand/Envy/OpenCV/CMakeFiles/CMakeTmp/Release
    cd /Users/BrightLand/Envy/OpenCV/CMakeFiles/CMakeTmp/CMAKE_TRY_COMPILE.xcodeproj
    builtin-create-build-directory /Users/BrightLand/Envy/OpenCV/CMakeFiles/CMakeTmp/Release

WriteAuxiliaryFile /Users/BrightLand/Envy/OpenCV/CMakeFiles/CMakeTmp/CMAKE_TRY_COMPILE.build/Release/cmTC_f3474.build/Objects-normal/x86_64/cmTC_f3474.LinkFileList (in target 'cmTC_f3474' from project 'CMAKE_TRY_COMPILE')
    cd /Users/BrightLand/Envy/OpenCV/CMakeFiles/CMakeTmp
    write-file /Users/BrightLand/Envy/OpenCV/CMakeFiles/CMakeTmp/CMAKE_TRY_COMPILE.build/Release/cmTC_f3474.build/Objects-normal/x86_64/cmTC_f3474.LinkFileList

CompileC /Users/BrightLand/Envy/OpenCV/CMakeFiles/CMakeTmp/CMAKE_TRY_COMPILE.build/Release/cmTC_f3474.build/Objects-normal/x86_64/src.o /Users/BrightLand/Envy/OpenCV/CMakeFiles/CMakeTmp/src.cxx normal x86_64 c++ com.apple.compilers.llvm.clang.1_0.compiler (in target 'cmTC_f3474' from project 'CMAKE_TRY_COMPILE')
    cd /Users/BrightLand/Envy/OpenCV/CMakeFiles/CMakeTmp
    /Applications/Xcode.app/Contents/Developer/Toolchains/XcodeDefault.xctoolchain/usr/bin/clang -x c++ -target x86_64-apple-macos12.1 -fmessage-length\=0 -fdiagnostics-show-note-include-stack -fmacro-backtrace-limit\=0 -Wno-trigraphs -fpascal-strings -O3 -Wno-missing-field-initializers -Wno-missing-prototypes -Wno-return-type -Wno-non-virtual-dtor -Wno-overloaded-virtual -Wno-exit-time-destructors -Wno-missing-braces -Wparentheses -Wswitch -Wno-unused-function -Wno-unused-label -Wno-unused-parameter -Wno-unused-variable -Wunused-value -Wno-empty-body -Wno-uninitialized -Wno-unknown-pragmas -Wno-shadow -Wno-four-char-constants -Wno-conversion -Wno-constant-conversion -Wno-int-conversion -Wno-bool-conversion -Wno-enum-conversion -Wno-float-conversion -Wno-non-literal-null-conversion -Wno-objc-literal-conversion -Wno-shorten-64-to-32 -Wno-newline-eof -Wno-c++11-extensions -DCMAKE_INTDIR\=\"Release\" -isysroot /Applications/Xcode.app/Contents/Developer/Platforms/MacOSX.platform/Developer/SDKs/MacOSX12.1.sdk -fasm-blocks -fstrict-aliasing -Wdeprecated-declarations -Winvalid-offsetof -Wno-sign-conversion -Wno-infinite-recursion -Wno-move -Wno-comma -Wno-block-capture-autoreleasing -Wno-strict-prototypes -Wno-range-loop-analysis -Wno-semicolon-before-method-body -I/Users/BrightLand/Envy/OpenCV/CMakeFiles/CMakeTmp/Release/include -I/Users/BrightLand/Envy/OpenCV/CMakeFiles/CMakeTmp/CMAKE_TRY_COMPILE.build/Release/cmTC_f3474.build/DerivedSources-normal/x86_64 -I/Users/BrightLand/Envy/OpenCV/CMakeFiles/CMakeTmp/CMAKE_TRY_COMPILE.build/Release/cmTC_f3474.build/DerivedSources/x86_64 -I/Users/BrightLand/Envy/OpenCV/CMakeFiles/CMakeTmp/CMAKE_TRY_COMPILE.build/Release/cmTC_f3474.build/DerivedSources -F/Users/BrightLand/Envy/OpenCV/CMakeFiles/CMakeTmp/Release -DNDEBUG -fPIE -std\=c++11 -MMD -MT dependencies -MF /Users/BrightLand/Envy/OpenCV/CMakeFiles/CMakeTmp/CMAKE_TRY_COMPILE.build/Release/cmTC_f3474.build/Objects-normal/x86_64/src.d --serialize-diagnostics /Users/BrightLand/Envy/OpenCV/CMakeFiles/CMakeTmp/CMAKE_TRY_COMPILE.build/Release/cmTC_f3474.build/Objects-normal/x86_64/src.dia -c /Users/BrightLand/Envy/OpenCV/CMakeFiles/CMakeTmp/src.cxx -o /Users/BrightLand/Envy/OpenCV/CMakeFiles/CMakeTmp/CMAKE_TRY_COMPILE.build/Release/cmTC_f3474.build/Objects-normal/x86_64/src.o

Ld /Users/BrightLand/Envy/OpenCV/CMakeFiles/CMakeTmp/Release/cmTC_f3474 normal (in target 'cmTC_f3474' from project 'CMAKE_TRY_COMPILE')
    cd /Users/BrightLand/Envy/OpenCV/CMakeFiles/CMakeTmp
    /Applications/Xcode.app/Contents/Developer/Toolchains/XcodeDefault.xctoolchain/usr/bin/clang++ -target x86_64-apple-macos12.1 -isysroot /Applications/Xcode.app/Contents/Developer/Platforms/MacOSX.platform/Developer/SDKs/MacOSX12.1.sdk -L/Users/BrightLand/Envy/OpenCV/CMakeFiles/CMakeTmp/Release -F/Users/BrightLand/Envy/OpenCV/CMakeFiles/CMakeTmp/Release -filelist /Users/BrightLand/Envy/OpenCV/CMakeFiles/CMakeTmp/CMAKE_TRY_COMPILE.build/Release/cmTC_f3474.build/Objects-normal/x86_64/cmTC_f3474.LinkFileList -Wl,--no-undefined -Wl,-search_paths_first -Wl,-headerpad_max_install_names -Xlinker -dependency_info -Xlinker /Users/BrightLand/Envy/OpenCV/CMakeFiles/CMakeTmp/CMAKE_TRY_COMPILE.build/Release/cmTC_f3474.build/Objects-normal/x86_64/cmTC_f3474_dependency_info.dat -o /Users/BrightLand/Envy/OpenCV/CMakeFiles/CMakeTmp/Release/cmTC_f3474
ld: unknown option: --no-undefined
clang: error: linker command failed with exit code 1 (use -v to see invocation)

** BUILD FAILED **


The following build commands failed:
	Ld /Users/BrightLand/Envy/OpenCV/CMakeFiles/CMakeTmp/Release/cmTC_f3474 normal (in target 'cmTC_f3474' from project 'CMAKE_TRY_COMPILE')
(1 failure)


===== END =====

Determining if the include file malloc.h exists failed with the following output:
Change Dir: /Users/BrightLand/Envy/OpenCV/CMakeFiles/CMakeTmp

Run Build Command(s):/usr/bin/xcodebuild -project CMAKE_TRY_COMPILE.xcodeproj build -target cmTC_8ca00 -parallelizeTargets -configuration Release -hideShellScriptEnvironment && Command line invocation:
    /Applications/Xcode.app/Contents/Developer/usr/bin/xcodebuild -project CMAKE_TRY_COMPILE.xcodeproj build -target cmTC_8ca00 -parallelizeTargets -configuration Release -hideShellScriptEnvironment

User defaults from command line:
    HideShellScriptEnvironment = YES
    IDEPackageSupportUseBuiltinSCM = YES

note: Using new build system
note: Planning
Analyze workspace

Create build description
Build description signature: 39c1397f8125c0e58b066645815bd870
Build description path: /Users/BrightLand/Envy/OpenCV/CMakeFiles/CMakeTmp/build/XCBuildData/39c1397f8125c0e58b066645815bd870-desc.xcbuild

note: Build preparation complete
note: Building targets in dependency order
CreateBuildDirectory /Users/BrightLand/Envy/OpenCV/CMakeFiles/CMakeTmp
    cd /Users/BrightLand/Envy/OpenCV/CMakeFiles/CMakeTmp/CMAKE_TRY_COMPILE.xcodeproj
    builtin-create-build-directory /Users/BrightLand/Envy/OpenCV/CMakeFiles/CMakeTmp

CreateBuildDirectory /Users/BrightLand/Envy/OpenCV/CMakeFiles/CMakeTmp/Release
    cd /Users/BrightLand/Envy/OpenCV/CMakeFiles/CMakeTmp/CMAKE_TRY_COMPILE.xcodeproj
    builtin-create-build-directory /Users/BrightLand/Envy/OpenCV/CMakeFiles/CMakeTmp/Release

CompileC /Users/BrightLand/Envy/OpenCV/CMakeFiles/CMakeTmp/CMAKE_TRY_COMPILE.build/Release/cmTC_8ca00.build/Objects-normal/x86_64/CheckIncludeFile.o /Users/BrightLand/Envy/OpenCV/CMakeFiles/CMakeTmp/CheckIncludeFile.c normal x86_64 c com.apple.compilers.llvm.clang.1_0.compiler (in target 'cmTC_8ca00' from project 'CMAKE_TRY_COMPILE')
    cd /Users/BrightLand/Envy/OpenCV/CMakeFiles/CMakeTmp
    /Applications/Xcode.app/Contents/Developer/Toolchains/XcodeDefault.xctoolchain/usr/bin/clang -x c -target x86_64-apple-macos12.1 -fmessage-length\=0 -fdiagnostics-show-note-include-stack -fmacro-backtrace-limit\=0 -Wno-trigraphs -fpascal-strings -O3 -Wno-missing-field-initializers -Wno-missing-prototypes -Wno-return-type -Wno-missing-braces -Wparentheses -Wswitch -Wno-unused-function -Wno-unused-label -Wno-unused-parameter -Wno-unused-variable -Wunused-value -Wno-empty-body -Wno-uninitialized -Wno-unknown-pragmas -Wno-shadow -Wno-four-char-constants -Wno-conversion -Wno-constant-conversion -Wno-int-conversion -Wno-bool-conversion -Wno-enum-conversion -Wno-float-conversion -Wno-non-literal-null-conversion -Wno-objc-literal-conversion -Wno-shorten-64-to-32 -Wpointer-sign -Wno-newline-eof -DCMAKE_INTDIR\=\"Release\" -isysroot /Applications/Xcode.app/Contents/Developer/Platforms/MacOSX.platform/Developer/SDKs/MacOSX12.1.sdk -fasm-blocks -fstrict-aliasing -Wdeprecated-declarations -Wno-sign-conversion -Wno-infinite-recursion -Wno-comma -Wno-block-capture-autoreleasing -Wno-strict-prototypes -Wno-semicolon-before-method-body -I/Users/BrightLand/Envy/OpenCV/CMakeFiles/CMakeTmp/Release/include -I/Users/BrightLand/Envy/OpenCV/CMakeFiles/CMakeTmp/CMAKE_TRY_COMPILE.build/Release/cmTC_8ca00.build/DerivedSources-normal/x86_64 -I/Users/BrightLand/Envy/OpenCV/CMakeFiles/CMakeTmp/CMAKE_TRY_COMPILE.build/Release/cmTC_8ca00.build/DerivedSources/x86_64 -I/Users/BrightLand/Envy/OpenCV/CMakeFiles/CMakeTmp/CMAKE_TRY_COMPILE.build/Release/cmTC_8ca00.build/DerivedSources -F/Users/BrightLand/Envy/OpenCV/CMakeFiles/CMakeTmp/Release -fsigned-char -W -Wall -Wreturn-type -Wnon-virtual-dtor -Waddress -Wsequence-point -Wformat -Wformat-security -Wmissing-declarations -Wmissing-prototypes -Wstrict-prototypes -Wundef -Winit-self -Wpointer-arith -Wshadow -Wsign-promo -Wuninitialized -Wno-delete-non-virtual-dtor -Wno-unnamed-type-template-args -Wno-comment -fdiagnostics-show-option -Wno-long-long -Qunused-arguments -Wno-semicolon-before-method-body -ffunction-sections -fdata-sections -fvisibility\=hidden -fvisibility-inlines-hidden -DNDEBUG -DNDEBUG -fPIE -MMD -MT dependencies -MF /Users/BrightLand/Envy/OpenCV/CMakeFiles/CMakeTmp/CMAKE_TRY_COMPILE.build/Release/cmTC_8ca00.build/Objects-normal/x86_64/CheckIncludeFile.d --serialize-diagnostics /Users/BrightLand/Envy/OpenCV/CMakeFiles/CMakeTmp/CMAKE_TRY_COMPILE.build/Release/cmTC_8ca00.build/Objects-normal/x86_64/CheckIncludeFile.dia -c /Users/BrightLand/Envy/OpenCV/CMakeFiles/CMakeTmp/CheckIncludeFile.c -o /Users/BrightLand/Envy/OpenCV/CMakeFiles/CMakeTmp/CMAKE_TRY_COMPILE.build/Release/cmTC_8ca00.build/Objects-normal/x86_64/CheckIncludeFile.o
/Users/BrightLand/Envy/OpenCV/CMakeFiles/CMakeTmp/CheckIncludeFile.c:1:10: fatal error: 'malloc.h' file not found
#include <malloc.h>
         ^~~~~~~~~~
1 error generated.

WriteAuxiliaryFile /Users/BrightLand/Envy/OpenCV/CMakeFiles/CMakeTmp/CMAKE_TRY_COMPILE.build/Release/cmTC_8ca00.build/Objects-normal/x86_64/cmTC_8ca00.LinkFileList (in target 'cmTC_8ca00' from project 'CMAKE_TRY_COMPILE')
    cd /Users/BrightLand/Envy/OpenCV/CMakeFiles/CMakeTmp
    write-file /Users/BrightLand/Envy/OpenCV/CMakeFiles/CMakeTmp/CMAKE_TRY_COMPILE.build/Release/cmTC_8ca00.build/Objects-normal/x86_64/cmTC_8ca00.LinkFileList

** BUILD FAILED **


The following build commands failed:
	CompileC /Users/BrightLand/Envy/OpenCV/CMakeFiles/CMakeTmp/CMAKE_TRY_COMPILE.build/Release/cmTC_8ca00.build/Objects-normal/x86_64/CheckIncludeFile.o /Users/BrightLand/Envy/OpenCV/CMakeFiles/CMakeTmp/CheckIncludeFile.c normal x86_64 c com.apple.compilers.llvm.clang.1_0.compiler (in target 'cmTC_8ca00' from project 'CMAKE_TRY_COMPILE')
(1 failure)



Determining size of off64_t failed with the following output:
Change Dir: /Users/BrightLand/Envy/OpenCV/CMakeFiles/CMakeTmp

Run Build Command(s):/usr/bin/xcodebuild -project CMAKE_TRY_COMPILE.xcodeproj build -target cmTC_9bafe -parallelizeTargets -configuration Release -hideShellScriptEnvironment && Command line invocation:
    /Applications/Xcode.app/Contents/Developer/usr/bin/xcodebuild -project CMAKE_TRY_COMPILE.xcodeproj build -target cmTC_9bafe -parallelizeTargets -configuration Release -hideShellScriptEnvironment

User defaults from command line:
    HideShellScriptEnvironment = YES
    IDEPackageSupportUseBuiltinSCM = YES

note: Using new build system
note: Planning
Analyze workspace

Create build description
Build description signature: 5f650d0beafec2f184dfa5681e894d0a
Build description path: /Users/BrightLand/Envy/OpenCV/CMakeFiles/CMakeTmp/build/XCBuildData/5f650d0beafec2f184dfa5681e894d0a-desc.xcbuild

note: Build preparation complete
note: Building targets in dependency order
CreateBuildDirectory /Users/BrightLand/Envy/OpenCV/CMakeFiles/CMakeTmp
    cd /Users/BrightLand/Envy/OpenCV/CMakeFiles/CMakeTmp/CMAKE_TRY_COMPILE.xcodeproj
    builtin-create-build-directory /Users/BrightLand/Envy/OpenCV/CMakeFiles/CMakeTmp

CreateBuildDirectory /Users/BrightLand/Envy/OpenCV/CMakeFiles/CMakeTmp/Release
    cd /Users/BrightLand/Envy/OpenCV/CMakeFiles/CMakeTmp/CMAKE_TRY_COMPILE.xcodeproj
    builtin-create-build-directory /Users/BrightLand/Envy/OpenCV/CMakeFiles/CMakeTmp/Release

CompileC /Users/BrightLand/Envy/OpenCV/CMakeFiles/CMakeTmp/CMAKE_TRY_COMPILE.build/Release/cmTC_9bafe.build/Objects-normal/x86_64/OFF64_T.o /Users/BrightLand/Envy/OpenCV/CMakeFiles/CheckTypeSize/OFF64_T.c normal x86_64 c com.apple.compilers.llvm.clang.1_0.compiler (in target 'cmTC_9bafe' from project 'CMAKE_TRY_COMPILE')
    cd /Users/BrightLand/Envy/OpenCV/CMakeFiles/CMakeTmp
    /Applications/Xcode.app/Contents/Developer/Toolchains/XcodeDefault.xctoolchain/usr/bin/clang -x c -target x86_64-apple-macos12.1 -fmessage-length\=0 -fdiagnostics-show-note-include-stack -fmacro-backtrace-limit\=0 -Wno-trigraphs -fpascal-strings -O3 -Wno-missing-field-initializers -Wno-missing-prototypes -Wno-return-type -Wno-missing-braces -Wparentheses -Wswitch -Wno-unused-function -Wno-unused-label -Wno-unused-parameter -Wno-unused-variable -Wunused-value -Wno-empty-body -Wno-uninitialized -Wno-unknown-pragmas -Wno-shadow -Wno-four-char-constants -Wno-conversion -Wno-constant-conversion -Wno-int-conversion -Wno-bool-conversion -Wno-enum-conversion -Wno-float-conversion -Wno-non-literal-null-conversion -Wno-objc-literal-conversion -Wno-shorten-64-to-32 -Wpointer-sign -Wno-newline-eof -DCMAKE_INTDIR\=\"Release\" -isysroot /Applications/Xcode.app/Contents/Developer/Platforms/MacOSX.platform/Developer/SDKs/MacOSX12.1.sdk -fasm-blocks -fstrict-aliasing -Wdeprecated-declarations -Wno-sign-conversion -Wno-infinite-recursion -Wno-comma -Wno-block-capture-autoreleasing -Wno-strict-prototypes -Wno-semicolon-before-method-body -I/Users/BrightLand/Envy/OpenCV/CMakeFiles/CMakeTmp/Release/include -I/Users/BrightLand/Envy/OpenCV/CMakeFiles/CMakeTmp/CMAKE_TRY_COMPILE.build/Release/cmTC_9bafe.build/DerivedSources-normal/x86_64 -I/Users/BrightLand/Envy/OpenCV/CMakeFiles/CMakeTmp/CMAKE_TRY_COMPILE.build/Release/cmTC_9bafe.build/DerivedSources/x86_64 -I/Users/BrightLand/Envy/OpenCV/CMakeFiles/CMakeTmp/CMAKE_TRY_COMPILE.build/Release/cmTC_9bafe.build/DerivedSources -F/Users/BrightLand/Envy/OpenCV/CMakeFiles/CMakeTmp/Release -fsigned-char -W -Wall -Wreturn-type -Wnon-virtual-dtor -Waddress -Wsequence-point -Wformat -Wformat-security -Wmissing-declarations -Wmissing-prototypes -Wstrict-prototypes -Wundef -Winit-self -Wpointer-arith -Wshadow -Wsign-promo -Wuninitialized -Wno-delete-non-virtual-dtor -Wno-unnamed-type-template-args -Wno-comment -fdiagnostics-show-option -Wno-long-long -Qunused-arguments -Wno-semicolon-before-method-body -ffunction-sections -fdata-sections -fvisibility\=hidden -fvisibility-inlines-hidden -DNDEBUG -DNDEBUG -fPIE -MMD -MT dependencies -MF /Users/BrightLand/Envy/OpenCV/CMakeFiles/CMakeTmp/CMAKE_TRY_COMPILE.build/Release/cmTC_9bafe.build/Objects-normal/x86_64/OFF64_T.d --serialize-diagnostics /Users/BrightLand/Envy/OpenCV/CMakeFiles/CMakeTmp/CMAKE_TRY_COMPILE.build/Release/cmTC_9bafe.build/Objects-normal/x86_64/OFF64_T.dia -c /Users/BrightLand/Envy/OpenCV/CMakeFiles/CheckTypeSize/OFF64_T.c -o /Users/BrightLand/Envy/OpenCV/CMakeFiles/CMakeTmp/CMAKE_TRY_COMPILE.build/Release/cmTC_9bafe.build/Objects-normal/x86_64/OFF64_T.o
/Users/BrightLand/Envy/OpenCV/CMakeFiles/CheckTypeSize/OFF64_T.c:29:12: error: use of undeclared identifier 'off64_t'
  ('0' + ((SIZE / 10000)%10)),
           ^
/Users/BrightLand/Envy/OpenCV/CMakeFiles/CheckTypeSize/OFF64_T.c:27:22: note: expanded from macro 'SIZE'
#define SIZE (sizeof(off64_t))
                     ^
/Users/BrightLand/Envy/OpenCV/CMakeFiles/CheckTypeSize/OFF64_T.c:30:12: error: use of undeclared identifier 'off64_t'
  ('0' + ((SIZE / 1000)%10)),
           ^
/Users/BrightLand/Envy/OpenCV/CMakeFiles/CheckTypeSize/OFF64_T.c:27:22: note: expanded from macro 'SIZE'
#define SIZE (sizeof(off64_t))
                     ^
/Users/BrightLand/Envy/OpenCV/CMakeFiles/CheckTypeSize/OFF64_T.c:31:12: error: use of undeclared identifier 'off64_t'
  ('0' + ((SIZE / 100)%10)),
           ^
/Users/BrightLand/Envy/OpenCV/CMakeFiles/CheckTypeSize/OFF64_T.c:27:22: note: expanded from macro 'SIZE'
#define SIZE (sizeof(off64_t))
                     ^
/Users/BrightLand/Envy/OpenCV/CMakeFiles/CheckTypeSize/OFF64_T.c:32:12: error: use of undeclared identifier 'off64_t'
  ('0' + ((SIZE / 10)%10)),
           ^
/Users/BrightLand/Envy/OpenCV/CMakeFiles/CheckTypeSize/OFF64_T.c:27:22: note: expanded from macro 'SIZE'
#define SIZE (sizeof(off64_t))
                     ^
/Users/BrightLand/Envy/OpenCV/CMakeFiles/CheckTypeSize/OFF64_T.c:33:12: error: use of undeclared identifier 'off64_t'
  ('0' +  (SIZE    % 10)),
           ^
/Users/BrightLand/Envy/OpenCV/CMakeFiles/CheckTypeSize/OFF64_T.c:27:22: note: expanded from macro 'SIZE'
#define SIZE (sizeof(off64_t))
                     ^
5 errors generated.

WriteAuxiliaryFile /Users/BrightLand/Envy/OpenCV/CMakeFiles/CMakeTmp/CMAKE_TRY_COMPILE.build/Release/cmTC_9bafe.build/Objects-normal/x86_64/cmTC_9bafe.LinkFileList (in target 'cmTC_9bafe' from project 'CMAKE_TRY_COMPILE')
    cd /Users/BrightLand/Envy/OpenCV/CMakeFiles/CMakeTmp
    write-file /Users/BrightLand/Envy/OpenCV/CMakeFiles/CMakeTmp/CMAKE_TRY_COMPILE.build/Release/cmTC_9bafe.build/Objects-normal/x86_64/cmTC_9bafe.LinkFileList

** BUILD FAILED **


The following build commands failed:
	CompileC /Users/BrightLand/Envy/OpenCV/CMakeFiles/CMakeTmp/CMAKE_TRY_COMPILE.build/Release/cmTC_9bafe.build/Objects-normal/x86_64/OFF64_T.o /Users/BrightLand/Envy/OpenCV/CMakeFiles/CheckTypeSize/OFF64_T.c normal x86_64 c com.apple.compilers.llvm.clang.1_0.compiler (in target 'cmTC_9bafe' from project 'CMAKE_TRY_COMPILE')
(1 failure)


/Users/BrightLand/Envy/OpenCV/CMakeFiles/CheckTypeSize/OFF64_T.c:
#include <sys/types.h>
#include <stdint.h>
#include <stddef.h>


#undef KEY
#if defined(__i386)
# define KEY '_','_','i','3','8','6'
#elif defined(__x86_64)
# define KEY '_','_','x','8','6','_','6','4'
#elif defined(__PPC64__)
# define KEY '_','_','P','P','C','6','4','_','_'
#elif defined(__ppc64__)
# define KEY '_','_','p','p','c','6','4','_','_'
#elif defined(__PPC__)
# define KEY '_','_','P','P','C','_','_'
#elif defined(__ppc__)
# define KEY '_','_','p','p','c','_','_'
#elif defined(__aarch64__)
# define KEY '_','_','a','a','r','c','h','6','4','_','_'
#elif defined(__ARM_ARCH_7A__)
# define KEY '_','_','A','R','M','_','A','R','C','H','_','7','A','_','_'
#elif defined(__ARM_ARCH_7S__)
# define KEY '_','_','A','R','M','_','A','R','C','H','_','7','S','_','_'
#endif

#define SIZE (sizeof(off64_t))
static char info_size[] =  {'I', 'N', 'F', 'O', ':', 's','i','z','e','[',
  ('0' + ((SIZE / 10000)%10)),
  ('0' + ((SIZE / 1000)%10)),
  ('0' + ((SIZE / 100)%10)),
  ('0' + ((SIZE / 10)%10)),
  ('0' +  (SIZE    % 10)),
  ']',
#ifdef KEY
  ' ','k','e','y','[', KEY, ']',
#endif
  '\0'};

#ifdef __CLASSIC_C__
int main(argc, argv) int argc; char *argv[];
#else
int main(int argc, char *argv[])
#endif
{
  int require = 0;
  require += info_size[argc];
  (void)argv;
  return require;
}


Determining if the include file io.h exists failed with the following output:
Change Dir: /Users/BrightLand/Envy/OpenCV/CMakeFiles/CMakeTmp

Run Build Command(s):/usr/bin/xcodebuild -project CMAKE_TRY_COMPILE.xcodeproj build -target cmTC_9fcb3 -parallelizeTargets -configuration Release -hideShellScriptEnvironment && Command line invocation:
    /Applications/Xcode.app/Contents/Developer/usr/bin/xcodebuild -project CMAKE_TRY_COMPILE.xcodeproj build -target cmTC_9fcb3 -parallelizeTargets -configuration Release -hideShellScriptEnvironment

User defaults from command line:
    HideShellScriptEnvironment = YES
    IDEPackageSupportUseBuiltinSCM = YES

note: Using new build system
note: Planning
Analyze workspace

Create build description
Build description signature: 6f1a5c61dacf47c75c2c1318a2075925
Build description path: /Users/BrightLand/Envy/OpenCV/CMakeFiles/CMakeTmp/build/XCBuildData/6f1a5c61dacf47c75c2c1318a2075925-desc.xcbuild

note: Build preparation complete
note: Building targets in dependency order
CreateBuildDirectory /Users/BrightLand/Envy/OpenCV/CMakeFiles/CMakeTmp
    cd /Users/BrightLand/Envy/OpenCV/CMakeFiles/CMakeTmp/CMAKE_TRY_COMPILE.xcodeproj
    builtin-create-build-directory /Users/BrightLand/Envy/OpenCV/CMakeFiles/CMakeTmp

CreateBuildDirectory /Users/BrightLand/Envy/OpenCV/CMakeFiles/CMakeTmp/Release
    cd /Users/BrightLand/Envy/OpenCV/CMakeFiles/CMakeTmp/CMAKE_TRY_COMPILE.xcodeproj
    builtin-create-build-directory /Users/BrightLand/Envy/OpenCV/CMakeFiles/CMakeTmp/Release

CompileC /Users/BrightLand/Envy/OpenCV/CMakeFiles/CMakeTmp/CMAKE_TRY_COMPILE.build/Release/cmTC_9fcb3.build/Objects-normal/x86_64/CheckIncludeFile.o /Users/BrightLand/Envy/OpenCV/CMakeFiles/CMakeTmp/CheckIncludeFile.c normal x86_64 c com.apple.compilers.llvm.clang.1_0.compiler (in target 'cmTC_9fcb3' from project 'CMAKE_TRY_COMPILE')
    cd /Users/BrightLand/Envy/OpenCV/CMakeFiles/CMakeTmp
    /Applications/Xcode.app/Contents/Developer/Toolchains/XcodeDefault.xctoolchain/usr/bin/clang -x c -target x86_64-apple-macos12.1 -fmessage-length\=0 -fdiagnostics-show-note-include-stack -fmacro-backtrace-limit\=0 -Wno-trigraphs -fpascal-strings -O3 -Wno-missing-field-initializers -Wno-missing-prototypes -Wno-return-type -Wno-missing-braces -Wparentheses -Wswitch -Wno-unused-function -Wno-unused-label -Wno-unused-parameter -Wno-unused-variable -Wunused-value -Wno-empty-body -Wno-uninitialized -Wno-unknown-pragmas -Wno-shadow -Wno-four-char-constants -Wno-conversion -Wno-constant-conversion -Wno-int-conversion -Wno-bool-conversion -Wno-enum-conversion -Wno-float-conversion -Wno-non-literal-null-conversion -Wno-objc-literal-conversion -Wno-shorten-64-to-32 -Wpointer-sign -Wno-newline-eof -DCMAKE_INTDIR\=\"Release\" -isysroot /Applications/Xcode.app/Contents/Developer/Platforms/MacOSX.platform/Developer/SDKs/MacOSX12.1.sdk -fasm-blocks -fstrict-aliasing -Wdeprecated-declarations -Wno-sign-conversion -Wno-infinite-recursion -Wno-comma -Wno-block-capture-autoreleasing -Wno-strict-prototypes -Wno-semicolon-before-method-body -I/Users/BrightLand/Envy/OpenCV/CMakeFiles/CMakeTmp/Release/include -I/Users/BrightLand/Envy/OpenCV/CMakeFiles/CMakeTmp/CMAKE_TRY_COMPILE.build/Release/cmTC_9fcb3.build/DerivedSources-normal/x86_64 -I/Users/BrightLand/Envy/OpenCV/CMakeFiles/CMakeTmp/CMAKE_TRY_COMPILE.build/Release/cmTC_9fcb3.build/DerivedSources/x86_64 -I/Users/BrightLand/Envy/OpenCV/CMakeFiles/CMakeTmp/CMAKE_TRY_COMPILE.build/Release/cmTC_9fcb3.build/DerivedSources -F/Users/BrightLand/Envy/OpenCV/CMakeFiles/CMakeTmp/Release -fsigned-char -W -Wall -Wreturn-type -Wnon-virtual-dtor -Waddress -Wsequence-point -Wformat -Wformat-security -Wmissing-declarations -Wmissing-prototypes -Wstrict-prototypes -Wundef -Winit-self -Wpointer-arith -Wshadow -Wsign-promo -Wuninitialized -Wno-delete-non-virtual-dtor -Wno-unnamed-type-template-args -Wno-comment -fdiagnostics-show-option -Wno-long-long -Qunused-arguments -Wno-semicolon-before-method-body -ffunction-sections -fdata-sections -fvisibility\=hidden -fvisibility-inlines-hidden -DNDEBUG -DNDEBUG -fPIE -MMD -MT dependencies -MF /Users/BrightLand/Envy/OpenCV/CMakeFiles/CMakeTmp/CMAKE_TRY_COMPILE.build/Release/cmTC_9fcb3.build/Objects-normal/x86_64/CheckIncludeFile.d --serialize-diagnostics /Users/BrightLand/Envy/OpenCV/CMakeFiles/CMakeTmp/CMAKE_TRY_COMPILE.build/Release/cmTC_9fcb3.build/Objects-normal/x86_64/CheckIncludeFile.dia -c /Users/BrightLand/Envy/OpenCV/CMakeFiles/CMakeTmp/CheckIncludeFile.c -o /Users/BrightLand/Envy/OpenCV/CMakeFiles/CMakeTmp/CMAKE_TRY_COMPILE.build/Release/cmTC_9fcb3.build/Objects-normal/x86_64/CheckIncludeFile.o
/Users/BrightLand/Envy/OpenCV/CMakeFiles/CMakeTmp/CheckIncludeFile.c:1:10: fatal error: 'io.h' file not found
#include <io.h>
         ^~~~~~
1 error generated.

WriteAuxiliaryFile /Users/BrightLand/Envy/OpenCV/CMakeFiles/CMakeTmp/CMAKE_TRY_COMPILE.build/Release/cmTC_9fcb3.build/Objects-normal/x86_64/cmTC_9fcb3.LinkFileList (in target 'cmTC_9fcb3' from project 'CMAKE_TRY_COMPILE')
    cd /Users/BrightLand/Envy/OpenCV/CMakeFiles/CMakeTmp
    write-file /Users/BrightLand/Envy/OpenCV/CMakeFiles/CMakeTmp/CMAKE_TRY_COMPILE.build/Release/cmTC_9fcb3.build/Objects-normal/x86_64/cmTC_9fcb3.LinkFileList

** BUILD FAILED **


The following build commands failed:
	CompileC /Users/BrightLand/Envy/OpenCV/CMakeFiles/CMakeTmp/CMAKE_TRY_COMPILE.build/Release/cmTC_9fcb3.build/Objects-normal/x86_64/CheckIncludeFile.o /Users/BrightLand/Envy/OpenCV/CMakeFiles/CMakeTmp/CheckIncludeFile.c normal x86_64 c com.apple.compilers.llvm.clang.1_0.compiler (in target 'cmTC_9fcb3' from project 'CMAKE_TRY_COMPILE')
(1 failure)



Determining size of INT8 failed with the following output:
Change Dir: /Users/BrightLand/Envy/OpenCV/CMakeFiles/CMakeTmp

Run Build Command(s):/usr/bin/xcodebuild -project CMAKE_TRY_COMPILE.xcodeproj build -target cmTC_51854 -parallelizeTargets -configuration Release -hideShellScriptEnvironment && Command line invocation:
    /Applications/Xcode.app/Contents/Developer/usr/bin/xcodebuild -project CMAKE_TRY_COMPILE.xcodeproj build -target cmTC_51854 -parallelizeTargets -configuration Release -hideShellScriptEnvironment

User defaults from command line:
    HideShellScriptEnvironment = YES
    IDEPackageSupportUseBuiltinSCM = YES

note: Using new build system
note: Planning
Analyze workspace

Create build description
Build description signature: 5cba21503f2d00f2ba3030233a65834b
Build description path: /Users/BrightLand/Envy/OpenCV/CMakeFiles/CMakeTmp/build/XCBuildData/5cba21503f2d00f2ba3030233a65834b-desc.xcbuild

note: Build preparation complete
note: Building targets in dependency order
CreateBuildDirectory /Users/BrightLand/Envy/OpenCV/CMakeFiles/CMakeTmp
    cd /Users/BrightLand/Envy/OpenCV/CMakeFiles/CMakeTmp/CMAKE_TRY_COMPILE.xcodeproj
    builtin-create-build-directory /Users/BrightLand/Envy/OpenCV/CMakeFiles/CMakeTmp

CreateBuildDirectory /Users/BrightLand/Envy/OpenCV/CMakeFiles/CMakeTmp/Release
    cd /Users/BrightLand/Envy/OpenCV/CMakeFiles/CMakeTmp/CMAKE_TRY_COMPILE.xcodeproj
    builtin-create-build-directory /Users/BrightLand/Envy/OpenCV/CMakeFiles/CMakeTmp/Release

WriteAuxiliaryFile /Users/BrightLand/Envy/OpenCV/CMakeFiles/CMakeTmp/CMAKE_TRY_COMPILE.build/Release/cmTC_51854.build/Objects-normal/x86_64/cmTC_51854.LinkFileList (in target 'cmTC_51854' from project 'CMAKE_TRY_COMPILE')
    cd /Users/BrightLand/Envy/OpenCV/CMakeFiles/CMakeTmp
    write-file /Users/BrightLand/Envy/OpenCV/CMakeFiles/CMakeTmp/CMAKE_TRY_COMPILE.build/Release/cmTC_51854.build/Objects-normal/x86_64/cmTC_51854.LinkFileList

CompileC /Users/BrightLand/Envy/OpenCV/CMakeFiles/CMakeTmp/CMAKE_TRY_COMPILE.build/Release/cmTC_51854.build/Objects-normal/x86_64/int8.o /Users/BrightLand/Envy/OpenCV/CMakeFiles/CheckTypeSize/int8.c normal x86_64 c com.apple.compilers.llvm.clang.1_0.compiler (in target 'cmTC_51854' from project 'CMAKE_TRY_COMPILE')
    cd /Users/BrightLand/Envy/OpenCV/CMakeFiles/CMakeTmp
    /Applications/Xcode.app/Contents/Developer/Toolchains/XcodeDefault.xctoolchain/usr/bin/clang -x c -target x86_64-apple-macos12.1 -fmessage-length\=0 -fdiagnostics-show-note-include-stack -fmacro-backtrace-limit\=0 -Wno-trigraphs -fpascal-strings -O3 -Wno-missing-field-initializers -Wno-missing-prototypes -Wno-return-type -Wno-missing-braces -Wparentheses -Wswitch -Wno-unused-function -Wno-unused-label -Wno-unused-parameter -Wno-unused-variable -Wunused-value -Wno-empty-body -Wno-uninitialized -Wno-unknown-pragmas -Wno-shadow -Wno-four-char-constants -Wno-conversion -Wno-constant-conversion -Wno-int-conversion -Wno-bool-conversion -Wno-enum-conversion -Wno-float-conversion -Wno-non-literal-null-conversion -Wno-objc-literal-conversion -Wno-shorten-64-to-32 -Wpointer-sign -Wno-newline-eof -DCMAKE_INTDIR\=\"Release\" -isysroot /Applications/Xcode.app/Contents/Developer/Platforms/MacOSX.platform/Developer/SDKs/MacOSX12.1.sdk -fasm-blocks -fstrict-aliasing -Wdeprecated-declarations -Wno-sign-conversion -Wno-infinite-recursion -Wno-comma -Wno-block-capture-autoreleasing -Wno-strict-prototypes -Wno-semicolon-before-method-body -I/Users/BrightLand/Envy/OpenCV/CMakeFiles/CMakeTmp/Release/include -I/Users/BrightLand/Envy/OpenCV/CMakeFiles/CMakeTmp/CMAKE_TRY_COMPILE.build/Release/cmTC_51854.build/DerivedSources-normal/x86_64 -I/Users/BrightLand/Envy/OpenCV/CMakeFiles/CMakeTmp/CMAKE_TRY_COMPILE.build/Release/cmTC_51854.build/DerivedSources/x86_64 -I/Users/BrightLand/Envy/OpenCV/CMakeFiles/CMakeTmp/CMAKE_TRY_COMPILE.build/Release/cmTC_51854.build/DerivedSources -F/Users/BrightLand/Envy/OpenCV/CMakeFiles/CMakeTmp/Release -fsigned-char -W -Wall -Wreturn-type -Wnon-virtual-dtor -Waddress -Wsequence-point -Wformat -Wformat-security -Wmissing-declarations -Wmissing-prototypes -Wstrict-prototypes -Wundef -Winit-self -Wpointer-arith -Wshadow -Wsign-promo -Wuninitialized -Wno-delete-non-virtual-dtor -Wno-unnamed-type-template-args -Wno-comment -fdiagnostics-show-option -Wno-long-long -Qunused-arguments -Wno-semicolon-before-method-body -ffunction-sections -fdata-sections -fvisibility\=hidden -fvisibility-inlines-hidden -DNDEBUG -DNDEBUG -fPIE -MMD -MT dependencies -MF /Users/BrightLand/Envy/OpenCV/CMakeFiles/CMakeTmp/CMAKE_TRY_COMPILE.build/Release/cmTC_51854.build/Objects-normal/x86_64/int8.d --serialize-diagnostics /Users/BrightLand/Envy/OpenCV/CMakeFiles/CMakeTmp/CMAKE_TRY_COMPILE.build/Release/cmTC_51854.build/Objects-normal/x86_64/int8.dia -c /Users/BrightLand/Envy/OpenCV/CMakeFiles/CheckTypeSize/int8.c -o /Users/BrightLand/Envy/OpenCV/CMakeFiles/CMakeTmp/CMAKE_TRY_COMPILE.build/Release/cmTC_51854.build/Objects-normal/x86_64/int8.o
/Users/BrightLand/Envy/OpenCV/CMakeFiles/CheckTypeSize/int8.c:29:12: error: use of undeclared identifier 'INT8'
  ('0' + ((SIZE / 10000)%10)),
           ^
/Users/BrightLand/Envy/OpenCV/CMakeFiles/CheckTypeSize/int8.c:27:22: note: expanded from macro 'SIZE'
#define SIZE (sizeof(INT8))
                     ^
/Users/BrightLand/Envy/OpenCV/CMakeFiles/CheckTypeSize/int8.c:30:12: error: use of undeclared identifier 'INT8'
  ('0' + ((SIZE / 1000)%10)),
           ^
/Users/BrightLand/Envy/OpenCV/CMakeFiles/CheckTypeSize/int8.c:27:22: note: expanded from macro 'SIZE'
#define SIZE (sizeof(INT8))
                     ^
/Users/BrightLand/Envy/OpenCV/CMakeFiles/CheckTypeSize/int8.c:31:12: error: use of undeclared identifier 'INT8'
  ('0' + ((SIZE / 100)%10)),
           ^
/Users/BrightLand/Envy/OpenCV/CMakeFiles/CheckTypeSize/int8.c:27:22: note: expanded from macro 'SIZE'
#define SIZE (sizeof(INT8))
                     ^
/Users/BrightLand/Envy/OpenCV/CMakeFiles/CheckTypeSize/int8.c:32:12: error: use of undeclared identifier 'INT8'
  ('0' + ((SIZE / 10)%10)),
           ^
/Users/BrightLand/Envy/OpenCV/CMakeFiles/CheckTypeSize/int8.c:27:22: note: expanded from macro 'SIZE'
#define SIZE (sizeof(INT8))
                     ^
/Users/BrightLand/Envy/OpenCV/CMakeFiles/CheckTypeSize/int8.c:33:12: error: use of undeclared identifier 'INT8'
  ('0' +  (SIZE    % 10)),
           ^
/Users/BrightLand/Envy/OpenCV/CMakeFiles/CheckTypeSize/int8.c:27:22: note: expanded from macro 'SIZE'
#define SIZE (sizeof(INT8))
                     ^
5 errors generated.

** BUILD FAILED **


The following build commands failed:
	CompileC /Users/BrightLand/Envy/OpenCV/CMakeFiles/CMakeTmp/CMAKE_TRY_COMPILE.build/Release/cmTC_51854.build/Objects-normal/x86_64/int8.o /Users/BrightLand/Envy/OpenCV/CMakeFiles/CheckTypeSize/int8.c normal x86_64 c com.apple.compilers.llvm.clang.1_0.compiler (in target 'cmTC_51854' from project 'CMAKE_TRY_COMPILE')
(1 failure)


/Users/BrightLand/Envy/OpenCV/CMakeFiles/CheckTypeSize/int8.c:
#include <sys/types.h>
#include <stdint.h>
#include <stddef.h>


#undef KEY
#if defined(__i386)
# define KEY '_','_','i','3','8','6'
#elif defined(__x86_64)
# define KEY '_','_','x','8','6','_','6','4'
#elif defined(__PPC64__)
# define KEY '_','_','P','P','C','6','4','_','_'
#elif defined(__ppc64__)
# define KEY '_','_','p','p','c','6','4','_','_'
#elif defined(__PPC__)
# define KEY '_','_','P','P','C','_','_'
#elif defined(__ppc__)
# define KEY '_','_','p','p','c','_','_'
#elif defined(__aarch64__)
# define KEY '_','_','a','a','r','c','h','6','4','_','_'
#elif defined(__ARM_ARCH_7A__)
# define KEY '_','_','A','R','M','_','A','R','C','H','_','7','A','_','_'
#elif defined(__ARM_ARCH_7S__)
# define KEY '_','_','A','R','M','_','A','R','C','H','_','7','S','_','_'
#endif

#define SIZE (sizeof(INT8))
static char info_size[] =  {'I', 'N', 'F', 'O', ':', 's','i','z','e','[',
  ('0' + ((SIZE / 10000)%10)),
  ('0' + ((SIZE / 1000)%10)),
  ('0' + ((SIZE / 100)%10)),
  ('0' + ((SIZE / 10)%10)),
  ('0' +  (SIZE    % 10)),
  ']',
#ifdef KEY
  ' ','k','e','y','[', KEY, ']',
#endif
  '\0'};

#ifdef __CLASSIC_C__
int main(argc, argv) int argc; char *argv[];
#else
int main(int argc, char *argv[])
#endif
{
  int require = 0;
  require += info_size[argc];
  (void)argv;
  return require;
}


Determining size of INT16 failed with the following output:
Change Dir: /Users/BrightLand/Envy/OpenCV/CMakeFiles/CMakeTmp

Run Build Command(s):/usr/bin/xcodebuild -project CMAKE_TRY_COMPILE.xcodeproj build -target cmTC_18a60 -parallelizeTargets -configuration Release -hideShellScriptEnvironment && Command line invocation:
    /Applications/Xcode.app/Contents/Developer/usr/bin/xcodebuild -project CMAKE_TRY_COMPILE.xcodeproj build -target cmTC_18a60 -parallelizeTargets -configuration Release -hideShellScriptEnvironment

User defaults from command line:
    HideShellScriptEnvironment = YES
    IDEPackageSupportUseBuiltinSCM = YES

note: Using new build system
note: Planning
Analyze workspace

Create build description
Build description signature: 2c637ef3ab1853c947a3bb8c2f354527
Build description path: /Users/BrightLand/Envy/OpenCV/CMakeFiles/CMakeTmp/build/XCBuildData/2c637ef3ab1853c947a3bb8c2f354527-desc.xcbuild

note: Build preparation complete
note: Building targets in dependency order
CreateBuildDirectory /Users/BrightLand/Envy/OpenCV/CMakeFiles/CMakeTmp
    cd /Users/BrightLand/Envy/OpenCV/CMakeFiles/CMakeTmp/CMAKE_TRY_COMPILE.xcodeproj
    builtin-create-build-directory /Users/BrightLand/Envy/OpenCV/CMakeFiles/CMakeTmp

CreateBuildDirectory /Users/BrightLand/Envy/OpenCV/CMakeFiles/CMakeTmp/Release
    cd /Users/BrightLand/Envy/OpenCV/CMakeFiles/CMakeTmp/CMAKE_TRY_COMPILE.xcodeproj
    builtin-create-build-directory /Users/BrightLand/Envy/OpenCV/CMakeFiles/CMakeTmp/Release

WriteAuxiliaryFile /Users/BrightLand/Envy/OpenCV/CMakeFiles/CMakeTmp/CMAKE_TRY_COMPILE.build/Release/cmTC_18a60.build/Objects-normal/x86_64/cmTC_18a60.LinkFileList (in target 'cmTC_18a60' from project 'CMAKE_TRY_COMPILE')
    cd /Users/BrightLand/Envy/OpenCV/CMakeFiles/CMakeTmp
    write-file /Users/BrightLand/Envy/OpenCV/CMakeFiles/CMakeTmp/CMAKE_TRY_COMPILE.build/Release/cmTC_18a60.build/Objects-normal/x86_64/cmTC_18a60.LinkFileList

CompileC /Users/BrightLand/Envy/OpenCV/CMakeFiles/CMakeTmp/CMAKE_TRY_COMPILE.build/Release/cmTC_18a60.build/Objects-normal/x86_64/int16.o /Users/BrightLand/Envy/OpenCV/CMakeFiles/CheckTypeSize/int16.c normal x86_64 c com.apple.compilers.llvm.clang.1_0.compiler (in target 'cmTC_18a60' from project 'CMAKE_TRY_COMPILE')
    cd /Users/BrightLand/Envy/OpenCV/CMakeFiles/CMakeTmp
    /Applications/Xcode.app/Contents/Developer/Toolchains/XcodeDefault.xctoolchain/usr/bin/clang -x c -target x86_64-apple-macos12.1 -fmessage-length\=0 -fdiagnostics-show-note-include-stack -fmacro-backtrace-limit\=0 -Wno-trigraphs -fpascal-strings -O3 -Wno-missing-field-initializers -Wno-missing-prototypes -Wno-return-type -Wno-missing-braces -Wparentheses -Wswitch -Wno-unused-function -Wno-unused-label -Wno-unused-parameter -Wno-unused-variable -Wunused-value -Wno-empty-body -Wno-uninitialized -Wno-unknown-pragmas -Wno-shadow -Wno-four-char-constants -Wno-conversion -Wno-constant-conversion -Wno-int-conversion -Wno-bool-conversion -Wno-enum-conversion -Wno-float-conversion -Wno-non-literal-null-conversion -Wno-objc-literal-conversion -Wno-shorten-64-to-32 -Wpointer-sign -Wno-newline-eof -DCMAKE_INTDIR\=\"Release\" -isysroot /Applications/Xcode.app/Contents/Developer/Platforms/MacOSX.platform/Developer/SDKs/MacOSX12.1.sdk -fasm-blocks -fstrict-aliasing -Wdeprecated-declarations -Wno-sign-conversion -Wno-infinite-recursion -Wno-comma -Wno-block-capture-autoreleasing -Wno-strict-prototypes -Wno-semicolon-before-method-body -I/Users/BrightLand/Envy/OpenCV/CMakeFiles/CMakeTmp/Release/include -I/Users/BrightLand/Envy/OpenCV/CMakeFiles/CMakeTmp/CMAKE_TRY_COMPILE.build/Release/cmTC_18a60.build/DerivedSources-normal/x86_64 -I/Users/BrightLand/Envy/OpenCV/CMakeFiles/CMakeTmp/CMAKE_TRY_COMPILE.build/Release/cmTC_18a60.build/DerivedSources/x86_64 -I/Users/BrightLand/Envy/OpenCV/CMakeFiles/CMakeTmp/CMAKE_TRY_COMPILE.build/Release/cmTC_18a60.build/DerivedSources -F/Users/BrightLand/Envy/OpenCV/CMakeFiles/CMakeTmp/Release -fsigned-char -W -Wall -Wreturn-type -Wnon-virtual-dtor -Waddress -Wsequence-point -Wformat -Wformat-security -Wmissing-declarations -Wmissing-prototypes -Wstrict-prototypes -Wundef -Winit-self -Wpointer-arith -Wshadow -Wsign-promo -Wuninitialized -Wno-delete-non-virtual-dtor -Wno-unnamed-type-template-args -Wno-comment -fdiagnostics-show-option -Wno-long-long -Qunused-arguments -Wno-semicolon-before-method-body -ffunction-sections -fdata-sections -fvisibility\=hidden -fvisibility-inlines-hidden -DNDEBUG -DNDEBUG -fPIE -MMD -MT dependencies -MF /Users/BrightLand/Envy/OpenCV/CMakeFiles/CMakeTmp/CMAKE_TRY_COMPILE.build/Release/cmTC_18a60.build/Objects-normal/x86_64/int16.d --serialize-diagnostics /Users/BrightLand/Envy/OpenCV/CMakeFiles/CMakeTmp/CMAKE_TRY_COMPILE.build/Release/cmTC_18a60.build/Objects-normal/x86_64/int16.dia -c /Users/BrightLand/Envy/OpenCV/CMakeFiles/CheckTypeSize/int16.c -o /Users/BrightLand/Envy/OpenCV/CMakeFiles/CMakeTmp/CMAKE_TRY_COMPILE.build/Release/cmTC_18a60.build/Objects-normal/x86_64/int16.o
/Users/BrightLand/Envy/OpenCV/CMakeFiles/CheckTypeSize/int16.c:29:12: error: use of undeclared identifier 'INT16'
  ('0' + ((SIZE / 10000)%10)),
           ^
/Users/BrightLand/Envy/OpenCV/CMakeFiles/CheckTypeSize/int16.c:27:22: note: expanded from macro 'SIZE'
#define SIZE (sizeof(INT16))
                     ^
/Users/BrightLand/Envy/OpenCV/CMakeFiles/CheckTypeSize/int16.c:30:12: error: use of undeclared identifier 'INT16'
  ('0' + ((SIZE / 1000)%10)),
           ^
/Users/BrightLand/Envy/OpenCV/CMakeFiles/CheckTypeSize/int16.c:27:22: note: expanded from macro 'SIZE'
#define SIZE (sizeof(INT16))
                     ^
/Users/BrightLand/Envy/OpenCV/CMakeFiles/CheckTypeSize/int16.c:31:12: error: use of undeclared identifier 'INT16'
  ('0' + ((SIZE / 100)%10)),
           ^
/Users/BrightLand/Envy/OpenCV/CMakeFiles/CheckTypeSize/int16.c:27:22: note: expanded from macro 'SIZE'
#define SIZE (sizeof(INT16))
                     ^
/Users/BrightLand/Envy/OpenCV/CMakeFiles/CheckTypeSize/int16.c:32:12: error: use of undeclared identifier 'INT16'
  ('0' + ((SIZE / 10)%10)),
           ^
/Users/BrightLand/Envy/OpenCV/CMakeFiles/CheckTypeSize/int16.c:27:22: note: expanded from macro 'SIZE'
#define SIZE (sizeof(INT16))
                     ^
/Users/BrightLand/Envy/OpenCV/CMakeFiles/CheckTypeSize/int16.c:33:12: error: use of undeclared identifier 'INT16'
  ('0' +  (SIZE    % 10)),
           ^
/Users/BrightLand/Envy/OpenCV/CMakeFiles/CheckTypeSize/int16.c:27:22: note: expanded from macro 'SIZE'
#define SIZE (sizeof(INT16))
                     ^
5 errors generated.

** BUILD FAILED **


The following build commands failed:
	CompileC /Users/BrightLand/Envy/OpenCV/CMakeFiles/CMakeTmp/CMAKE_TRY_COMPILE.build/Release/cmTC_18a60.build/Objects-normal/x86_64/int16.o /Users/BrightLand/Envy/OpenCV/CMakeFiles/CheckTypeSize/int16.c normal x86_64 c com.apple.compilers.llvm.clang.1_0.compiler (in target 'cmTC_18a60' from project 'CMAKE_TRY_COMPILE')
(1 failure)


/Users/BrightLand/Envy/OpenCV/CMakeFiles/CheckTypeSize/int16.c:
#include <sys/types.h>
#include <stdint.h>
#include <stddef.h>


#undef KEY
#if defined(__i386)
# define KEY '_','_','i','3','8','6'
#elif defined(__x86_64)
# define KEY '_','_','x','8','6','_','6','4'
#elif defined(__PPC64__)
# define KEY '_','_','P','P','C','6','4','_','_'
#elif defined(__ppc64__)
# define KEY '_','_','p','p','c','6','4','_','_'
#elif defined(__PPC__)
# define KEY '_','_','P','P','C','_','_'
#elif defined(__ppc__)
# define KEY '_','_','p','p','c','_','_'
#elif defined(__aarch64__)
# define KEY '_','_','a','a','r','c','h','6','4','_','_'
#elif defined(__ARM_ARCH_7A__)
# define KEY '_','_','A','R','M','_','A','R','C','H','_','7','A','_','_'
#elif defined(__ARM_ARCH_7S__)
# define KEY '_','_','A','R','M','_','A','R','C','H','_','7','S','_','_'
#endif

#define SIZE (sizeof(INT16))
static char info_size[] =  {'I', 'N', 'F', 'O', ':', 's','i','z','e','[',
  ('0' + ((SIZE / 10000)%10)),
  ('0' + ((SIZE / 1000)%10)),
  ('0' + ((SIZE / 100)%10)),
  ('0' + ((SIZE / 10)%10)),
  ('0' +  (SIZE    % 10)),
  ']',
#ifdef KEY
  ' ','k','e','y','[', KEY, ']',
#endif
  '\0'};

#ifdef __CLASSIC_C__
int main(argc, argv) int argc; char *argv[];
#else
int main(int argc, char *argv[])
#endif
{
  int require = 0;
  require += info_size[argc];
  (void)argv;
  return require;
}


Determining size of INT32 failed with the following output:
Change Dir: /Users/BrightLand/Envy/OpenCV/CMakeFiles/CMakeTmp

Run Build Command(s):/usr/bin/xcodebuild -project CMAKE_TRY_COMPILE.xcodeproj build -target cmTC_48d56 -parallelizeTargets -configuration Release -hideShellScriptEnvironment && Command line invocation:
    /Applications/Xcode.app/Contents/Developer/usr/bin/xcodebuild -project CMAKE_TRY_COMPILE.xcodeproj build -target cmTC_48d56 -parallelizeTargets -configuration Release -hideShellScriptEnvironment

User defaults from command line:
    HideShellScriptEnvironment = YES
    IDEPackageSupportUseBuiltinSCM = YES

note: Using new build system
note: Planning
Analyze workspace

Create build description
Build description signature: 87d4a53c434189696505caa1b5bd5ef4
Build description path: /Users/BrightLand/Envy/OpenCV/CMakeFiles/CMakeTmp/build/XCBuildData/87d4a53c434189696505caa1b5bd5ef4-desc.xcbuild

note: Build preparation complete
note: Building targets in dependency order
CreateBuildDirectory /Users/BrightLand/Envy/OpenCV/CMakeFiles/CMakeTmp
    cd /Users/BrightLand/Envy/OpenCV/CMakeFiles/CMakeTmp/CMAKE_TRY_COMPILE.xcodeproj
    builtin-create-build-directory /Users/BrightLand/Envy/OpenCV/CMakeFiles/CMakeTmp

CreateBuildDirectory /Users/BrightLand/Envy/OpenCV/CMakeFiles/CMakeTmp/Release
    cd /Users/BrightLand/Envy/OpenCV/CMakeFiles/CMakeTmp/CMAKE_TRY_COMPILE.xcodeproj
    builtin-create-build-directory /Users/BrightLand/Envy/OpenCV/CMakeFiles/CMakeTmp/Release

WriteAuxiliaryFile /Users/BrightLand/Envy/OpenCV/CMakeFiles/CMakeTmp/CMAKE_TRY_COMPILE.build/Release/cmTC_48d56.build/Objects-normal/x86_64/cmTC_48d56.LinkFileList (in target 'cmTC_48d56' from project 'CMAKE_TRY_COMPILE')
    cd /Users/BrightLand/Envy/OpenCV/CMakeFiles/CMakeTmp
    write-file /Users/BrightLand/Envy/OpenCV/CMakeFiles/CMakeTmp/CMAKE_TRY_COMPILE.build/Release/cmTC_48d56.build/Objects-normal/x86_64/cmTC_48d56.LinkFileList

CompileC /Users/BrightLand/Envy/OpenCV/CMakeFiles/CMakeTmp/CMAKE_TRY_COMPILE.build/Release/cmTC_48d56.build/Objects-normal/x86_64/int32.o /Users/BrightLand/Envy/OpenCV/CMakeFiles/CheckTypeSize/int32.c normal x86_64 c com.apple.compilers.llvm.clang.1_0.compiler (in target 'cmTC_48d56' from project 'CMAKE_TRY_COMPILE')
    cd /Users/BrightLand/Envy/OpenCV/CMakeFiles/CMakeTmp
    /Applications/Xcode.app/Contents/Developer/Toolchains/XcodeDefault.xctoolchain/usr/bin/clang -x c -target x86_64-apple-macos12.1 -fmessage-length\=0 -fdiagnostics-show-note-include-stack -fmacro-backtrace-limit\=0 -Wno-trigraphs -fpascal-strings -O3 -Wno-missing-field-initializers -Wno-missing-prototypes -Wno-return-type -Wno-missing-braces -Wparentheses -Wswitch -Wno-unused-function -Wno-unused-label -Wno-unused-parameter -Wno-unused-variable -Wunused-value -Wno-empty-body -Wno-uninitialized -Wno-unknown-pragmas -Wno-shadow -Wno-four-char-constants -Wno-conversion -Wno-constant-conversion -Wno-int-conversion -Wno-bool-conversion -Wno-enum-conversion -Wno-float-conversion -Wno-non-literal-null-conversion -Wno-objc-literal-conversion -Wno-shorten-64-to-32 -Wpointer-sign -Wno-newline-eof -DCMAKE_INTDIR\=\"Release\" -isysroot /Applications/Xcode.app/Contents/Developer/Platforms/MacOSX.platform/Developer/SDKs/MacOSX12.1.sdk -fasm-blocks -fstrict-aliasing -Wdeprecated-declarations -Wno-sign-conversion -Wno-infinite-recursion -Wno-comma -Wno-block-capture-autoreleasing -Wno-strict-prototypes -Wno-semicolon-before-method-body -I/Users/BrightLand/Envy/OpenCV/CMakeFiles/CMakeTmp/Release/include -I/Users/BrightLand/Envy/OpenCV/CMakeFiles/CMakeTmp/CMAKE_TRY_COMPILE.build/Release/cmTC_48d56.build/DerivedSources-normal/x86_64 -I/Users/BrightLand/Envy/OpenCV/CMakeFiles/CMakeTmp/CMAKE_TRY_COMPILE.build/Release/cmTC_48d56.build/DerivedSources/x86_64 -I/Users/BrightLand/Envy/OpenCV/CMakeFiles/CMakeTmp/CMAKE_TRY_COMPILE.build/Release/cmTC_48d56.build/DerivedSources -F/Users/BrightLand/Envy/OpenCV/CMakeFiles/CMakeTmp/Release -fsigned-char -W -Wall -Wreturn-type -Wnon-virtual-dtor -Waddress -Wsequence-point -Wformat -Wformat-security -Wmissing-declarations -Wmissing-prototypes -Wstrict-prototypes -Wundef -Winit-self -Wpointer-arith -Wshadow -Wsign-promo -Wuninitialized -Wno-delete-non-virtual-dtor -Wno-unnamed-type-template-args -Wno-comment -fdiagnostics-show-option -Wno-long-long -Qunused-arguments -Wno-semicolon-before-method-body -ffunction-sections -fdata-sections -fvisibility\=hidden -fvisibility-inlines-hidden -DNDEBUG -DNDEBUG -fPIE -MMD -MT dependencies -MF /Users/BrightLand/Envy/OpenCV/CMakeFiles/CMakeTmp/CMAKE_TRY_COMPILE.build/Release/cmTC_48d56.build/Objects-normal/x86_64/int32.d --serialize-diagnostics /Users/BrightLand/Envy/OpenCV/CMakeFiles/CMakeTmp/CMAKE_TRY_COMPILE.build/Release/cmTC_48d56.build/Objects-normal/x86_64/int32.dia -c /Users/BrightLand/Envy/OpenCV/CMakeFiles/CheckTypeSize/int32.c -o /Users/BrightLand/Envy/OpenCV/CMakeFiles/CMakeTmp/CMAKE_TRY_COMPILE.build/Release/cmTC_48d56.build/Objects-normal/x86_64/int32.o
/Users/BrightLand/Envy/OpenCV/CMakeFiles/CheckTypeSize/int32.c:29:12: error: use of undeclared identifier 'INT32'
  ('0' + ((SIZE / 10000)%10)),
           ^
/Users/BrightLand/Envy/OpenCV/CMakeFiles/CheckTypeSize/int32.c:27:22: note: expanded from macro 'SIZE'
#define SIZE (sizeof(INT32))
                     ^
/Users/BrightLand/Envy/OpenCV/CMakeFiles/CheckTypeSize/int32.c:30:12: error: use of undeclared identifier 'INT32'
  ('0' + ((SIZE / 1000)%10)),
           ^
/Users/BrightLand/Envy/OpenCV/CMakeFiles/CheckTypeSize/int32.c:27:22: note: expanded from macro 'SIZE'
#define SIZE (sizeof(INT32))
                     ^
/Users/BrightLand/Envy/OpenCV/CMakeFiles/CheckTypeSize/int32.c:31:12: error: use of undeclared identifier 'INT32'
  ('0' + ((SIZE / 100)%10)),
           ^
/Users/BrightLand/Envy/OpenCV/CMakeFiles/CheckTypeSize/int32.c:27:22: note: expanded from macro 'SIZE'
#define SIZE (sizeof(INT32))
                     ^
/Users/BrightLand/Envy/OpenCV/CMakeFiles/CheckTypeSize/int32.c:32:12: error: use of undeclared identifier 'INT32'
  ('0' + ((SIZE / 10)%10)),
           ^
/Users/BrightLand/Envy/OpenCV/CMakeFiles/CheckTypeSize/int32.c:27:22: note: expanded from macro 'SIZE'
#define SIZE (sizeof(INT32))
                     ^
/Users/BrightLand/Envy/OpenCV/CMakeFiles/CheckTypeSize/int32.c:33:12: error: use of undeclared identifier 'INT32'
  ('0' +  (SIZE    % 10)),
           ^
/Users/BrightLand/Envy/OpenCV/CMakeFiles/CheckTypeSize/int32.c:27:22: note: expanded from macro 'SIZE'
#define SIZE (sizeof(INT32))
                     ^
5 errors generated.

** BUILD FAILED **


The following build commands failed:
	CompileC /Users/BrightLand/Envy/OpenCV/CMakeFiles/CMakeTmp/CMAKE_TRY_COMPILE.build/Release/cmTC_48d56.build/Objects-normal/x86_64/int32.o /Users/BrightLand/Envy/OpenCV/CMakeFiles/CheckTypeSize/int32.c normal x86_64 c com.apple.compilers.llvm.clang.1_0.compiler (in target 'cmTC_48d56' from project 'CMAKE_TRY_COMPILE')
(1 failure)


/Users/BrightLand/Envy/OpenCV/CMakeFiles/CheckTypeSize/int32.c:
#include <sys/types.h>
#include <stdint.h>
#include <stddef.h>


#undef KEY
#if defined(__i386)
# define KEY '_','_','i','3','8','6'
#elif defined(__x86_64)
# define KEY '_','_','x','8','6','_','6','4'
#elif defined(__PPC64__)
# define KEY '_','_','P','P','C','6','4','_','_'
#elif defined(__ppc64__)
# define KEY '_','_','p','p','c','6','4','_','_'
#elif defined(__PPC__)
# define KEY '_','_','P','P','C','_','_'
#elif defined(__ppc__)
# define KEY '_','_','p','p','c','_','_'
#elif defined(__aarch64__)
# define KEY '_','_','a','a','r','c','h','6','4','_','_'
#elif defined(__ARM_ARCH_7A__)
# define KEY '_','_','A','R','M','_','A','R','C','H','_','7','A','_','_'
#elif defined(__ARM_ARCH_7S__)
# define KEY '_','_','A','R','M','_','A','R','C','H','_','7','S','_','_'
#endif

#define SIZE (sizeof(INT32))
static char info_size[] =  {'I', 'N', 'F', 'O', ':', 's','i','z','e','[',
  ('0' + ((SIZE / 10000)%10)),
  ('0' + ((SIZE / 1000)%10)),
  ('0' + ((SIZE / 100)%10)),
  ('0' + ((SIZE / 10)%10)),
  ('0' +  (SIZE    % 10)),
  ']',
#ifdef KEY
  ' ','k','e','y','[', KEY, ']',
#endif
  '\0'};

#ifdef __CLASSIC_C__
int main(argc, argv) int argc; char *argv[];
#else
int main(int argc, char *argv[])
#endif
{
  int require = 0;
  require += info_size[argc];
  (void)argv;
  return require;
}


Build output check failed:
    Regex: 'unknown .*option'
    Output line: 'warning: unknown warning option '-Wno-unused-but-set-variable', did you mean '-Wno-unused-const-variable'? [-Wunknown-warning-option]'
Compilation failed:
    source file: '/Users/BrightLand/Envy/OpenCV/CMakeFiles/CMakeTmp/src.c'
    check option: ' -Wno-unused-but-set-variable'
===== BUILD LOG =====
Change Dir: /Users/BrightLand/Envy/OpenCV/CMakeFiles/CMakeTmp

Run Build Command(s):/usr/bin/xcodebuild -project CMAKE_TRY_COMPILE.xcodeproj build -target cmTC_1e443 -parallelizeTargets -configuration Release -hideShellScriptEnvironment && Command line invocation:
    /Applications/Xcode.app/Contents/Developer/usr/bin/xcodebuild -project CMAKE_TRY_COMPILE.xcodeproj build -target cmTC_1e443 -parallelizeTargets -configuration Release -hideShellScriptEnvironment

User defaults from command line:
    HideShellScriptEnvironment = YES
    IDEPackageSupportUseBuiltinSCM = YES

note: Using new build system
note: Planning
Analyze workspace

Create build description
Build description signature: 28e3476ab6694772c530e33eb904f4ff
Build description path: /Users/BrightLand/Envy/OpenCV/CMakeFiles/CMakeTmp/build/XCBuildData/28e3476ab6694772c530e33eb904f4ff-desc.xcbuild

note: Build preparation complete
note: Building targets in dependency order
CreateBuildDirectory /Users/BrightLand/Envy/OpenCV/CMakeFiles/CMakeTmp
    cd /Users/BrightLand/Envy/OpenCV/CMakeFiles/CMakeTmp/CMAKE_TRY_COMPILE.xcodeproj
    builtin-create-build-directory /Users/BrightLand/Envy/OpenCV/CMakeFiles/CMakeTmp

CreateBuildDirectory /Users/BrightLand/Envy/OpenCV/CMakeFiles/CMakeTmp/Release
    cd /Users/BrightLand/Envy/OpenCV/CMakeFiles/CMakeTmp/CMAKE_TRY_COMPILE.xcodeproj
    builtin-create-build-directory /Users/BrightLand/Envy/OpenCV/CMakeFiles/CMakeTmp/Release

WriteAuxiliaryFile /Users/BrightLand/Envy/OpenCV/CMakeFiles/CMakeTmp/CMAKE_TRY_COMPILE.build/Release/cmTC_1e443.build/Objects-normal/x86_64/cmTC_1e443.LinkFileList (in target 'cmTC_1e443' from project 'CMAKE_TRY_COMPILE')
    cd /Users/BrightLand/Envy/OpenCV/CMakeFiles/CMakeTmp
    write-file /Users/BrightLand/Envy/OpenCV/CMakeFiles/CMakeTmp/CMAKE_TRY_COMPILE.build/Release/cmTC_1e443.build/Objects-normal/x86_64/cmTC_1e443.LinkFileList

CompileC /Users/BrightLand/Envy/OpenCV/CMakeFiles/CMakeTmp/CMAKE_TRY_COMPILE.build/Release/cmTC_1e443.build/Objects-normal/x86_64/src.o /Users/BrightLand/Envy/OpenCV/CMakeFiles/CMakeTmp/src.c normal x86_64 c com.apple.compilers.llvm.clang.1_0.compiler (in target 'cmTC_1e443' from project 'CMAKE_TRY_COMPILE')
    cd /Users/BrightLand/Envy/OpenCV/CMakeFiles/CMakeTmp
    /Applications/Xcode.app/Contents/Developer/Toolchains/XcodeDefault.xctoolchain/usr/bin/clang -x c -target x86_64-apple-macos12.1 -fmessage-length\=0 -fdiagnostics-show-note-include-stack -fmacro-backtrace-limit\=0 -Wno-trigraphs -fpascal-strings -O3 -Wno-missing-field-initializers -Wno-missing-prototypes -Wno-return-type -Wno-missing-braces -Wparentheses -Wswitch -Wno-unused-function -Wno-unused-label -Wno-unused-parameter -Wno-unused-variable -Wunused-value -Wno-empty-body -Wno-uninitialized -Wno-unknown-pragmas -Wno-shadow -Wno-four-char-constants -Wno-conversion -Wno-constant-conversion -Wno-int-conversion -Wno-bool-conversion -Wno-enum-conversion -Wno-float-conversion -Wno-non-literal-null-conversion -Wno-objc-literal-conversion -Wno-shorten-64-to-32 -Wpointer-sign -Wno-newline-eof -DCMAKE_INTDIR\=\"Release\" -isysroot /Applications/Xcode.app/Contents/Developer/Platforms/MacOSX.platform/Developer/SDKs/MacOSX12.1.sdk -fasm-blocks -fstrict-aliasing -Wdeprecated-declarations -Wno-sign-conversion -Wno-infinite-recursion -Wno-comma -Wno-block-capture-autoreleasing -Wno-strict-prototypes -Wno-semicolon-before-method-body -I/Users/BrightLand/Envy/OpenCV/CMakeFiles/CMakeTmp/Release/include -I/Users/BrightLand/Envy/OpenCV/CMakeFiles/CMakeTmp/CMAKE_TRY_COMPILE.build/Release/cmTC_1e443.build/DerivedSources-normal/x86_64 -I/Users/BrightLand/Envy/OpenCV/CMakeFiles/CMakeTmp/CMAKE_TRY_COMPILE.build/Release/cmTC_1e443.build/DerivedSources/x86_64 -I/Users/BrightLand/Envy/OpenCV/CMakeFiles/CMakeTmp/CMAKE_TRY_COMPILE.build/Release/cmTC_1e443.build/DerivedSources -F/Users/BrightLand/Envy/OpenCV/CMakeFiles/CMakeTmp/Release -fsigned-char -W -Wall -Wreturn-type -Wnon-virtual-dtor -Waddress -Wsequence-point -Wformat -Wformat-security -Wmissing-declarations -Wmissing-prototypes -Wstrict-prototypes -Wundef -Winit-self -Wpointer-arith -Wshadow -Wsign-promo -Wuninitialized -Wno-delete-non-virtual-dtor -Wno-unnamed-type-template-args -Wno-comment -fdiagnostics-show-option -Wno-long-long -Qunused-arguments -Wno-semicolon-before-method-body -ffunction-sections -fdata-sections -fvisibility\=hidden -fvisibility-inlines-hidden -DNDEBUG -DNDEBUG -fPIE -Wno-unused-but-set-variable -MMD -MT dependencies -MF /Users/BrightLand/Envy/OpenCV/CMakeFiles/CMakeTmp/CMAKE_TRY_COMPILE.build/Release/cmTC_1e443.build/Objects-normal/x86_64/src.d --serialize-diagnostics /Users/BrightLand/Envy/OpenCV/CMakeFiles/CMakeTmp/CMAKE_TRY_COMPILE.build/Release/cmTC_1e443.build/Objects-normal/x86_64/src.dia -c /Users/BrightLand/Envy/OpenCV/CMakeFiles/CMakeTmp/src.c -o /Users/BrightLand/Envy/OpenCV/CMakeFiles/CMakeTmp/CMAKE_TRY_COMPILE.build/Release/cmTC_1e443.build/Objects-normal/x86_64/src.o
warning: unknown warning option '-Wno-unused-but-set-variable'; did you mean '-Wno-unused-const-variable'? [-Wunknown-warning-option]
/Users/BrightLand/Envy/OpenCV/CMakeFiles/CMakeTmp/src.c:1:8: warning: unknown pragma ignored [-Wunknown-pragmas]
#pragma
       ^
2 warnings generated.

Ld /Users/BrightLand/Envy/OpenCV/CMakeFiles/CMakeTmp/Release/cmTC_1e443 normal (in target 'cmTC_1e443' from project 'CMAKE_TRY_COMPILE')
    cd /Users/BrightLand/Envy/OpenCV/CMakeFiles/CMakeTmp
    /Applications/Xcode.app/Contents/Developer/Toolchains/XcodeDefault.xctoolchain/usr/bin/clang -target x86_64-apple-macos12.1 -isysroot /Applications/Xcode.app/Contents/Developer/Platforms/MacOSX.platform/Developer/SDKs/MacOSX12.1.sdk -L/Users/BrightLand/Envy/OpenCV/CMakeFiles/CMakeTmp/Release -F/Users/BrightLand/Envy/OpenCV/CMakeFiles/CMakeTmp/Release -filelist /Users/BrightLand/Envy/OpenCV/CMakeFiles/CMakeTmp/CMAKE_TRY_COMPILE.build/Release/cmTC_1e443.build/Objects-normal/x86_64/cmTC_1e443.LinkFileList -Wl,-dead_strip -Wl,-search_paths_first -Wl,-headerpad_max_install_names -Xlinker -dependency_info -Xlinker /Users/BrightLand/Envy/OpenCV/CMakeFiles/CMakeTmp/CMAKE_TRY_COMPILE.build/Release/cmTC_1e443.build/Objects-normal/x86_64/cmTC_1e443_dependency_info.dat -o /Users/BrightLand/Envy/OpenCV/CMakeFiles/CMakeTmp/Release/cmTC_1e443

RegisterExecutionPolicyException /Users/BrightLand/Envy/OpenCV/CMakeFiles/CMakeTmp/Release/cmTC_1e443 (in target 'cmTC_1e443' from project 'CMAKE_TRY_COMPILE')
    cd /Users/BrightLand/Envy/OpenCV/CMakeFiles/CMakeTmp
    builtin-RegisterExecutionPolicyException /Users/BrightLand/Envy/OpenCV/CMakeFiles/CMakeTmp/Release/cmTC_1e443

** BUILD SUCCEEDED **



===== END =====

Build output check failed:
    Regex: 'unknown .*option'
    Output line: 'warning: unknown warning option '-Wno-maybe-uninitialized', did you mean '-Wno-uninitialized'? [-Wunknown-warning-option]'
Compilation failed:
    source file: '/Users/BrightLand/Envy/OpenCV/CMakeFiles/CMakeTmp/src.c'
    check option: ' -Wno-maybe-uninitialized'
===== BUILD LOG =====
Change Dir: /Users/BrightLand/Envy/OpenCV/CMakeFiles/CMakeTmp

Run Build Command(s):/usr/bin/xcodebuild -project CMAKE_TRY_COMPILE.xcodeproj build -target cmTC_508cf -parallelizeTargets -configuration Release -hideShellScriptEnvironment && Command line invocation:
    /Applications/Xcode.app/Contents/Developer/usr/bin/xcodebuild -project CMAKE_TRY_COMPILE.xcodeproj build -target cmTC_508cf -parallelizeTargets -configuration Release -hideShellScriptEnvironment

User defaults from command line:
    HideShellScriptEnvironment = YES
    IDEPackageSupportUseBuiltinSCM = YES

note: Using new build system
note: Planning
Analyze workspace

Create build description
Build description signature: 814702a0751c9cea02d23b6720fd2dc0
Build description path: /Users/BrightLand/Envy/OpenCV/CMakeFiles/CMakeTmp/build/XCBuildData/814702a0751c9cea02d23b6720fd2dc0-desc.xcbuild

note: Build preparation complete
note: Building targets in dependency order
CreateBuildDirectory /Users/BrightLand/Envy/OpenCV/CMakeFiles/CMakeTmp
    cd /Users/BrightLand/Envy/OpenCV/CMakeFiles/CMakeTmp/CMAKE_TRY_COMPILE.xcodeproj
    builtin-create-build-directory /Users/BrightLand/Envy/OpenCV/CMakeFiles/CMakeTmp

CreateBuildDirectory /Users/BrightLand/Envy/OpenCV/CMakeFiles/CMakeTmp/Release
    cd /Users/BrightLand/Envy/OpenCV/CMakeFiles/CMakeTmp/CMAKE_TRY_COMPILE.xcodeproj
    builtin-create-build-directory /Users/BrightLand/Envy/OpenCV/CMakeFiles/CMakeTmp/Release

CompileC /Users/BrightLand/Envy/OpenCV/CMakeFiles/CMakeTmp/CMAKE_TRY_COMPILE.build/Release/cmTC_508cf.build/Objects-normal/x86_64/src.o /Users/BrightLand/Envy/OpenCV/CMakeFiles/CMakeTmp/src.c normal x86_64 c com.apple.compilers.llvm.clang.1_0.compiler (in target 'cmTC_508cf' from project 'CMAKE_TRY_COMPILE')
    cd /Users/BrightLand/Envy/OpenCV/CMakeFiles/CMakeTmp
    /Applications/Xcode.app/Contents/Developer/Toolchains/XcodeDefault.xctoolchain/usr/bin/clang -x c -target x86_64-apple-macos12.1 -fmessage-length\=0 -fdiagnostics-show-note-include-stack -fmacro-backtrace-limit\=0 -Wno-trigraphs -fpascal-strings -O3 -Wno-missing-field-initializers -Wno-missing-prototypes -Wno-return-type -Wno-missing-braces -Wparentheses -Wswitch -Wno-unused-function -Wno-unused-label -Wno-unused-parameter -Wno-unused-variable -Wunused-value -Wno-empty-body -Wno-uninitialized -Wno-unknown-pragmas -Wno-shadow -Wno-four-char-constants -Wno-conversion -Wno-constant-conversion -Wno-int-conversion -Wno-bool-conversion -Wno-enum-conversion -Wno-float-conversion -Wno-non-literal-null-conversion -Wno-objc-literal-conversion -Wno-shorten-64-to-32 -Wpointer-sign -Wno-newline-eof -DCMAKE_INTDIR\=\"Release\" -isysroot /Applications/Xcode.app/Contents/Developer/Platforms/MacOSX.platform/Developer/SDKs/MacOSX12.1.sdk -fasm-blocks -fstrict-aliasing -Wdeprecated-declarations -Wno-sign-conversion -Wno-infinite-recursion -Wno-comma -Wno-block-capture-autoreleasing -Wno-strict-prototypes -Wno-semicolon-before-method-body -I/Users/BrightLand/Envy/OpenCV/CMakeFiles/CMakeTmp/Release/include -I/Users/BrightLand/Envy/OpenCV/CMakeFiles/CMakeTmp/CMAKE_TRY_COMPILE.build/Release/cmTC_508cf.build/DerivedSources-normal/x86_64 -I/Users/BrightLand/Envy/OpenCV/CMakeFiles/CMakeTmp/CMAKE_TRY_COMPILE.build/Release/cmTC_508cf.build/DerivedSources/x86_64 -I/Users/BrightLand/Envy/OpenCV/CMakeFiles/CMakeTmp/CMAKE_TRY_COMPILE.build/Release/cmTC_508cf.build/DerivedSources -F/Users/BrightLand/Envy/OpenCV/CMakeFiles/CMakeTmp/Release -fsigned-char -W -Wall -Wreturn-type -Wnon-virtual-dtor -Waddress -Wsequence-point -Wformat -Wformat-security -Wstrict-prototypes -Winit-self -Wpointer-arith -Wsign-promo -Wuninitialized -Wno-delete-non-virtual-dtor -Wno-unnamed-type-template-args -Wno-comment -fdiagnostics-show-option -Wno-long-long -Qunused-arguments -Wno-semicolon-before-method-body -ffunction-sections -fdata-sections -fvisibility\=hidden -fvisibility-inlines-hidden -Wno-missing-prototypes -Wno-missing-declarations -Wno-undef -Wno-unused -Wno-sign-compare -Wno-cast-align -Wno-shadow -DNDEBUG -DNDEBUG -fPIE -Wno-maybe-uninitialized -MMD -MT dependencies -MF /Users/BrightLand/Envy/OpenCV/CMakeFiles/CMakeTmp/CMAKE_TRY_COMPILE.build/Release/cmTC_508cf.build/Objects-normal/x86_64/src.d --serialize-diagnostics /Users/BrightLand/Envy/OpenCV/CMakeFiles/CMakeTmp/CMAKE_TRY_COMPILE.build/Release/cmTC_508cf.build/Objects-normal/x86_64/src.dia -c /Users/BrightLand/Envy/OpenCV/CMakeFiles/CMakeTmp/src.c -o /Users/BrightLand/Envy/OpenCV/CMakeFiles/CMakeTmp/CMAKE_TRY_COMPILE.build/Release/cmTC_508cf.build/Objects-normal/x86_64/src.o
warning: unknown warning option '-Wno-maybe-uninitialized'; did you mean '-Wno-uninitialized'? [-Wunknown-warning-option]
/Users/BrightLand/Envy/OpenCV/CMakeFiles/CMakeTmp/src.c:1:8: warning: unknown pragma ignored [-Wunknown-pragmas]
#pragma
       ^
2 warnings generated.

WriteAuxiliaryFile /Users/BrightLand/Envy/OpenCV/CMakeFiles/CMakeTmp/CMAKE_TRY_COMPILE.build/Release/cmTC_508cf.build/Objects-normal/x86_64/cmTC_508cf.LinkFileList (in target 'cmTC_508cf' from project 'CMAKE_TRY_COMPILE')
    cd /Users/BrightLand/Envy/OpenCV/CMakeFiles/CMakeTmp
    write-file /Users/BrightLand/Envy/OpenCV/CMakeFiles/CMakeTmp/CMAKE_TRY_COMPILE.build/Release/cmTC_508cf.build/Objects-normal/x86_64/cmTC_508cf.LinkFileList

Ld /Users/BrightLand/Envy/OpenCV/CMakeFiles/CMakeTmp/Release/cmTC_508cf normal (in target 'cmTC_508cf' from project 'CMAKE_TRY_COMPILE')
    cd /Users/BrightLand/Envy/OpenCV/CMakeFiles/CMakeTmp
    /Applications/Xcode.app/Contents/Developer/Toolchains/XcodeDefault.xctoolchain/usr/bin/clang -target x86_64-apple-macos12.1 -isysroot /Applications/Xcode.app/Contents/Developer/Platforms/MacOSX.platform/Developer/SDKs/MacOSX12.1.sdk -L/Users/BrightLand/Envy/OpenCV/CMakeFiles/CMakeTmp/Release -F/Users/BrightLand/Envy/OpenCV/CMakeFiles/CMakeTmp/Release -filelist /Users/BrightLand/Envy/OpenCV/CMakeFiles/CMakeTmp/CMAKE_TRY_COMPILE.build/Release/cmTC_508cf.build/Objects-normal/x86_64/cmTC_508cf.LinkFileList -Wl,-dead_strip -Wl,-search_paths_first -Wl,-headerpad_max_install_names -Xlinker -dependency_info -Xlinker /Users/BrightLand/Envy/OpenCV/CMakeFiles/CMakeTmp/CMAKE_TRY_COMPILE.build/Release/cmTC_508cf.build/Objects-normal/x86_64/cmTC_508cf_dependency_info.dat -o /Users/BrightLand/Envy/OpenCV/CMakeFiles/CMakeTmp/Release/cmTC_508cf

RegisterExecutionPolicyException /Users/BrightLand/Envy/OpenCV/CMakeFiles/CMakeTmp/Release/cmTC_508cf (in target 'cmTC_508cf' from project 'CMAKE_TRY_COMPILE')
    cd /Users/BrightLand/Envy/OpenCV/CMakeFiles/CMakeTmp
    builtin-RegisterExecutionPolicyException /Users/BrightLand/Envy/OpenCV/CMakeFiles/CMakeTmp/Release/cmTC_508cf

** BUILD SUCCEEDED **



===== END =====

Determining if files malloc.h exist failed with the following output:
Change Dir: /Users/BrightLand/Envy/OpenCV/CMakeFiles/CMakeTmp

Run Build Command(s):/usr/bin/xcodebuild -project CMAKE_TRY_COMPILE.xcodeproj build -target cmTC_4297e -parallelizeTargets -configuration Release -hideShellScriptEnvironment && Command line invocation:
    /Applications/Xcode.app/Contents/Developer/usr/bin/xcodebuild -project CMAKE_TRY_COMPILE.xcodeproj build -target cmTC_4297e -parallelizeTargets -configuration Release -hideShellScriptEnvironment

User defaults from command line:
    HideShellScriptEnvironment = YES
    IDEPackageSupportUseBuiltinSCM = YES

note: Using new build system
note: Planning
Analyze workspace

Create build description
Build description signature: 19f83233978ecfc91aefec3995627221
Build description path: /Users/BrightLand/Envy/OpenCV/CMakeFiles/CMakeTmp/build/XCBuildData/19f83233978ecfc91aefec3995627221-desc.xcbuild

note: Build preparation complete
note: Building targets in dependency order
CreateBuildDirectory /Users/BrightLand/Envy/OpenCV/CMakeFiles/CMakeTmp
    cd /Users/BrightLand/Envy/OpenCV/CMakeFiles/CMakeTmp/CMAKE_TRY_COMPILE.xcodeproj
    builtin-create-build-directory /Users/BrightLand/Envy/OpenCV/CMakeFiles/CMakeTmp

CreateBuildDirectory /Users/BrightLand/Envy/OpenCV/CMakeFiles/CMakeTmp/Release
    cd /Users/BrightLand/Envy/OpenCV/CMakeFiles/CMakeTmp/CMAKE_TRY_COMPILE.xcodeproj
    builtin-create-build-directory /Users/BrightLand/Envy/OpenCV/CMakeFiles/CMakeTmp/Release

WriteAuxiliaryFile /Users/BrightLand/Envy/OpenCV/CMakeFiles/CMakeTmp/CMAKE_TRY_COMPILE.build/Release/cmTC_4297e.build/Objects-normal/x86_64/cmTC_4297e.LinkFileList (in target 'cmTC_4297e' from project 'CMAKE_TRY_COMPILE')
    cd /Users/BrightLand/Envy/OpenCV/CMakeFiles/CMakeTmp
    write-file /Users/BrightLand/Envy/OpenCV/CMakeFiles/CMakeTmp/CMAKE_TRY_COMPILE.build/Release/cmTC_4297e.build/Objects-normal/x86_64/cmTC_4297e.LinkFileList

CompileC /Users/BrightLand/Envy/OpenCV/CMakeFiles/CMakeTmp/CMAKE_TRY_COMPILE.build/Release/cmTC_4297e.build/Objects-normal/x86_64/OPJ_HAVE_MALLOC_H.o /Users/BrightLand/Envy/OpenCV/CMakeFiles/CheckIncludeFiles/OPJ_HAVE_MALLOC_H.c normal x86_64 c com.apple.compilers.llvm.clang.1_0.compiler (in target 'cmTC_4297e' from project 'CMAKE_TRY_COMPILE')
    cd /Users/BrightLand/Envy/OpenCV/CMakeFiles/CMakeTmp
    /Applications/Xcode.app/Contents/Developer/Toolchains/XcodeDefault.xctoolchain/usr/bin/clang -x c -target x86_64-apple-macos12.1 -fmessage-length\=0 -fdiagnostics-show-note-include-stack -fmacro-backtrace-limit\=0 -Wno-trigraphs -fpascal-strings -O3 -Wno-missing-field-initializers -Wno-missing-prototypes -Wno-return-type -Wno-missing-braces -Wparentheses -Wswitch -Wno-unused-function -Wno-unused-label -Wno-unused-parameter -Wno-unused-variable -Wunused-value -Wno-empty-body -Wno-uninitialized -Wno-unknown-pragmas -Wno-shadow -Wno-four-char-constants -Wno-conversion -Wno-constant-conversion -Wno-int-conversion -Wno-bool-conversion -Wno-enum-conversion -Wno-float-conversion -Wno-non-literal-null-conversion -Wno-objc-literal-conversion -Wno-shorten-64-to-32 -Wpointer-sign -Wno-newline-eof -DCMAKE_INTDIR\=\"Release\" -isysroot /Applications/Xcode.app/Contents/Developer/Platforms/MacOSX.platform/Developer/SDKs/MacOSX12.1.sdk -fasm-blocks -fstrict-aliasing -Wdeprecated-declarations -Wno-sign-conversion -Wno-infinite-recursion -Wno-comma -Wno-block-capture-autoreleasing -Wno-strict-prototypes -Wno-semicolon-before-method-body -I/Users/BrightLand/Envy/OpenCV/CMakeFiles/CMakeTmp/Release/include -I/Users/BrightLand/Envy/OpenCV/CMakeFiles/CMakeTmp/CMAKE_TRY_COMPILE.build/Release/cmTC_4297e.build/DerivedSources-normal/x86_64 -I/Users/BrightLand/Envy/OpenCV/CMakeFiles/CMakeTmp/CMAKE_TRY_COMPILE.build/Release/cmTC_4297e.build/DerivedSources/x86_64 -I/Users/BrightLand/Envy/OpenCV/CMakeFiles/CMakeTmp/CMAKE_TRY_COMPILE.build/Release/cmTC_4297e.build/DerivedSources -F/Users/BrightLand/Envy/OpenCV/CMakeFiles/CMakeTmp/Release -fsigned-char -W -Wall -Wreturn-type -Wnon-virtual-dtor -Waddress -Wsequence-point -Wformat -Wformat-security -Wmissing-declarations -Wmissing-prototypes -Wstrict-prototypes -Wundef -Winit-self -Wpointer-arith -Wshadow -Wsign-promo -Wuninitialized -Wno-delete-non-virtual-dtor -Wno-unnamed-type-template-args -Wno-comment -fdiagnostics-show-option -Wno-long-long -Qunused-arguments -Wno-semicolon-before-method-body -ffunction-sections -fdata-sections -fvisibility\=hidden -fvisibility-inlines-hidden -Wno-implicit-const-int-float-conversion -DNDEBUG -DNDEBUG -fPIE -MMD -MT dependencies -MF /Users/BrightLand/Envy/OpenCV/CMakeFiles/CMakeTmp/CMAKE_TRY_COMPILE.build/Release/cmTC_4297e.build/Objects-normal/x86_64/OPJ_HAVE_MALLOC_H.d --serialize-diagnostics /Users/BrightLand/Envy/OpenCV/CMakeFiles/CMakeTmp/CMAKE_TRY_COMPILE.build/Release/cmTC_4297e.build/Objects-normal/x86_64/OPJ_HAVE_MALLOC_H.dia -c /Users/BrightLand/Envy/OpenCV/CMakeFiles/CheckIncludeFiles/OPJ_HAVE_MALLOC_H.c -o /Users/BrightLand/Envy/OpenCV/CMakeFiles/CMakeTmp/CMAKE_TRY_COMPILE.build/Release/cmTC_4297e.build/Objects-normal/x86_64/OPJ_HAVE_MALLOC_H.o
/Users/BrightLand/Envy/OpenCV/CMakeFiles/CheckIncludeFiles/OPJ_HAVE_MALLOC_H.c:2:10: fatal error: 'malloc.h' file not found
#include <malloc.h>
         ^~~~~~~~~~
1 error generated.

** BUILD FAILED **


The following build commands failed:
	CompileC /Users/BrightLand/Envy/OpenCV/CMakeFiles/CMakeTmp/CMAKE_TRY_COMPILE.build/Release/cmTC_4297e.build/Objects-normal/x86_64/OPJ_HAVE_MALLOC_H.o /Users/BrightLand/Envy/OpenCV/CMakeFiles/CheckIncludeFiles/OPJ_HAVE_MALLOC_H.c normal x86_64 c com.apple.compilers.llvm.clang.1_0.compiler (in target 'cmTC_4297e' from project 'CMAKE_TRY_COMPILE')
(1 failure)


Source:
/* */
#include <malloc.h>


int main(void){return 0;}

Determining if the _aligned_malloc exist failed with the following output:
Change Dir: /Users/BrightLand/Envy/OpenCV/CMakeFiles/CMakeTmp

Run Build Command(s):/usr/bin/xcodebuild -project CMAKE_TRY_COMPILE.xcodeproj build -target cmTC_999b1 -parallelizeTargets -configuration Release -hideShellScriptEnvironment && Command line invocation:
    /Applications/Xcode.app/Contents/Developer/usr/bin/xcodebuild -project CMAKE_TRY_COMPILE.xcodeproj build -target cmTC_999b1 -parallelizeTargets -configuration Release -hideShellScriptEnvironment

User defaults from command line:
    HideShellScriptEnvironment = YES
    IDEPackageSupportUseBuiltinSCM = YES

note: Using new build system
note: Planning
Analyze workspace

Create build description
Build description signature: 3ec497c88f0404076de027b288f2628a
Build description path: /Users/BrightLand/Envy/OpenCV/CMakeFiles/CMakeTmp/build/XCBuildData/3ec497c88f0404076de027b288f2628a-desc.xcbuild

note: Build preparation complete
note: Building targets in dependency order
CreateBuildDirectory /Users/BrightLand/Envy/OpenCV/CMakeFiles/CMakeTmp
    cd /Users/BrightLand/Envy/OpenCV/CMakeFiles/CMakeTmp/CMAKE_TRY_COMPILE.xcodeproj
    builtin-create-build-directory /Users/BrightLand/Envy/OpenCV/CMakeFiles/CMakeTmp

CreateBuildDirectory /Users/BrightLand/Envy/OpenCV/CMakeFiles/CMakeTmp/Release
    cd /Users/BrightLand/Envy/OpenCV/CMakeFiles/CMakeTmp/CMAKE_TRY_COMPILE.xcodeproj
    builtin-create-build-directory /Users/BrightLand/Envy/OpenCV/CMakeFiles/CMakeTmp/Release

WriteAuxiliaryFile /Users/BrightLand/Envy/OpenCV/CMakeFiles/CMakeTmp/CMAKE_TRY_COMPILE.build/Release/cmTC_999b1.build/Objects-normal/x86_64/cmTC_999b1.LinkFileList (in target 'cmTC_999b1' from project 'CMAKE_TRY_COMPILE')
    cd /Users/BrightLand/Envy/OpenCV/CMakeFiles/CMakeTmp
    write-file /Users/BrightLand/Envy/OpenCV/CMakeFiles/CMakeTmp/CMAKE_TRY_COMPILE.build/Release/cmTC_999b1.build/Objects-normal/x86_64/cmTC_999b1.LinkFileList

CompileC /Users/BrightLand/Envy/OpenCV/CMakeFiles/CMakeTmp/CMAKE_TRY_COMPILE.build/Release/cmTC_999b1.build/Objects-normal/x86_64/CheckSymbolExists.o /Users/BrightLand/Envy/OpenCV/CMakeFiles/CMakeTmp/CheckSymbolExists.c normal x86_64 c com.apple.compilers.llvm.clang.1_0.compiler (in target 'cmTC_999b1' from project 'CMAKE_TRY_COMPILE')
    cd /Users/BrightLand/Envy/OpenCV/CMakeFiles/CMakeTmp
    /Applications/Xcode.app/Contents/Developer/Toolchains/XcodeDefault.xctoolchain/usr/bin/clang -x c -target x86_64-apple-macos12.1 -fmessage-length\=0 -fdiagnostics-show-note-include-stack -fmacro-backtrace-limit\=0 -Wno-trigraphs -fpascal-strings -O3 -Wno-missing-field-initializers -Wno-missing-prototypes -Wno-return-type -Wno-missing-braces -Wparentheses -Wswitch -Wno-unused-function -Wno-unused-label -Wno-unused-parameter -Wno-unused-variable -Wunused-value -Wno-empty-body -Wno-uninitialized -Wno-unknown-pragmas -Wno-shadow -Wno-four-char-constants -Wno-conversion -Wno-constant-conversion -Wno-int-conversion -Wno-bool-conversion -Wno-enum-conversion -Wno-float-conversion -Wno-non-literal-null-conversion -Wno-objc-literal-conversion -Wno-shorten-64-to-32 -Wpointer-sign -Wno-newline-eof -DCMAKE_INTDIR\=\"Release\" -isysroot /Applications/Xcode.app/Contents/Developer/Platforms/MacOSX.platform/Developer/SDKs/MacOSX12.1.sdk -fasm-blocks -fstrict-aliasing -Wdeprecated-declarations -Wno-sign-conversion -Wno-infinite-recursion -Wno-comma -Wno-block-capture-autoreleasing -Wno-strict-prototypes -Wno-semicolon-before-method-body -I/Users/BrightLand/Envy/OpenCV/CMakeFiles/CMakeTmp/Release/include -I/Users/BrightLand/Envy/OpenCV/CMakeFiles/CMakeTmp/CMAKE_TRY_COMPILE.build/Release/cmTC_999b1.build/DerivedSources-normal/x86_64 -I/Users/BrightLand/Envy/OpenCV/CMakeFiles/CMakeTmp/CMAKE_TRY_COMPILE.build/Release/cmTC_999b1.build/DerivedSources/x86_64 -I/Users/BrightLand/Envy/OpenCV/CMakeFiles/CMakeTmp/CMAKE_TRY_COMPILE.build/Release/cmTC_999b1.build/DerivedSources -F/Users/BrightLand/Envy/OpenCV/CMakeFiles/CMakeTmp/Release -fsigned-char -W -Wall -Wreturn-type -Wnon-virtual-dtor -Waddress -Wsequence-point -Wformat -Wformat-security -Wmissing-declarations -Wmissing-prototypes -Wstrict-prototypes -Wundef -Winit-self -Wpointer-arith -Wshadow -Wsign-promo -Wuninitialized -Wno-delete-non-virtual-dtor -Wno-unnamed-type-template-args -Wno-comment -fdiagnostics-show-option -Wno-long-long -Qunused-arguments -Wno-semicolon-before-method-body -ffunction-sections -fdata-sections -fvisibility\=hidden -fvisibility-inlines-hidden -Wno-implicit-const-int-float-conversion -DNDEBUG -DNDEBUG -fPIE -MMD -MT dependencies -MF /Users/BrightLand/Envy/OpenCV/CMakeFiles/CMakeTmp/CMAKE_TRY_COMPILE.build/Release/cmTC_999b1.build/Objects-normal/x86_64/CheckSymbolExists.d --serialize-diagnostics /Users/BrightLand/Envy/OpenCV/CMakeFiles/CMakeTmp/CMAKE_TRY_COMPILE.build/Release/cmTC_999b1.build/Objects-normal/x86_64/CheckSymbolExists.dia -c /Users/BrightLand/Envy/OpenCV/CMakeFiles/CMakeTmp/CheckSymbolExists.c -o /Users/BrightLand/Envy/OpenCV/CMakeFiles/CMakeTmp/CMAKE_TRY_COMPILE.build/Release/cmTC_999b1.build/Objects-normal/x86_64/CheckSymbolExists.o
/Users/BrightLand/Envy/OpenCV/CMakeFiles/CMakeTmp/CheckSymbolExists.c:2:10: fatal error: 'malloc.h' file not found
#include <malloc.h>
         ^~~~~~~~~~
1 error generated.

** BUILD FAILED **


The following build commands failed:
	CompileC /Users/BrightLand/Envy/OpenCV/CMakeFiles/CMakeTmp/CMAKE_TRY_COMPILE.build/Release/cmTC_999b1.build/Objects-normal/x86_64/CheckSymbolExists.o /Users/BrightLand/Envy/OpenCV/CMakeFiles/CMakeTmp/CheckSymbolExists.c normal x86_64 c com.apple.compilers.llvm.clang.1_0.compiler (in target 'cmTC_999b1' from project 'CMAKE_TRY_COMPILE')
(1 failure)


File /Users/BrightLand/Envy/OpenCV/CMakeFiles/CMakeTmp/CheckSymbolExists.c:
/* */
#include <malloc.h>

int main(int argc, char** argv)
{
  (void)argv;
#ifndef _aligned_malloc
  return ((int*)(&_aligned_malloc))[argc];
#else
  (void)argc;
  return 0;
#endif
}
Determining if the memalign exist failed with the following output:
Change Dir: /Users/BrightLand/Envy/OpenCV/CMakeFiles/CMakeTmp

Run Build Command(s):/usr/bin/xcodebuild -project CMAKE_TRY_COMPILE.xcodeproj build -target cmTC_216c8 -parallelizeTargets -configuration Release -hideShellScriptEnvironment && Command line invocation:
    /Applications/Xcode.app/Contents/Developer/usr/bin/xcodebuild -project CMAKE_TRY_COMPILE.xcodeproj build -target cmTC_216c8 -parallelizeTargets -configuration Release -hideShellScriptEnvironment

User defaults from command line:
    HideShellScriptEnvironment = YES
    IDEPackageSupportUseBuiltinSCM = YES

note: Using new build system
note: Planning
Analyze workspace

Create build description
Build description signature: 43e8b1505eb6da50c0aa726dd87ae277
Build description path: /Users/BrightLand/Envy/OpenCV/CMakeFiles/CMakeTmp/build/XCBuildData/43e8b1505eb6da50c0aa726dd87ae277-desc.xcbuild

note: Build preparation complete
note: Building targets in dependency order
CreateBuildDirectory /Users/BrightLand/Envy/OpenCV/CMakeFiles/CMakeTmp
    cd /Users/BrightLand/Envy/OpenCV/CMakeFiles/CMakeTmp/CMAKE_TRY_COMPILE.xcodeproj
    builtin-create-build-directory /Users/BrightLand/Envy/OpenCV/CMakeFiles/CMakeTmp

CreateBuildDirectory /Users/BrightLand/Envy/OpenCV/CMakeFiles/CMakeTmp/Release
    cd /Users/BrightLand/Envy/OpenCV/CMakeFiles/CMakeTmp/CMAKE_TRY_COMPILE.xcodeproj
    builtin-create-build-directory /Users/BrightLand/Envy/OpenCV/CMakeFiles/CMakeTmp/Release

WriteAuxiliaryFile /Users/BrightLand/Envy/OpenCV/CMakeFiles/CMakeTmp/CMAKE_TRY_COMPILE.build/Release/cmTC_216c8.build/Objects-normal/x86_64/cmTC_216c8.LinkFileList (in target 'cmTC_216c8' from project 'CMAKE_TRY_COMPILE')
    cd /Users/BrightLand/Envy/OpenCV/CMakeFiles/CMakeTmp
    write-file /Users/BrightLand/Envy/OpenCV/CMakeFiles/CMakeTmp/CMAKE_TRY_COMPILE.build/Release/cmTC_216c8.build/Objects-normal/x86_64/cmTC_216c8.LinkFileList

CompileC /Users/BrightLand/Envy/OpenCV/CMakeFiles/CMakeTmp/CMAKE_TRY_COMPILE.build/Release/cmTC_216c8.build/Objects-normal/x86_64/CheckSymbolExists.o /Users/BrightLand/Envy/OpenCV/CMakeFiles/CMakeTmp/CheckSymbolExists.c normal x86_64 c com.apple.compilers.llvm.clang.1_0.compiler (in target 'cmTC_216c8' from project 'CMAKE_TRY_COMPILE')
    cd /Users/BrightLand/Envy/OpenCV/CMakeFiles/CMakeTmp
    /Applications/Xcode.app/Contents/Developer/Toolchains/XcodeDefault.xctoolchain/usr/bin/clang -x c -target x86_64-apple-macos12.1 -fmessage-length\=0 -fdiagnostics-show-note-include-stack -fmacro-backtrace-limit\=0 -Wno-trigraphs -fpascal-strings -O3 -Wno-missing-field-initializers -Wno-missing-prototypes -Wno-return-type -Wno-missing-braces -Wparentheses -Wswitch -Wno-unused-function -Wno-unused-label -Wno-unused-parameter -Wno-unused-variable -Wunused-value -Wno-empty-body -Wno-uninitialized -Wno-unknown-pragmas -Wno-shadow -Wno-four-char-constants -Wno-conversion -Wno-constant-conversion -Wno-int-conversion -Wno-bool-conversion -Wno-enum-conversion -Wno-float-conversion -Wno-non-literal-null-conversion -Wno-objc-literal-conversion -Wno-shorten-64-to-32 -Wpointer-sign -Wno-newline-eof -DCMAKE_INTDIR\=\"Release\" -isysroot /Applications/Xcode.app/Contents/Developer/Platforms/MacOSX.platform/Developer/SDKs/MacOSX12.1.sdk -fasm-blocks -fstrict-aliasing -Wdeprecated-declarations -Wno-sign-conversion -Wno-infinite-recursion -Wno-comma -Wno-block-capture-autoreleasing -Wno-strict-prototypes -Wno-semicolon-before-method-body -I/Users/BrightLand/Envy/OpenCV/CMakeFiles/CMakeTmp/Release/include -I/Users/BrightLand/Envy/OpenCV/CMakeFiles/CMakeTmp/CMAKE_TRY_COMPILE.build/Release/cmTC_216c8.build/DerivedSources-normal/x86_64 -I/Users/BrightLand/Envy/OpenCV/CMakeFiles/CMakeTmp/CMAKE_TRY_COMPILE.build/Release/cmTC_216c8.build/DerivedSources/x86_64 -I/Users/BrightLand/Envy/OpenCV/CMakeFiles/CMakeTmp/CMAKE_TRY_COMPILE.build/Release/cmTC_216c8.build/DerivedSources -F/Users/BrightLand/Envy/OpenCV/CMakeFiles/CMakeTmp/Release -fsigned-char -W -Wall -Wreturn-type -Wnon-virtual-dtor -Waddress -Wsequence-point -Wformat -Wformat-security -Wmissing-declarations -Wmissing-prototypes -Wstrict-prototypes -Wundef -Winit-self -Wpointer-arith -Wshadow -Wsign-promo -Wuninitialized -Wno-delete-non-virtual-dtor -Wno-unnamed-type-template-args -Wno-comment -fdiagnostics-show-option -Wno-long-long -Qunused-arguments -Wno-semicolon-before-method-body -ffunction-sections -fdata-sections -fvisibility\=hidden -fvisibility-inlines-hidden -Wno-implicit-const-int-float-conversion -DNDEBUG -DNDEBUG -fPIE -MMD -MT dependencies -MF /Users/BrightLand/Envy/OpenCV/CMakeFiles/CMakeTmp/CMAKE_TRY_COMPILE.build/Release/cmTC_216c8.build/Objects-normal/x86_64/CheckSymbolExists.d --serialize-diagnostics /Users/BrightLand/Envy/OpenCV/CMakeFiles/CMakeTmp/CMAKE_TRY_COMPILE.build/Release/cmTC_216c8.build/Objects-normal/x86_64/CheckSymbolExists.dia -c /Users/BrightLand/Envy/OpenCV/CMakeFiles/CMakeTmp/CheckSymbolExists.c -o /Users/BrightLand/Envy/OpenCV/CMakeFiles/CMakeTmp/CMAKE_TRY_COMPILE.build/Release/cmTC_216c8.build/Objects-normal/x86_64/CheckSymbolExists.o
/Users/BrightLand/Envy/OpenCV/CMakeFiles/CMakeTmp/CheckSymbolExists.c:2:10: fatal error: 'malloc.h' file not found
#include <malloc.h>
         ^~~~~~~~~~
1 error generated.

** BUILD FAILED **


The following build commands failed:
	CompileC /Users/BrightLand/Envy/OpenCV/CMakeFiles/CMakeTmp/CMAKE_TRY_COMPILE.build/Release/cmTC_216c8.build/Objects-normal/x86_64/CheckSymbolExists.o /Users/BrightLand/Envy/OpenCV/CMakeFiles/CMakeTmp/CheckSymbolExists.c normal x86_64 c com.apple.compilers.llvm.clang.1_0.compiler (in target 'cmTC_216c8' from project 'CMAKE_TRY_COMPILE')
(1 failure)


File /Users/BrightLand/Envy/OpenCV/CMakeFiles/CMakeTmp/CheckSymbolExists.c:
/* */
#include <malloc.h>

int main(int argc, char** argv)
{
  (void)argv;
#ifndef memalign
  return ((int*)(&memalign))[argc];
#else
  (void)argc;
  return 0;
#endif
}
Build output check failed:
    Regex: 'unknown .*option'
    Output line: 'warning: unknown warning option '-Wno-cast-function-type', did you mean '-Wno-bad-function-cast'? [-Wunknown-warning-option]'
Compilation failed:
    source file: '/Users/BrightLand/Envy/OpenCV/CMakeFiles/CMakeTmp/src.c'
    check option: ' -Wno-cast-function-type'
===== BUILD LOG =====
Change Dir: /Users/BrightLand/Envy/OpenCV/CMakeFiles/CMakeTmp

Run Build Command(s):/usr/bin/xcodebuild -project CMAKE_TRY_COMPILE.xcodeproj build -target cmTC_31e0e -parallelizeTargets -configuration Release -hideShellScriptEnvironment && Command line invocation:
    /Applications/Xcode.app/Contents/Developer/usr/bin/xcodebuild -project CMAKE_TRY_COMPILE.xcodeproj build -target cmTC_31e0e -parallelizeTargets -configuration Release -hideShellScriptEnvironment

User defaults from command line:
    HideShellScriptEnvironment = YES
    IDEPackageSupportUseBuiltinSCM = YES

note: Using new build system
note: Planning
Analyze workspace

Create build description
Build description signature: a03b39048a525e7f169634d42f23ba50
Build description path: /Users/BrightLand/Envy/OpenCV/CMakeFiles/CMakeTmp/build/XCBuildData/a03b39048a525e7f169634d42f23ba50-desc.xcbuild

note: Build preparation complete
note: Building targets in dependency order
CreateBuildDirectory /Users/BrightLand/Envy/OpenCV/CMakeFiles/CMakeTmp
    cd /Users/BrightLand/Envy/OpenCV/CMakeFiles/CMakeTmp/CMAKE_TRY_COMPILE.xcodeproj
    builtin-create-build-directory /Users/BrightLand/Envy/OpenCV/CMakeFiles/CMakeTmp

CreateBuildDirectory /Users/BrightLand/Envy/OpenCV/CMakeFiles/CMakeTmp/Release
    cd /Users/BrightLand/Envy/OpenCV/CMakeFiles/CMakeTmp/CMAKE_TRY_COMPILE.xcodeproj
    builtin-create-build-directory /Users/BrightLand/Envy/OpenCV/CMakeFiles/CMakeTmp/Release

WriteAuxiliaryFile /Users/BrightLand/Envy/OpenCV/CMakeFiles/CMakeTmp/CMAKE_TRY_COMPILE.build/Release/cmTC_31e0e.build/Objects-normal/x86_64/cmTC_31e0e.LinkFileList (in target 'cmTC_31e0e' from project 'CMAKE_TRY_COMPILE')
    cd /Users/BrightLand/Envy/OpenCV/CMakeFiles/CMakeTmp
    write-file /Users/BrightLand/Envy/OpenCV/CMakeFiles/CMakeTmp/CMAKE_TRY_COMPILE.build/Release/cmTC_31e0e.build/Objects-normal/x86_64/cmTC_31e0e.LinkFileList

CompileC /Users/BrightLand/Envy/OpenCV/CMakeFiles/CMakeTmp/CMAKE_TRY_COMPILE.build/Release/cmTC_31e0e.build/Objects-normal/x86_64/src.o /Users/BrightLand/Envy/OpenCV/CMakeFiles/CMakeTmp/src.c normal x86_64 c com.apple.compilers.llvm.clang.1_0.compiler (in target 'cmTC_31e0e' from project 'CMAKE_TRY_COMPILE')
    cd /Users/BrightLand/Envy/OpenCV/CMakeFiles/CMakeTmp
    /Applications/Xcode.app/Contents/Developer/Toolchains/XcodeDefault.xctoolchain/usr/bin/clang -x c -target x86_64-apple-macos12.1 -fmessage-length\=0 -fdiagnostics-show-note-include-stack -fmacro-backtrace-limit\=0 -Wno-trigraphs -fpascal-strings -O3 -Wno-missing-field-initializers -Wno-missing-prototypes -Wno-return-type -Wno-missing-braces -Wparentheses -Wswitch -Wno-unused-function -Wno-unused-label -Wno-unused-parameter -Wno-unused-variable -Wunused-value -Wno-empty-body -Wno-uninitialized -Wno-unknown-pragmas -Wno-shadow -Wno-four-char-constants -Wno-conversion -Wno-constant-conversion -Wno-int-conversion -Wno-bool-conversion -Wno-enum-conversion -Wno-float-conversion -Wno-non-literal-null-conversion -Wno-objc-literal-conversion -Wno-shorten-64-to-32 -Wpointer-sign -Wno-newline-eof -DCMAKE_INTDIR\=\"Release\" -isysroot /Applications/Xcode.app/Contents/Developer/Platforms/MacOSX.platform/Developer/SDKs/MacOSX12.1.sdk -fasm-blocks -fstrict-aliasing -Wdeprecated-declarations -Wno-sign-conversion -Wno-infinite-recursion -Wno-comma -Wno-block-capture-autoreleasing -Wno-strict-prototypes -Wno-semicolon-before-method-body -I/Users/BrightLand/Envy/OpenCV/CMakeFiles/CMakeTmp/Release/include -I/Users/BrightLand/Envy/OpenCV/CMakeFiles/CMakeTmp/CMAKE_TRY_COMPILE.build/Release/cmTC_31e0e.build/DerivedSources-normal/x86_64 -I/Users/BrightLand/Envy/OpenCV/CMakeFiles/CMakeTmp/CMAKE_TRY_COMPILE.build/Release/cmTC_31e0e.build/DerivedSources/x86_64 -I/Users/BrightLand/Envy/OpenCV/CMakeFiles/CMakeTmp/CMAKE_TRY_COMPILE.build/Release/cmTC_31e0e.build/DerivedSources -F/Users/BrightLand/Envy/OpenCV/CMakeFiles/CMakeTmp/Release -fsigned-char -W -Wall -Wreturn-type -Wnon-virtual-dtor -Waddress -Wsequence-point -Wformat -Wformat-security -Wmissing-declarations -Wmissing-prototypes -Winit-self -Wpointer-arith -Wshadow -Wsign-promo -Wuninitialized -Wno-delete-non-virtual-dtor -Wno-unnamed-type-template-args -Wno-comment -fdiagnostics-show-option -Wno-long-long -Qunused-arguments -Wno-semicolon-before-method-body -ffunction-sections -fdata-sections -fvisibility\=hidden -fvisibility-inlines-hidden -Wno-implicit-const-int-float-conversion -Wno-undef -Wno-strict-prototypes -DNDEBUG -DNDEBUG -fPIE -Wno-cast-function-type -MMD -MT dependencies -MF /Users/BrightLand/Envy/OpenCV/CMakeFiles/CMakeTmp/CMAKE_TRY_COMPILE.build/Release/cmTC_31e0e.build/Objects-normal/x86_64/src.d --serialize-diagnostics /Users/BrightLand/Envy/OpenCV/CMakeFiles/CMakeTmp/CMAKE_TRY_COMPILE.build/Release/cmTC_31e0e.build/Objects-normal/x86_64/src.dia -c /Users/BrightLand/Envy/OpenCV/CMakeFiles/CMakeTmp/src.c -o /Users/BrightLand/Envy/OpenCV/CMakeFiles/CMakeTmp/CMAKE_TRY_COMPILE.build/Release/cmTC_31e0e.build/Objects-normal/x86_64/src.o
warning: unknown warning option '-Wno-cast-function-type'; did you mean '-Wno-bad-function-cast'? [-Wunknown-warning-option]
/Users/BrightLand/Envy/OpenCV/CMakeFiles/CMakeTmp/src.c:1:8: warning: unknown pragma ignored [-Wunknown-pragmas]
#pragma
       ^
2 warnings generated.

Ld /Users/BrightLand/Envy/OpenCV/CMakeFiles/CMakeTmp/Release/cmTC_31e0e normal (in target 'cmTC_31e0e' from project 'CMAKE_TRY_COMPILE')
    cd /Users/BrightLand/Envy/OpenCV/CMakeFiles/CMakeTmp
    /Applications/Xcode.app/Contents/Developer/Toolchains/XcodeDefault.xctoolchain/usr/bin/clang -target x86_64-apple-macos12.1 -isysroot /Applications/Xcode.app/Contents/Developer/Platforms/MacOSX.platform/Developer/SDKs/MacOSX12.1.sdk -L/Users/BrightLand/Envy/OpenCV/CMakeFiles/CMakeTmp/Release -F/Users/BrightLand/Envy/OpenCV/CMakeFiles/CMakeTmp/Release -filelist /Users/BrightLand/Envy/OpenCV/CMakeFiles/CMakeTmp/CMAKE_TRY_COMPILE.build/Release/cmTC_31e0e.build/Objects-normal/x86_64/cmTC_31e0e.LinkFileList -Wl,-dead_strip -Wl,-search_paths_first -Wl,-headerpad_max_install_names -Xlinker -dependency_info -Xlinker /Users/BrightLand/Envy/OpenCV/CMakeFiles/CMakeTmp/CMAKE_TRY_COMPILE.build/Release/cmTC_31e0e.build/Objects-normal/x86_64/cmTC_31e0e_dependency_info.dat -o /Users/BrightLand/Envy/OpenCV/CMakeFiles/CMakeTmp/Release/cmTC_31e0e

RegisterExecutionPolicyException /Users/BrightLand/Envy/OpenCV/CMakeFiles/CMakeTmp/Release/cmTC_31e0e (in target 'cmTC_31e0e' from project 'CMAKE_TRY_COMPILE')
    cd /Users/BrightLand/Envy/OpenCV/CMakeFiles/CMakeTmp
    builtin-RegisterExecutionPolicyException /Users/BrightLand/Envy/OpenCV/CMakeFiles/CMakeTmp/Release/cmTC_31e0e

** BUILD SUCCEEDED **



===== END =====

Determining if the function sgemm_ exists failed with the following output:
Change Dir: /Users/BrightLand/Envy/OpenCV/CMakeFiles/CMakeTmp

Run Build Command(s):/usr/bin/xcodebuild -project CMAKE_TRY_COMPILE.xcodeproj build -target cmTC_0f852 -parallelizeTargets -configuration Release -hideShellScriptEnvironment && Command line invocation:
    /Applications/Xcode.app/Contents/Developer/usr/bin/xcodebuild -project CMAKE_TRY_COMPILE.xcodeproj build -target cmTC_0f852 -parallelizeTargets -configuration Release -hideShellScriptEnvironment

User defaults from command line:
    HideShellScriptEnvironment = YES
    IDEPackageSupportUseBuiltinSCM = YES

note: Using new build system
note: Planning
Analyze workspace

Create build description
Build description signature: e4e0f7d3583a5338faf1db3df100ec81
Build description path: /Users/BrightLand/Envy/OpenCV/CMakeFiles/CMakeTmp/build/XCBuildData/e4e0f7d3583a5338faf1db3df100ec81-desc.xcbuild

note: Build preparation complete
note: Building targets in dependency order
CreateBuildDirectory /Users/BrightLand/Envy/OpenCV/CMakeFiles/CMakeTmp
    cd /Users/BrightLand/Envy/OpenCV/CMakeFiles/CMakeTmp/CMAKE_TRY_COMPILE.xcodeproj
    builtin-create-build-directory /Users/BrightLand/Envy/OpenCV/CMakeFiles/CMakeTmp

CreateBuildDirectory /Users/BrightLand/Envy/OpenCV/CMakeFiles/CMakeTmp/Release
    cd /Users/BrightLand/Envy/OpenCV/CMakeFiles/CMakeTmp/CMAKE_TRY_COMPILE.xcodeproj
    builtin-create-build-directory /Users/BrightLand/Envy/OpenCV/CMakeFiles/CMakeTmp/Release

WriteAuxiliaryFile /Users/BrightLand/Envy/OpenCV/CMakeFiles/CMakeTmp/CMAKE_TRY_COMPILE.build/Release/cmTC_0f852.build/Objects-normal/x86_64/cmTC_0f852.LinkFileList (in target 'cmTC_0f852' from project 'CMAKE_TRY_COMPILE')
    cd /Users/BrightLand/Envy/OpenCV/CMakeFiles/CMakeTmp
    write-file /Users/BrightLand/Envy/OpenCV/CMakeFiles/CMakeTmp/CMAKE_TRY_COMPILE.build/Release/cmTC_0f852.build/Objects-normal/x86_64/cmTC_0f852.LinkFileList

CompileC /Users/BrightLand/Envy/OpenCV/CMakeFiles/CMakeTmp/CMAKE_TRY_COMPILE.build/Release/cmTC_0f852.build/Objects-normal/x86_64/CheckFunctionExists.o /Applications/CMake.app/Contents/share/cmake-3.22/Modules/CheckFunctionExists.c normal x86_64 c com.apple.compilers.llvm.clang.1_0.compiler (in target 'cmTC_0f852' from project 'CMAKE_TRY_COMPILE')
    cd /Users/BrightLand/Envy/OpenCV/CMakeFiles/CMakeTmp
    /Applications/Xcode.app/Contents/Developer/Toolchains/XcodeDefault.xctoolchain/usr/bin/clang -x c -target x86_64-apple-macos12.1 -fmessage-length\=0 -fdiagnostics-show-note-include-stack -fmacro-backtrace-limit\=0 -Wno-trigraphs -fpascal-strings -O3 -Wno-missing-field-initializers -Wno-missing-prototypes -Wno-return-type -Wno-missing-braces -Wparentheses -Wswitch -Wno-unused-function -Wno-unused-label -Wno-unused-parameter -Wno-unused-variable -Wunused-value -Wno-empty-body -Wno-uninitialized -Wno-unknown-pragmas -Wno-shadow -Wno-four-char-constants -Wno-conversion -Wno-constant-conversion -Wno-int-conversion -Wno-bool-conversion -Wno-enum-conversion -Wno-float-conversion -Wno-non-literal-null-conversion -Wno-objc-literal-conversion -Wno-shorten-64-to-32 -Wpointer-sign -Wno-newline-eof -DCMAKE_INTDIR\=\"Release\" -isysroot /Applications/Xcode.app/Contents/Developer/Platforms/MacOSX.platform/Developer/SDKs/MacOSX12.1.sdk -fasm-blocks -fstrict-aliasing -Wdeprecated-declarations -Wno-sign-conversion -Wno-infinite-recursion -Wno-comma -Wno-block-capture-autoreleasing -Wno-strict-prototypes -Wno-semicolon-before-method-body -I/Users/BrightLand/Envy/OpenCV/CMakeFiles/CMakeTmp/Release/include -I/Users/BrightLand/Envy/OpenCV/CMakeFiles/CMakeTmp/CMAKE_TRY_COMPILE.build/Release/cmTC_0f852.build/DerivedSources-normal/x86_64 -I/Users/BrightLand/Envy/OpenCV/CMakeFiles/CMakeTmp/CMAKE_TRY_COMPILE.build/Release/cmTC_0f852.build/DerivedSources/x86_64 -I/Users/BrightLand/Envy/OpenCV/CMakeFiles/CMakeTmp/CMAKE_TRY_COMPILE.build/Release/cmTC_0f852.build/DerivedSources -F/Users/BrightLand/Envy/OpenCV/CMakeFiles/CMakeTmp/Release -fsigned-char -W -Wall -Wreturn-type -Wnon-virtual-dtor -Waddress -Wsequence-point -Wformat -Wformat-security -Wmissing-declarations -Wmissing-prototypes -Wstrict-prototypes -Wundef -Winit-self -Wpointer-arith -Wshadow -Wsign-promo -Wuninitialized -Wno-delete-non-virtual-dtor -Wno-unnamed-type-template-args -Wno-comment -fdiagnostics-show-option -Wno-long-long -Qunused-arguments -Wno-semicolon-before-method-body -ffunction-sections -fdata-sections -fvisibility\=hidden -fvisibility-inlines-hidden -DCHECK_FUNCTION_EXISTS\=sgemm_ -DNDEBUG -DNDEBUG -fPIE -MMD -MT dependencies -MF /Users/BrightLand/Envy/OpenCV/CMakeFiles/CMakeTmp/CMAKE_TRY_COMPILE.build/Release/cmTC_0f852.build/Objects-normal/x86_64/CheckFunctionExists.d --serialize-diagnostics /Users/BrightLand/Envy/OpenCV/CMakeFiles/CMakeTmp/CMAKE_TRY_COMPILE.build/Release/cmTC_0f852.build/Objects-normal/x86_64/CheckFunctionExists.dia -c /Applications/CMake.app/Contents/share/cmake-3.22/Modules/CheckFunctionExists.c -o /Users/BrightLand/Envy/OpenCV/CMakeFiles/CMakeTmp/CMAKE_TRY_COMPILE.build/Release/cmTC_0f852.build/Objects-normal/x86_64/CheckFunctionExists.o

Ld /Users/BrightLand/Envy/OpenCV/CMakeFiles/CMakeTmp/Release/cmTC_0f852 normal (in target 'cmTC_0f852' from project 'CMAKE_TRY_COMPILE')
    cd /Users/BrightLand/Envy/OpenCV/CMakeFiles/CMakeTmp
    /Applications/Xcode.app/Contents/Developer/Toolchains/XcodeDefault.xctoolchain/usr/bin/clang -target x86_64-apple-macos12.1 -isysroot /Applications/Xcode.app/Contents/Developer/Platforms/MacOSX.platform/Developer/SDKs/MacOSX12.1.sdk -L/Users/BrightLand/Envy/OpenCV/CMakeFiles/CMakeTmp/Release -F/Users/BrightLand/Envy/OpenCV/CMakeFiles/CMakeTmp/Release -filelist /Users/BrightLand/Envy/OpenCV/CMakeFiles/CMakeTmp/CMAKE_TRY_COMPILE.build/Release/cmTC_0f852.build/Objects-normal/x86_64/cmTC_0f852.LinkFileList -Wl,-dead_strip -Wl,-search_paths_first -Wl,-headerpad_max_install_names -Xlinker -dependency_info -Xlinker /Users/BrightLand/Envy/OpenCV/CMakeFiles/CMakeTmp/CMAKE_TRY_COMPILE.build/Release/cmTC_0f852.build/Objects-normal/x86_64/cmTC_0f852_dependency_info.dat -o /Users/BrightLand/Envy/OpenCV/CMakeFiles/CMakeTmp/Release/cmTC_0f852
Undefined symbols for architecture x86_64:
  "_sgemm_", referenced from:
      _main in CheckFunctionExists.o
ld: symbol(s) not found for architecture x86_64
clang: error: linker command failed with exit code 1 (use -v to see invocation)

** BUILD FAILED **


The following build commands failed:
	Ld /Users/BrightLand/Envy/OpenCV/CMakeFiles/CMakeTmp/Release/cmTC_0f852 normal (in target 'cmTC_0f852' from project 'CMAKE_TRY_COMPILE')
(1 failure)



